<?xml version="1.0" encoding="UTF-8"?>
<testsuite xmlns:xsi="http://www.w3.org/2001/XMLSchema-instance" xsi:noNamespaceSchemaLocation="https://maven.apache.org/surefire/maven-failsafe-plugin/xsd/failsafe-test-report-3.0.xsd" version="3.0" name="com.pro.ynov.com.service.MailServiceIT" time="0.774" tests="10" errors="0" skipped="0" failures="0">
  <properties>
[...]
</properties>
  <testcase name="testSendPasswordResetMail" classname="com.pro.ynov.com.service.MailServiceIT" time="0.554"/>
  <testcase name="testCreationEmail" classname="com.pro.ynov.com.service.MailServiceIT" time="0.011"/>
  <testcase name="testSendEmailWithException" classname="com.pro.ynov.com.service.MailServiceIT" time="0.011"/>
  <testcase name="testSendHtmlEmail" classname="com.pro.ynov.com.service.MailServiceIT" time="0.008"/>
  <testcase name="testSendMultipartHtmlEmail" classname="com.pro.ynov.com.service.MailServiceIT" time="0.033"/>
  <testcase name="testSendEmail" classname="com.pro.ynov.com.service.MailServiceIT" time="0.009"/>
  <testcase name="testSendMultipartEmail" classname="com.pro.ynov.com.service.MailServiceIT" time="0.006"/>
  <testcase name="testSendLocalizedEmailForAllSupportedLanguages" classname="com.pro.ynov.com.service.MailServiceIT" time="0.01"/>
  <testcase name="testSendActivationEmail" classname="com.pro.ynov.com.service.MailServiceIT" time="0.009"/>
  <testcase name="testSendEmailFromTemplate" classname="com.pro.ynov.com.service.MailServiceIT" time="0.007"/>
</testsuite>