{"/Users/sarujanrajaratnam/Desktop/Ynov/YNOV_PROJET_BIBLIOTHEQUE_CLEMENCE_SARUJAN/Ynov_TEST_Projet/src/main/webapp/app/app.constants.ts": {"path":"/Users/sarujanrajaratnam/Desktop/Ynov/YNOV_PROJET_BIBLIOTHEQUE_CLEMENCE_SARUJAN/Ynov_TEST_Projet/src/main/webapp/app/app.constants.ts","statementMap":{"0":{"start":{"line":5,"column":13},"end":{"line":5,"column":43}},"1":{"start":{"line":6,"column":13},"end":{"line":6,"column":74}},"2":{"start":{"line":7,"column":13},"end":{"line":7,"column":57}},"3":{"start":{"line":8,"column":13},"end":{"line":8,"column":59}}},"fnMap":{},"branchMap":{},"s":{"0":58,"1":58,"2":58,"3":58},"f":{},"b":{}}
,"/Users/sarujanrajaratnam/Desktop/Ynov/YNOV_PROJET_BIBLIOTHEQUE_CLEMENCE_SARUJAN/Ynov_TEST_Projet/src/main/webapp/app/account/activate/activate.component.html": {"path":"/Users/sarujanrajaratnam/Desktop/Ynov/YNOV_PROJET_BIBLIOTHEQUE_CLEMENCE_SARUJAN/Ynov_TEST_Projet/src/main/webapp/app/account/activate/activate.component.html","statementMap":{"0":{"start":{"line":1,"column":0},"end":{"line":1,"column":803}}},"fnMap":{},"branchMap":{},"s":{"0":1},"f":{},"b":{},"inputSourceMap":null,"_coverageSchema":"1a1c01bbd47fc00a2c39e90264f33305004495a9","hash":"c298b6080b0d40f238481ca647b1d0cdb846ba63"}
,"/Users/sarujanrajaratnam/Desktop/Ynov/YNOV_PROJET_BIBLIOTHEQUE_CLEMENCE_SARUJAN/Ynov_TEST_Projet/src/main/webapp/app/account/activate/activate.component.ts": {"path":"/Users/sarujanrajaratnam/Desktop/Ynov/YNOV_PROJET_BIBLIOTHEQUE_CLEMENCE_SARUJAN/Ynov_TEST_Projet/src/main/webapp/app/account/activate/activate.component.ts","statementMap":{"0":{"start":{"line":1,"column":0},"end":{"line":1,"column":50}},"1":{"start":{"line":2,"column":0},"end":{"line":2,"column":49}},"2":{"start":{"line":3,"column":0},"end":{"line":3,"column":41}},"3":{"start":{"line":5,"column":0},"end":{"line":5,"column":71}},"4":{"start":{"line":6,"column":0},"end":{"line":6,"column":53}},"5":{"start":{"line":12,"column":0},"end":{"line":28,"column":null}},"6":{"start":{"line":16,"column":22},"end":{"line":16,"column":39}},"7":{"start":{"line":16,"column":64},"end":{"line":16,"column":83}},"8":{"start":{"line":16,"column":110},"end":{"line":16,"column":117}},"9":{"start":{"line":13,"column":2},"end":{"line":13,"column":16}},"10":{"start":{"line":14,"column":2},"end":{"line":14,"column":18}},"11":{"start":{"line":19,"column":4},"end":{"line":22,"column":6}},"12":{"start":{"line":19,"column":50},"end":{"line":19,"column":86}},"13":{"start":{"line":20,"column":13},"end":{"line":20,"column":32}},"14":{"start":{"line":21,"column":13},"end":{"line":21,"column":30}},"15":{"start":{"line":26,"column":4},"end":{"line":26,"column":34}},"16":{"start":{"line":12,"column":13},"end":{"line":28,"column":null}},"17":{"start":{"line":12,"column":13},"end":{"line":12,"column":30}}},"fnMap":{"0":{"name":"(anonymous_0)","decl":{"start":{"line":16,"column":2},"end":{"line":16,"column":22}},"loc":{"start":{"line":16,"column":131},"end":{"line":16,"column":135}}},"1":{"name":"(anonymous_1)","decl":{"start":{"line":18,"column":2},"end":{"line":18,"column":10}},"loc":{"start":{"line":18,"column":10},"end":{"line":23,"column":3}}},"2":{"name":"(anonymous_2)","decl":{"start":{"line":19,"column":40},"end":{"line":19,"column":46}},"loc":{"start":{"line":19,"column":50},"end":{"line":19,"column":86}}},"3":{"name":"(anonymous_3)","decl":{"start":{"line":20,"column":6},"end":{"line":20,"column":9}},"loc":{"start":{"line":20,"column":13},"end":{"line":20,"column":32}}},"4":{"name":"(anonymous_4)","decl":{"start":{"line":21,"column":6},"end":{"line":21,"column":9}},"loc":{"start":{"line":21,"column":13},"end":{"line":21,"column":30}}},"5":{"name":"(anonymous_5)","decl":{"start":{"line":25,"column":2},"end":{"line":25,"column":7}},"loc":{"start":{"line":25,"column":7},"end":{"line":27,"column":3}}}},"branchMap":{},"s":{"0":1,"1":1,"2":1,"3":1,"4":1,"5":1,"6":3,"7":3,"8":3,"9":3,"10":3,"11":3,"12":3,"13":1,"14":1,"15":0,"16":1,"17":1},"f":{"0":3,"1":3,"2":3,"3":1,"4":1,"5":0},"b":{}}
,"/Users/sarujanrajaratnam/Desktop/Ynov/YNOV_PROJET_BIBLIOTHEQUE_CLEMENCE_SARUJAN/Ynov_TEST_Projet/src/main/webapp/app/account/activate/activate.service.ts": {"path":"/Users/sarujanrajaratnam/Desktop/Ynov/YNOV_PROJET_BIBLIOTHEQUE_CLEMENCE_SARUJAN/Ynov_TEST_Projet/src/main/webapp/app/account/activate/activate.service.ts","statementMap":{"0":{"start":{"line":1,"column":0},"end":{"line":1,"column":43}},"1":{"start":{"line":2,"column":0},"end":{"line":2,"column":62}},"2":{"start":{"line":5,"column":0},"end":{"line":5,"column":51}},"3":{"start":{"line":8,"column":0},"end":{"line":16,"column":null}},"4":{"start":{"line":9,"column":22},"end":{"line":9,"column":28}},"5":{"start":{"line":12,"column":4},"end":{"line":14,"column":7}},"6":{"start":{"line":8,"column":13},"end":{"line":16,"column":null}},"7":{"start":{"line":8,"column":13},"end":{"line":8,"column":28}}},"fnMap":{"0":{"name":"(anonymous_0)","decl":{"start":{"line":9,"column":2},"end":{"line":9,"column":22}},"loc":{"start":{"line":9,"column":38},"end":{"line":9,"column":42}}},"1":{"name":"(anonymous_1)","decl":{"start":{"line":11,"column":2},"end":{"line":11,"column":5}},"loc":{"start":{"line":11,"column":17},"end":{"line":15,"column":3}}}},"branchMap":{},"s":{"0":1,"1":1,"2":1,"3":1,"4":3,"5":0,"6":1,"7":1},"f":{"0":3,"1":0},"b":{}}
,"/Users/sarujanrajaratnam/Desktop/Ynov/YNOV_PROJET_BIBLIOTHEQUE_CLEMENCE_SARUJAN/Ynov_TEST_Projet/src/main/webapp/app/account/password/password-strength-bar.component.ts": {"path":"/Users/sarujanrajaratnam/Desktop/Ynov/YNOV_PROJET_BIBLIOTHEQUE_CLEMENCE_SARUJAN/Ynov_TEST_Projet/src/main/webapp/app/account/password/password-strength-bar.component.ts","statementMap":{"0":{"start":{"line":1,"column":0},"end":{"line":1,"column":72}},"1":{"start":{"line":17,"column":0},"end":{"line":83,"column":null}},"2":{"start":{"line":20,"column":22},"end":{"line":20,"column":32}},"3":{"start":{"line":20,"column":51},"end":{"line":20,"column":63}},"4":{"start":{"line":18,"column":2},"end":{"line":18,"column":52}},"5":{"start":{"line":23,"column":16},"end":{"line":23,"column":17}},"6":{"start":{"line":24,"column":18},"end":{"line":24,"column":40}},"7":{"start":{"line":25,"column":25},"end":{"line":25,"column":41}},"8":{"start":{"line":26,"column":25},"end":{"line":26,"column":41}},"9":{"start":{"line":27,"column":20},"end":{"line":27,"column":36}},"10":{"start":{"line":28,"column":20},"end":{"line":28,"column":33}},"11":{"start":{"line":30,"column":18},"end":{"line":30,"column":64}},"12":{"start":{"line":31,"column":26},"end":{"line":33,"column":13}},"13":{"start":{"line":32,"column":6},"end":{"line":32,"column":36}},"14":{"start":{"line":35,"column":4},"end":{"line":35,"column":53}},"15":{"start":{"line":36,"column":4},"end":{"line":36,"column":32}},"16":{"start":{"line":39,"column":4},"end":{"line":39,"column":56}},"17":{"start":{"line":42,"column":4},"end":{"line":42,"column":62}},"18":{"start":{"line":43,"column":4},"end":{"line":43,"column":62}},"19":{"start":{"line":44,"column":4},"end":{"line":44,"column":62}},"20":{"start":{"line":46,"column":4},"end":{"line":46,"column":17}},"21":{"start":{"line":50,"column":14},"end":{"line":50,"column":15}},"22":{"start":{"line":51,"column":4},"end":{"line":61,"column":null}},"23":{"start":{"line":52,"column":6},"end":{"line":52,"column":14}},"24":{"start":{"line":53,"column":11},"end":{"line":61,"column":null}},"25":{"start":{"line":54,"column":6},"end":{"line":54,"column":14}},"26":{"start":{"line":55,"column":11},"end":{"line":61,"column":null}},"27":{"start":{"line":56,"column":6},"end":{"line":56,"column":14}},"28":{"start":{"line":57,"column":11},"end":{"line":61,"column":null}},"29":{"start":{"line":58,"column":6},"end":{"line":58,"column":14}},"30":{"start":{"line":60,"column":6},"end":{"line":60,"column":14}},"31":{"start":{"line":62,"column":4},"end":{"line":62,"column":53}},"32":{"start":{"line":67,"column":4},"end":{"line":81,"column":null}},"33":{"start":{"line":68,"column":16},"end":{"line":68,"column":61}},"34":{"start":{"line":69,"column":22},"end":{"line":69,"column":51}},"35":{"start":{"line":70,"column":6},"end":{"line":72,"column":null}},"36":{"start":{"line":71,"column":8},"end":{"line":71,"column":62}},"37":{"start":{"line":73,"column":18},"end":{"line":73,"column":52}},"38":{"start":{"line":74,"column":6},"end":{"line":80,"column":null}},"39":{"start":{"line":74,"column":19},"end":{"line":74,"column":20}},"40":{"start":{"line":75,"column":8},"end":{"line":79,"column":null}},"41":{"start":{"line":76,"column":10},"end":{"line":76,"column":69}},"42":{"start":{"line":78,"column":10},"end":{"line":78,"column":68}},"43":{"start":{"line":66,"column":2},"end":{"line":82,"column":null}},"44":{"start":{"line":17,"column":13},"end":{"line":83,"column":null}},"45":{"start":{"line":17,"column":13},"end":{"line":17,"column":41}}},"fnMap":{"0":{"name":"(anonymous_0)","decl":{"start":{"line":20,"column":2},"end":{"line":20,"column":22}},"loc":{"start":{"line":20,"column":73},"end":{"line":20,"column":77}}},"1":{"name":"(anonymous_1)","decl":{"start":{"line":22,"column":2},"end":{"line":22,"column":17}},"loc":{"start":{"line":22,"column":27},"end":{"line":47,"column":3}}},"2":{"name":"(anonymous_2)","decl":{"start":{"line":31,"column":39},"end":{"line":31,"column":40}},"loc":{"start":{"line":31,"column":66},"end":{"line":33,"column":5}}},"3":{"name":"(anonymous_3)","decl":{"start":{"line":49,"column":2},"end":{"line":49,"column":10}},"loc":{"start":{"line":49,"column":20},"end":{"line":63,"column":3}}},"4":{"name":"(anonymous_4)","decl":{"start":{"line":66,"column":2},"end":{"line":66,"column":6}},"loc":{"start":{"line":66,"column":38},"end":{"line":82,"column":3}}}},"branchMap":{"0":{"loc":{"start":{"line":35,"column":46},"end":{"line":35,"column":47}},"type":"cond-expr","locations":[{"start":{"line":35,"column":46},"end":{"line":35,"column":47}},{"start":{"line":35,"column":50},"end":{"line":35,"column":51}}]},"1":{"loc":{"start":{"line":39,"column":28},"end":{"line":39,"column":47}},"type":"cond-expr","locations":[{"start":{"line":39,"column":28},"end":{"line":39,"column":47}},{"start":{"line":39,"column":50},"end":{"line":39,"column":55}}]},"2":{"loc":{"start":{"line":42,"column":34},"end":{"line":42,"column":53}},"type":"cond-expr","locations":[{"start":{"line":42,"column":34},"end":{"line":42,"column":53}},{"start":{"line":42,"column":56},"end":{"line":42,"column":61}}]},"3":{"loc":{"start":{"line":43,"column":34},"end":{"line":43,"column":53}},"type":"cond-expr","locations":[{"start":{"line":43,"column":34},"end":{"line":43,"column":53}},{"start":{"line":43,"column":56},"end":{"line":43,"column":61}}]},"4":{"loc":{"start":{"line":44,"column":34},"end":{"line":44,"column":53}},"type":"cond-expr","locations":[{"start":{"line":44,"column":34},"end":{"line":44,"column":53}},{"start":{"line":44,"column":56},"end":{"line":44,"column":61}}]},"5":{"loc":{"start":{"line":51,"column":4},"end":{"line":61,"column":null}},"type":"if","locations":[{"start":{"line":51,"column":4},"end":{"line":61,"column":null}},{"start":{"line":51,"column":4},"end":{"line":61,"column":null}}]},"6":{"loc":{"start":{"line":53,"column":11},"end":{"line":61,"column":null}},"type":"if","locations":[{"start":{"line":53,"column":11},"end":{"line":61,"column":null}},{"start":{"line":53,"column":11},"end":{"line":61,"column":null}}]},"7":{"loc":{"start":{"line":55,"column":11},"end":{"line":61,"column":null}},"type":"if","locations":[{"start":{"line":55,"column":11},"end":{"line":61,"column":null}},{"start":{"line":55,"column":11},"end":{"line":61,"column":null}}]},"8":{"loc":{"start":{"line":57,"column":11},"end":{"line":61,"column":null}},"type":"if","locations":[{"start":{"line":57,"column":11},"end":{"line":61,"column":null}},{"start":{"line":57,"column":11},"end":{"line":61,"column":null}}]},"9":{"loc":{"start":{"line":67,"column":4},"end":{"line":81,"column":null}},"type":"if","locations":[{"start":{"line":67,"column":4},"end":{"line":81,"column":null}},{"start":{"line":67,"column":4},"end":{"line":81,"column":null}}]},"10":{"loc":{"start":{"line":70,"column":6},"end":{"line":72,"column":null}},"type":"if","locations":[{"start":{"line":70,"column":6},"end":{"line":72,"column":null}},{"start":{"line":70,"column":6},"end":{"line":72,"column":null}}]},"11":{"loc":{"start":{"line":75,"column":8},"end":{"line":79,"column":null}},"type":"if","locations":[{"start":{"line":75,"column":8},"end":{"line":79,"column":null}},{"start":{"line":75,"column":8},"end":{"line":79,"column":null}}]}},"s":{"0":1,"1":1,"2":3,"3":3,"4":3,"5":10,"6":10,"7":10,"8":10,"9":10,"10":10,"11":10,"12":10,"13":40,"14":10,"15":10,"16":10,"17":10,"18":10,"19":10,"20":10,"21":7,"22":7,"23":3,"24":4,"25":1,"26":3,"27":1,"28":2,"29":1,"30":1,"31":7,"32":0,"33":0,"34":0,"35":0,"36":0,"37":0,"38":0,"39":0,"40":0,"41":0,"42":0,"43":1,"44":1,"45":1},"f":{"0":3,"1":10,"2":40,"3":7,"4":0},"b":{"0":[1,9],"1":[7,3],"2":[2,8],"3":[0,10],"4":[2,8],"5":[3,4],"6":[1,3],"7":[1,2],"8":[1,1],"9":[0,0],"10":[0,0],"11":[0,0]}}
,"/Users/sarujanrajaratnam/Desktop/Ynov/YNOV_PROJET_BIBLIOTHEQUE_CLEMENCE_SARUJAN/Ynov_TEST_Projet/src/main/webapp/app/account/password/password.component.html": {"path":"/Users/sarujanrajaratnam/Desktop/Ynov/YNOV_PROJET_BIBLIOTHEQUE_CLEMENCE_SARUJAN/Ynov_TEST_Projet/src/main/webapp/app/account/password/password.component.html","statementMap":{"0":{"start":{"line":1,"column":0},"end":{"line":1,"column":6085}}},"fnMap":{},"branchMap":{},"s":{"0":1},"f":{},"b":{},"inputSourceMap":null,"_coverageSchema":"1a1c01bbd47fc00a2c39e90264f33305004495a9","hash":"0b59c7c1de43e255b384a3ea1a4f04c7668a90c7"}
,"/Users/sarujanrajaratnam/Desktop/Ynov/YNOV_PROJET_BIBLIOTHEQUE_CLEMENCE_SARUJAN/Ynov_TEST_Projet/src/main/webapp/app/account/password/password.component.ts": {"path":"/Users/sarujanrajaratnam/Desktop/Ynov/YNOV_PROJET_BIBLIOTHEQUE_CLEMENCE_SARUJAN/Ynov_TEST_Projet/src/main/webapp/app/account/password/password.component.ts","statementMap":{"0":{"start":{"line":1,"column":0},"end":{"line":1,"column":50}},"1":{"start":{"line":2,"column":0},"end":{"line":2,"column":57}},"2":{"start":{"line":5,"column":0},"end":{"line":5,"column":63}},"3":{"start":{"line":7,"column":0},"end":{"line":7,"column":53}},"4":{"start":{"line":13,"column":0},"end":{"line":45,"column":null}},"5":{"start":{"line":24,"column":22},"end":{"line":24,"column":39}},"6":{"start":{"line":24,"column":64},"end":{"line":24,"column":80}},"7":{"start":{"line":24,"column":104},"end":{"line":24,"column":108}},"8":{"start":{"line":14,"column":2},"end":{"line":14,"column":21}},"9":{"start":{"line":15,"column":2},"end":{"line":15,"column":16}},"10":{"start":{"line":16,"column":2},"end":{"line":16,"column":18}},"11":{"start":{"line":18,"column":2},"end":{"line":22,"column":5}},"12":{"start":{"line":27,"column":4},"end":{"line":27,"column":51}},"13":{"start":{"line":31,"column":4},"end":{"line":31,"column":23}},"14":{"start":{"line":32,"column":4},"end":{"line":32,"column":25}},"15":{"start":{"line":33,"column":4},"end":{"line":33,"column":28}},"16":{"start":{"line":35,"column":24},"end":{"line":35,"column":69}},"17":{"start":{"line":36,"column":4},"end":{"line":43,"column":null}},"18":{"start":{"line":37,"column":6},"end":{"line":37,"column":29}},"19":{"start":{"line":39,"column":6},"end":{"line":42,"column":8}},"20":{"start":{"line":40,"column":15},"end":{"line":40,"column":34}},"21":{"start":{"line":41,"column":15},"end":{"line":41,"column":32}},"22":{"start":{"line":13,"column":13},"end":{"line":45,"column":null}},"23":{"start":{"line":13,"column":13},"end":{"line":13,"column":30}}},"fnMap":{"0":{"name":"(anonymous_0)","decl":{"start":{"line":24,"column":2},"end":{"line":24,"column":22}},"loc":{"start":{"line":24,"column":119},"end":{"line":24,"column":123}}},"1":{"name":"(anonymous_1)","decl":{"start":{"line":26,"column":2},"end":{"line":26,"column":10}},"loc":{"start":{"line":26,"column":10},"end":{"line":28,"column":3}}},"2":{"name":"(anonymous_2)","decl":{"start":{"line":30,"column":2},"end":{"line":30,"column":16}},"loc":{"start":{"line":30,"column":16},"end":{"line":44,"column":3}}},"3":{"name":"(anonymous_3)","decl":{"start":{"line":40,"column":8},"end":{"line":40,"column":11}},"loc":{"start":{"line":40,"column":15},"end":{"line":40,"column":34}}},"4":{"name":"(anonymous_4)","decl":{"start":{"line":41,"column":8},"end":{"line":41,"column":11}},"loc":{"start":{"line":41,"column":15},"end":{"line":41,"column":32}}}},"branchMap":{"0":{"loc":{"start":{"line":36,"column":4},"end":{"line":43,"column":null}},"type":"if","locations":[{"start":{"line":36,"column":4},"end":{"line":43,"column":null}},{"start":{"line":36,"column":4},"end":{"line":43,"column":null}}]}},"s":{"0":1,"1":1,"2":1,"3":1,"4":1,"5":4,"6":4,"7":4,"8":4,"9":4,"10":4,"11":4,"12":0,"13":4,"14":4,"15":4,"16":4,"17":4,"18":1,"19":3,"20":2,"21":1,"22":1,"23":1},"f":{"0":4,"1":0,"2":4,"3":2,"4":1},"b":{"0":[1,3]}}
,"/Users/sarujanrajaratnam/Desktop/Ynov/YNOV_PROJET_BIBLIOTHEQUE_CLEMENCE_SARUJAN/Ynov_TEST_Projet/src/main/webapp/app/account/password/password.service.ts": {"path":"/Users/sarujanrajaratnam/Desktop/Ynov/YNOV_PROJET_BIBLIOTHEQUE_CLEMENCE_SARUJAN/Ynov_TEST_Projet/src/main/webapp/app/account/password/password.service.ts","statementMap":{"0":{"start":{"line":1,"column":0},"end":{"line":1,"column":43}},"1":{"start":{"line":2,"column":0},"end":{"line":2,"column":50}},"2":{"start":{"line":5,"column":0},"end":{"line":5,"column":51}},"3":{"start":{"line":8,"column":0},"end":{"line":14,"column":null}},"4":{"start":{"line":9,"column":22},"end":{"line":9,"column":28}},"5":{"start":{"line":12,"column":4},"end":{"line":12,"column":108}},"6":{"start":{"line":8,"column":13},"end":{"line":14,"column":null}},"7":{"start":{"line":8,"column":13},"end":{"line":8,"column":28}}},"fnMap":{"0":{"name":"(anonymous_0)","decl":{"start":{"line":9,"column":2},"end":{"line":9,"column":22}},"loc":{"start":{"line":9,"column":38},"end":{"line":9,"column":42}}},"1":{"name":"(anonymous_1)","decl":{"start":{"line":11,"column":2},"end":{"line":11,"column":6}},"loc":{"start":{"line":11,"column":51},"end":{"line":13,"column":3}}}},"branchMap":{},"s":{"0":1,"1":1,"2":1,"3":1,"4":4,"5":0,"6":1,"7":1},"f":{"0":4,"1":0},"b":{}}
,"/Users/sarujanrajaratnam/Desktop/Ynov/YNOV_PROJET_BIBLIOTHEQUE_CLEMENCE_SARUJAN/Ynov_TEST_Projet/src/main/webapp/app/account/password-reset/finish/password-reset-finish.component.html": {"path":"/Users/sarujanrajaratnam/Desktop/Ynov/YNOV_PROJET_BIBLIOTHEQUE_CLEMENCE_SARUJAN/Ynov_TEST_Projet/src/main/webapp/app/account/password-reset/finish/password-reset-finish.component.html","statementMap":{"0":{"start":{"line":1,"column":0},"end":{"line":1,"column":5796}}},"fnMap":{},"branchMap":{},"s":{"0":1},"f":{},"b":{},"inputSourceMap":null,"_coverageSchema":"1a1c01bbd47fc00a2c39e90264f33305004495a9","hash":"b80ca0242ab2f1a7ca69aa9d88b3a2433d3da977"}
,"/Users/sarujanrajaratnam/Desktop/Ynov/YNOV_PROJET_BIBLIOTHEQUE_CLEMENCE_SARUJAN/Ynov_TEST_Projet/src/main/webapp/app/account/password-reset/finish/password-reset-finish.component.ts": {"path":"/Users/sarujanrajaratnam/Desktop/Ynov/YNOV_PROJET_BIBLIOTHEQUE_CLEMENCE_SARUJAN/Ynov_TEST_Projet/src/main/webapp/app/account/password-reset/finish/password-reset-finish.component.ts","statementMap":{"0":{"start":{"line":1,"column":0},"end":{"line":1,"column":88}},"1":{"start":{"line":2,"column":0},"end":{"line":2,"column":57}},"2":{"start":{"line":3,"column":0},"end":{"line":3,"column":49}},"3":{"start":{"line":5,"column":0},"end":{"line":5,"column":71}},"4":{"start":{"line":6,"column":0},"end":{"line":6,"column":77}},"5":{"start":{"line":12,"column":0},"end":{"line":69,"column":null}},"6":{"start":{"line":28,"column":12},"end":{"line":28,"column":40}},"7":{"start":{"line":29,"column":12},"end":{"line":29,"column":31}},"8":{"start":{"line":30,"column":12},"end":{"line":30,"column":19}},"9":{"start":{"line":31,"column":12},"end":{"line":31,"column":16}},"10":{"start":{"line":16,"column":2},"end":{"line":16,"column":22}},"11":{"start":{"line":17,"column":2},"end":{"line":17,"column":21}},"12":{"start":{"line":18,"column":2},"end":{"line":18,"column":16}},"13":{"start":{"line":19,"column":2},"end":{"line":19,"column":18}},"14":{"start":{"line":20,"column":2},"end":{"line":20,"column":11}},"15":{"start":{"line":22,"column":2},"end":{"line":25,"column":5}},"16":{"start":{"line":35,"column":4},"end":{"line":40,"column":7}},"17":{"start":{"line":36,"column":6},"end":{"line":38,"column":null}},"18":{"start":{"line":37,"column":8},"end":{"line":37,"column":33}},"19":{"start":{"line":39,"column":6},"end":{"line":39,"column":30}},"20":{"start":{"line":44,"column":4},"end":{"line":46,"column":null}},"21":{"start":{"line":45,"column":6},"end":{"line":45,"column":45}},"22":{"start":{"line":50,"column":4},"end":{"line":50,"column":28}},"23":{"start":{"line":51,"column":4},"end":{"line":51,"column":23}},"24":{"start":{"line":53,"column":24},"end":{"line":53,"column":69}},"25":{"start":{"line":54,"column":28},"end":{"line":54,"column":77}},"26":{"start":{"line":56,"column":4},"end":{"line":63,"column":null}},"27":{"start":{"line":57,"column":6},"end":{"line":57,"column":29}},"28":{"start":{"line":59,"column":6},"end":{"line":62,"column":8}},"29":{"start":{"line":60,"column":15},"end":{"line":60,"column":34}},"30":{"start":{"line":61,"column":15},"end":{"line":61,"column":32}},"31":{"start":{"line":67,"column":4},"end":{"line":67,"column":34}},"32":{"start":{"line":14,"column":2},"end":{"line":14,"column":null}},"33":{"start":{"line":12,"column":13},"end":{"line":69,"column":null}},"34":{"start":{"line":12,"column":13},"end":{"line":12,"column":41}}},"fnMap":{"0":{"name":"(anonymous_0)","decl":{"start":{"line":27,"column":2},"end":{"line":27,"column":null}},"loc":{"start":{"line":31,"column":27},"end":{"line":32,"column":6}}},"1":{"name":"(anonymous_1)","decl":{"start":{"line":34,"column":2},"end":{"line":34,"column":10}},"loc":{"start":{"line":34,"column":10},"end":{"line":41,"column":3}}},"2":{"name":"(anonymous_2)","decl":{"start":{"line":35,"column":37},"end":{"line":35,"column":43}},"loc":{"start":{"line":35,"column":46},"end":{"line":40,"column":5}}},"3":{"name":"(anonymous_3)","decl":{"start":{"line":43,"column":2},"end":{"line":43,"column":17}},"loc":{"start":{"line":43,"column":17},"end":{"line":47,"column":3}}},"4":{"name":"(anonymous_4)","decl":{"start":{"line":49,"column":2},"end":{"line":49,"column":13}},"loc":{"start":{"line":49,"column":13},"end":{"line":64,"column":3}}},"5":{"name":"(anonymous_5)","decl":{"start":{"line":60,"column":8},"end":{"line":60,"column":11}},"loc":{"start":{"line":60,"column":15},"end":{"line":60,"column":34}}},"6":{"name":"(anonymous_6)","decl":{"start":{"line":61,"column":8},"end":{"line":61,"column":11}},"loc":{"start":{"line":61,"column":15},"end":{"line":61,"column":32}}},"7":{"name":"(anonymous_7)","decl":{"start":{"line":66,"column":2},"end":{"line":66,"column":7}},"loc":{"start":{"line":66,"column":7},"end":{"line":68,"column":3}}}},"branchMap":{"0":{"loc":{"start":{"line":36,"column":6},"end":{"line":38,"column":null}},"type":"if","locations":[{"start":{"line":36,"column":6},"end":{"line":38,"column":null}},{"start":{"line":36,"column":6},"end":{"line":38,"column":null}}]},"1":{"loc":{"start":{"line":44,"column":4},"end":{"line":46,"column":null}},"type":"if","locations":[{"start":{"line":44,"column":4},"end":{"line":46,"column":null}},{"start":{"line":44,"column":4},"end":{"line":46,"column":null}}]},"2":{"loc":{"start":{"line":56,"column":4},"end":{"line":63,"column":null}},"type":"if","locations":[{"start":{"line":56,"column":4},"end":{"line":63,"column":null}},{"start":{"line":56,"column":4},"end":{"line":63,"column":null}}]}},"s":{"0":1,"1":1,"2":1,"3":1,"4":1,"5":1,"6":10,"7":10,"8":10,"9":10,"10":10,"11":10,"12":10,"13":10,"14":10,"15":10,"16":5,"17":5,"18":5,"19":5,"20":1,"21":1,"22":3,"23":3,"24":3,"25":3,"26":3,"27":1,"28":2,"29":1,"30":1,"31":0,"32":1,"33":1,"34":1},"f":{"0":10,"1":5,"2":5,"3":1,"4":3,"5":1,"6":1,"7":0},"b":{"0":[5,0],"1":[1,0],"2":[1,2]}}
,"/Users/sarujanrajaratnam/Desktop/Ynov/YNOV_PROJET_BIBLIOTHEQUE_CLEMENCE_SARUJAN/Ynov_TEST_Projet/src/main/webapp/app/account/password-reset/finish/password-reset-finish.service.ts": {"path":"/Users/sarujanrajaratnam/Desktop/Ynov/YNOV_PROJET_BIBLIOTHEQUE_CLEMENCE_SARUJAN/Ynov_TEST_Projet/src/main/webapp/app/account/password-reset/finish/password-reset-finish.service.ts","statementMap":{"0":{"start":{"line":1,"column":0},"end":{"line":1,"column":43}},"1":{"start":{"line":2,"column":0},"end":{"line":2,"column":50}},"2":{"start":{"line":5,"column":0},"end":{"line":5,"column":51}},"3":{"start":{"line":8,"column":0},"end":{"line":14,"column":null}},"4":{"start":{"line":9,"column":22},"end":{"line":9,"column":28}},"5":{"start":{"line":12,"column":4},"end":{"line":12,"column":102}},"6":{"start":{"line":8,"column":13},"end":{"line":14,"column":null}},"7":{"start":{"line":8,"column":13},"end":{"line":8,"column":39}}},"fnMap":{"0":{"name":"(anonymous_0)","decl":{"start":{"line":9,"column":2},"end":{"line":9,"column":22}},"loc":{"start":{"line":9,"column":38},"end":{"line":9,"column":42}}},"1":{"name":"(anonymous_1)","decl":{"start":{"line":11,"column":2},"end":{"line":11,"column":6}},"loc":{"start":{"line":11,"column":39},"end":{"line":13,"column":3}}}},"branchMap":{},"s":{"0":1,"1":1,"2":1,"3":1,"4":5,"5":0,"6":1,"7":1},"f":{"0":5,"1":0},"b":{}}
,"/Users/sarujanrajaratnam/Desktop/Ynov/YNOV_PROJET_BIBLIOTHEQUE_CLEMENCE_SARUJAN/Ynov_TEST_Projet/src/main/webapp/app/account/password-reset/init/password-reset-init.component.html": {"path":"/Users/sarujanrajaratnam/Desktop/Ynov/YNOV_PROJET_BIBLIOTHEQUE_CLEMENCE_SARUJAN/Ynov_TEST_Projet/src/main/webapp/app/account/password-reset/init/password-reset-init.component.html","statementMap":{"0":{"start":{"line":1,"column":0},"end":{"line":1,"column":3019}}},"fnMap":{},"branchMap":{},"s":{"0":1},"f":{},"b":{},"inputSourceMap":null,"_coverageSchema":"1a1c01bbd47fc00a2c39e90264f33305004495a9","hash":"b2d9c59294dc99cd049fadfd1ab155f2a29275ef"}
,"/Users/sarujanrajaratnam/Desktop/Ynov/YNOV_PROJET_BIBLIOTHEQUE_CLEMENCE_SARUJAN/Ynov_TEST_Projet/src/main/webapp/app/account/password-reset/init/password-reset-init.component.ts": {"path":"/Users/sarujanrajaratnam/Desktop/Ynov/YNOV_PROJET_BIBLIOTHEQUE_CLEMENCE_SARUJAN/Ynov_TEST_Projet/src/main/webapp/app/account/password-reset/init/password-reset-init.component.ts","statementMap":{"0":{"start":{"line":1,"column":0},"end":{"line":1,"column":80}},"1":{"start":{"line":2,"column":0},"end":{"line":2,"column":57}},"2":{"start":{"line":4,"column":0},"end":{"line":4,"column":73}},"3":{"start":{"line":10,"column":0},"end":{"line":30,"column":null}},"4":{"start":{"line":19,"column":22},"end":{"line":19,"column":48}},"5":{"start":{"line":19,"column":82},"end":{"line":19,"column":86}},"6":{"start":{"line":14,"column":2},"end":{"line":14,"column":18}},"7":{"start":{"line":15,"column":2},"end":{"line":17,"column":5}},"8":{"start":{"line":22,"column":4},"end":{"line":24,"column":null}},"9":{"start":{"line":23,"column":6},"end":{"line":23,"column":39}},"10":{"start":{"line":28,"column":4},"end":{"line":28,"column":123}},"11":{"start":{"line":28,"column":101},"end":{"line":28,"column":120}},"12":{"start":{"line":12,"column":2},"end":{"line":12,"column":null}},"13":{"start":{"line":10,"column":13},"end":{"line":30,"column":null}},"14":{"start":{"line":10,"column":13},"end":{"line":10,"column":39}}},"fnMap":{"0":{"name":"(anonymous_0)","decl":{"start":{"line":19,"column":2},"end":{"line":19,"column":22}},"loc":{"start":{"line":19,"column":97},"end":{"line":19,"column":101}}},"1":{"name":"(anonymous_1)","decl":{"start":{"line":21,"column":2},"end":{"line":21,"column":17}},"loc":{"start":{"line":21,"column":17},"end":{"line":25,"column":3}}},"2":{"name":"(anonymous_2)","decl":{"start":{"line":27,"column":2},"end":{"line":27,"column":14}},"loc":{"start":{"line":27,"column":14},"end":{"line":29,"column":3}}},"3":{"name":"(anonymous_3)","decl":{"start":{"line":28,"column":94},"end":{"line":28,"column":97}},"loc":{"start":{"line":28,"column":101},"end":{"line":28,"column":120}}}},"branchMap":{"0":{"loc":{"start":{"line":22,"column":4},"end":{"line":24,"column":null}},"type":"if","locations":[{"start":{"line":22,"column":4},"end":{"line":24,"column":null}},{"start":{"line":22,"column":4},"end":{"line":24,"column":null}}]}},"s":{"0":1,"1":1,"2":1,"3":1,"4":3,"5":3,"6":3,"7":3,"8":1,"9":1,"10":2,"11":1,"12":1,"13":1,"14":1},"f":{"0":3,"1":1,"2":2,"3":1},"b":{"0":[1,0]}}
,"/Users/sarujanrajaratnam/Desktop/Ynov/YNOV_PROJET_BIBLIOTHEQUE_CLEMENCE_SARUJAN/Ynov_TEST_Projet/src/main/webapp/app/account/password-reset/init/password-reset-init.service.ts": {"path":"/Users/sarujanrajaratnam/Desktop/Ynov/YNOV_PROJET_BIBLIOTHEQUE_CLEMENCE_SARUJAN/Ynov_TEST_Projet/src/main/webapp/app/account/password-reset/init/password-reset-init.service.ts","statementMap":{"0":{"start":{"line":1,"column":0},"end":{"line":1,"column":43}},"1":{"start":{"line":2,"column":0},"end":{"line":2,"column":50}},"2":{"start":{"line":5,"column":0},"end":{"line":5,"column":51}},"3":{"start":{"line":8,"column":0},"end":{"line":14,"column":null}},"4":{"start":{"line":9,"column":22},"end":{"line":9,"column":28}},"5":{"start":{"line":12,"column":4},"end":{"line":12,"column":84}},"6":{"start":{"line":8,"column":13},"end":{"line":14,"column":null}},"7":{"start":{"line":8,"column":13},"end":{"line":8,"column":37}}},"fnMap":{"0":{"name":"(anonymous_0)","decl":{"start":{"line":9,"column":2},"end":{"line":9,"column":22}},"loc":{"start":{"line":9,"column":38},"end":{"line":9,"column":42}}},"1":{"name":"(anonymous_1)","decl":{"start":{"line":11,"column":2},"end":{"line":11,"column":6}},"loc":{"start":{"line":11,"column":19},"end":{"line":13,"column":3}}}},"branchMap":{},"s":{"0":1,"1":1,"2":1,"3":1,"4":3,"5":0,"6":1,"7":1},"f":{"0":3,"1":0},"b":{}}
,"/Users/sarujanrajaratnam/Desktop/Ynov/YNOV_PROJET_BIBLIOTHEQUE_CLEMENCE_SARUJAN/Ynov_TEST_Projet/src/main/webapp/app/account/register/register.component.html": {"path":"/Users/sarujanrajaratnam/Desktop/Ynov/YNOV_PROJET_BIBLIOTHEQUE_CLEMENCE_SARUJAN/Ynov_TEST_Projet/src/main/webapp/app/account/register/register.component.html","statementMap":{"0":{"start":{"line":1,"column":0},"end":{"line":1,"column":9951}}},"fnMap":{},"branchMap":{},"s":{"0":1},"f":{},"b":{},"inputSourceMap":null,"_coverageSchema":"1a1c01bbd47fc00a2c39e90264f33305004495a9","hash":"52af7edfeecbeda274c06bf23d756a61c7353a90"}
,"/Users/sarujanrajaratnam/Desktop/Ynov/YNOV_PROJET_BIBLIOTHEQUE_CLEMENCE_SARUJAN/Ynov_TEST_Projet/src/main/webapp/app/account/register/register.component.ts": {"path":"/Users/sarujanrajaratnam/Desktop/Ynov/YNOV_PROJET_BIBLIOTHEQUE_CLEMENCE_SARUJAN/Ynov_TEST_Projet/src/main/webapp/app/account/register/register.component.ts","statementMap":{"0":{"start":{"line":1,"column":0},"end":{"line":1,"column":80}},"1":{"start":{"line":3,"column":0},"end":{"line":3,"column":57}},"2":{"start":{"line":4,"column":0},"end":{"line":4,"column":49}},"3":{"start":{"line":6,"column":0},"end":{"line":6,"column":104}},"4":{"start":{"line":7,"column":0},"end":{"line":7,"column":71}},"5":{"start":{"line":8,"column":0},"end":{"line":8,"column":53}},"6":{"start":{"line":14,"column":0},"end":{"line":84,"column":null}},"7":{"start":{"line":40,"column":12},"end":{"line":40,"column":29}},"8":{"start":{"line":41,"column":12},"end":{"line":41,"column":31}},"9":{"start":{"line":42,"column":12},"end":{"line":42,"column":29}},"10":{"start":{"line":43,"column":12},"end":{"line":43,"column":16}},"11":{"start":{"line":18,"column":2},"end":{"line":18,"column":21}},"12":{"start":{"line":19,"column":2},"end":{"line":19,"column":16}},"13":{"start":{"line":20,"column":2},"end":{"line":20,"column":27}},"14":{"start":{"line":21,"column":2},"end":{"line":21,"column":26}},"15":{"start":{"line":22,"column":2},"end":{"line":22,"column":18}},"16":{"start":{"line":24,"column":2},"end":{"line":37,"column":5}},"17":{"start":{"line":47,"column":4},"end":{"line":49,"column":null}},"18":{"start":{"line":48,"column":6},"end":{"line":48,"column":39}},"19":{"start":{"line":53,"column":4},"end":{"line":53,"column":28}},"20":{"start":{"line":54,"column":4},"end":{"line":54,"column":23}},"21":{"start":{"line":55,"column":4},"end":{"line":55,"column":34}},"22":{"start":{"line":56,"column":4},"end":{"line":56,"column":33}},"23":{"start":{"line":58,"column":21},"end":{"line":58,"column":63}},"24":{"start":{"line":59,"column":4},"end":{"line":68,"column":null}},"25":{"start":{"line":60,"column":6},"end":{"line":60,"column":29}},"26":{"start":{"line":62,"column":20},"end":{"line":62,"column":59}},"27":{"start":{"line":63,"column":20},"end":{"line":63,"column":59}},"28":{"start":{"line":64,"column":6},"end":{"line":67,"column":8}},"29":{"start":{"line":65,"column":15},"end":{"line":65,"column":34}},"30":{"start":{"line":66,"column":20},"end":{"line":66,"column":47}},"31":{"start":{"line":72,"column":4},"end":{"line":72,"column":34}},"32":{"start":{"line":76,"column":4},"end":{"line":82,"column":null}},"33":{"start":{"line":77,"column":6},"end":{"line":77,"column":34}},"34":{"start":{"line":78,"column":11},"end":{"line":82,"column":null}},"35":{"start":{"line":79,"column":6},"end":{"line":79,"column":35}},"36":{"start":{"line":81,"column":6},"end":{"line":81,"column":24}},"37":{"start":{"line":16,"column":2},"end":{"line":16,"column":null}},"38":{"start":{"line":14,"column":13},"end":{"line":84,"column":null}},"39":{"start":{"line":14,"column":13},"end":{"line":14,"column":30}}},"fnMap":{"0":{"name":"(anonymous_0)","decl":{"start":{"line":39,"column":2},"end":{"line":39,"column":null}},"loc":{"start":{"line":43,"column":27},"end":{"line":44,"column":6}}},"1":{"name":"(anonymous_1)","decl":{"start":{"line":46,"column":2},"end":{"line":46,"column":17}},"loc":{"start":{"line":46,"column":17},"end":{"line":50,"column":3}}},"2":{"name":"(anonymous_2)","decl":{"start":{"line":52,"column":2},"end":{"line":52,"column":10}},"loc":{"start":{"line":52,"column":10},"end":{"line":69,"column":3}}},"3":{"name":"(anonymous_3)","decl":{"start":{"line":65,"column":8},"end":{"line":65,"column":11}},"loc":{"start":{"line":65,"column":15},"end":{"line":65,"column":34}}},"4":{"name":"(anonymous_4)","decl":{"start":{"line":66,"column":8},"end":{"line":66,"column":16}},"loc":{"start":{"line":66,"column":20},"end":{"line":66,"column":47}}},"5":{"name":"(anonymous_5)","decl":{"start":{"line":71,"column":2},"end":{"line":71,"column":11}},"loc":{"start":{"line":71,"column":11},"end":{"line":73,"column":3}}},"6":{"name":"(anonymous_6)","decl":{"start":{"line":75,"column":10},"end":{"line":75,"column":22}},"loc":{"start":{"line":75,"column":50},"end":{"line":83,"column":3}}}},"branchMap":{"0":{"loc":{"start":{"line":47,"column":4},"end":{"line":49,"column":null}},"type":"if","locations":[{"start":{"line":47,"column":4},"end":{"line":49,"column":null}},{"start":{"line":47,"column":4},"end":{"line":49,"column":null}}]},"1":{"loc":{"start":{"line":59,"column":4},"end":{"line":68,"column":null}},"type":"if","locations":[{"start":{"line":59,"column":4},"end":{"line":68,"column":null}},{"start":{"line":59,"column":4},"end":{"line":68,"column":null}}]},"2":{"loc":{"start":{"line":76,"column":4},"end":{"line":82,"column":null}},"type":"if","locations":[{"start":{"line":76,"column":4},"end":{"line":82,"column":null}},{"start":{"line":76,"column":4},"end":{"line":82,"column":null}}]},"3":{"loc":{"start":{"line":76,"column":8},"end":{"line":76,"column":31}},"type":"binary-expr","locations":[{"start":{"line":76,"column":8},"end":{"line":76,"column":31}},{"start":{"line":76,"column":35},"end":{"line":76,"column":82}}]},"4":{"loc":{"start":{"line":78,"column":11},"end":{"line":82,"column":null}},"type":"if","locations":[{"start":{"line":78,"column":11},"end":{"line":82,"column":null}},{"start":{"line":78,"column":11},"end":{"line":82,"column":null}}]},"5":{"loc":{"start":{"line":78,"column":15},"end":{"line":78,"column":38}},"type":"binary-expr","locations":[{"start":{"line":78,"column":15},"end":{"line":78,"column":38}},{"start":{"line":78,"column":42},"end":{"line":78,"column":89}}]}},"s":{"0":1,"1":1,"2":1,"3":1,"4":1,"5":1,"6":1,"7":5,"8":5,"9":5,"10":5,"11":5,"12":5,"13":5,"14":5,"15":5,"16":5,"17":0,"18":0,"19":5,"20":5,"21":5,"22":5,"23":5,"24":5,"25":1,"26":4,"27":4,"28":4,"29":1,"30":3,"31":0,"32":3,"33":1,"34":2,"35":1,"36":1,"37":1,"38":1,"39":1},"f":{"0":5,"1":0,"2":5,"3":1,"4":3,"5":0,"6":3},"b":{"0":[0,0],"1":[1,4],"2":[1,2],"3":[3,2],"4":[1,1],"5":[2,1]}}
,"/Users/sarujanrajaratnam/Desktop/Ynov/YNOV_PROJET_BIBLIOTHEQUE_CLEMENCE_SARUJAN/Ynov_TEST_Projet/src/main/webapp/app/account/register/register.service.ts": {"path":"/Users/sarujanrajaratnam/Desktop/Ynov/YNOV_PROJET_BIBLIOTHEQUE_CLEMENCE_SARUJAN/Ynov_TEST_Projet/src/main/webapp/app/account/register/register.service.ts","statementMap":{"0":{"start":{"line":1,"column":0},"end":{"line":1,"column":43}},"1":{"start":{"line":2,"column":0},"end":{"line":2,"column":50}},"2":{"start":{"line":5,"column":0},"end":{"line":5,"column":51}},"3":{"start":{"line":9,"column":0},"end":{"line":15,"column":null}},"4":{"start":{"line":10,"column":22},"end":{"line":10,"column":28}},"5":{"start":{"line":13,"column":4},"end":{"line":13,"column":68}},"6":{"start":{"line":9,"column":13},"end":{"line":15,"column":null}},"7":{"start":{"line":9,"column":13},"end":{"line":9,"column":28}}},"fnMap":{"0":{"name":"(anonymous_0)","decl":{"start":{"line":10,"column":2},"end":{"line":10,"column":22}},"loc":{"start":{"line":10,"column":38},"end":{"line":10,"column":42}}},"1":{"name":"(anonymous_1)","decl":{"start":{"line":12,"column":2},"end":{"line":12,"column":6}},"loc":{"start":{"line":12,"column":21},"end":{"line":14,"column":3}}}},"branchMap":{},"s":{"0":1,"1":1,"2":1,"3":1,"4":5,"5":0,"6":1,"7":1},"f":{"0":5,"1":0},"b":{}}
,"/Users/sarujanrajaratnam/Desktop/Ynov/YNOV_PROJET_BIBLIOTHEQUE_CLEMENCE_SARUJAN/Ynov_TEST_Projet/src/main/webapp/app/account/settings/settings.component.html": {"path":"/Users/sarujanrajaratnam/Desktop/Ynov/YNOV_PROJET_BIBLIOTHEQUE_CLEMENCE_SARUJAN/Ynov_TEST_Projet/src/main/webapp/app/account/settings/settings.component.html","statementMap":{"0":{"start":{"line":1,"column":0},"end":{"line":1,"column":6706}}},"fnMap":{},"branchMap":{},"s":{"0":1},"f":{},"b":{},"inputSourceMap":null,"_coverageSchema":"1a1c01bbd47fc00a2c39e90264f33305004495a9","hash":"32c66cc7ff3568d5decbab9e5152b756c1a2824c"}
,"/Users/sarujanrajaratnam/Desktop/Ynov/YNOV_PROJET_BIBLIOTHEQUE_CLEMENCE_SARUJAN/Ynov_TEST_Projet/src/main/webapp/app/account/settings/settings.component.ts": {"path":"/Users/sarujanrajaratnam/Desktop/Ynov/YNOV_PROJET_BIBLIOTHEQUE_CLEMENCE_SARUJAN/Ynov_TEST_Projet/src/main/webapp/app/account/settings/settings.component.ts","statementMap":{"0":{"start":{"line":1,"column":0},"end":{"line":1,"column":50}},"1":{"start":{"line":2,"column":0},"end":{"line":2,"column":57}},"2":{"start":{"line":3,"column":0},"end":{"line":3,"column":49}},"3":{"start":{"line":5,"column":0},"end":{"line":5,"column":63}},"4":{"start":{"line":7,"column":0},"end":{"line":7,"column":65}},"5":{"start":{"line":13,"column":0},"end":{"line":59,"column":null}},"6":{"start":{"line":24,"column":22},"end":{"line":24,"column":38}},"7":{"start":{"line":24,"column":62},"end":{"line":24,"column":66}},"8":{"start":{"line":24,"column":87},"end":{"line":24,"column":104}},"9":{"start":{"line":15,"column":2},"end":{"line":15,"column":18}},"10":{"start":{"line":16,"column":2},"end":{"line":16,"column":24}},"11":{"start":{"line":17,"column":2},"end":{"line":22,"column":5}},"12":{"start":{"line":27,"column":4},"end":{"line":38,"column":7}},"13":{"start":{"line":28,"column":6},"end":{"line":37,"column":null}},"14":{"start":{"line":29,"column":8},"end":{"line":34,"column":11}},"15":{"start":{"line":36,"column":8},"end":{"line":36,"column":31}},"16":{"start":{"line":42,"column":4},"end":{"line":42,"column":25}},"17":{"start":{"line":44,"column":4},"end":{"line":44,"column":71}},"18":{"start":{"line":45,"column":4},"end":{"line":45,"column":69}},"19":{"start":{"line":46,"column":4},"end":{"line":46,"column":63}},"20":{"start":{"line":47,"column":4},"end":{"line":47,"column":67}},"21":{"start":{"line":49,"column":4},"end":{"line":57,"column":7}},"22":{"start":{"line":50,"column":6},"end":{"line":50,"column":26}},"23":{"start":{"line":52,"column":6},"end":{"line":52,"column":53}},"24":{"start":{"line":54,"column":6},"end":{"line":56,"column":null}},"25":{"start":{"line":55,"column":8},"end":{"line":55,"column":66}},"26":{"start":{"line":13,"column":13},"end":{"line":59,"column":null}},"27":{"start":{"line":13,"column":13},"end":{"line":13,"column":30}}},"fnMap":{"0":{"name":"(anonymous_0)","decl":{"start":{"line":24,"column":2},"end":{"line":24,"column":22}},"loc":{"start":{"line":24,"column":122},"end":{"line":24,"column":126}}},"1":{"name":"(anonymous_1)","decl":{"start":{"line":26,"column":2},"end":{"line":26,"column":10}},"loc":{"start":{"line":26,"column":10},"end":{"line":39,"column":3}}},"2":{"name":"(anonymous_2)","decl":{"start":{"line":27,"column":45},"end":{"line":27,"column":52}},"loc":{"start":{"line":27,"column":55},"end":{"line":38,"column":5}}},"3":{"name":"(anonymous_3)","decl":{"start":{"line":41,"column":2},"end":{"line":41,"column":6}},"loc":{"start":{"line":41,"column":6},"end":{"line":58,"column":3}}},"4":{"name":"(anonymous_4)","decl":{"start":{"line":49,"column":53},"end":{"line":49,"column":56}},"loc":{"start":{"line":49,"column":58},"end":{"line":57,"column":5}}}},"branchMap":{"0":{"loc":{"start":{"line":28,"column":6},"end":{"line":37,"column":null}},"type":"if","locations":[{"start":{"line":28,"column":6},"end":{"line":37,"column":null}},{"start":{"line":28,"column":6},"end":{"line":37,"column":null}}]},"1":{"loc":{"start":{"line":54,"column":6},"end":{"line":56,"column":null}},"type":"if","locations":[{"start":{"line":54,"column":6},"end":{"line":56,"column":null}},{"start":{"line":54,"column":6},"end":{"line":56,"column":null}}]}},"s":{"0":1,"1":1,"2":1,"3":1,"4":1,"5":1,"6":3,"7":3,"8":3,"9":3,"10":3,"11":3,"12":3,"13":3,"14":3,"15":3,"16":3,"17":3,"18":3,"19":3,"20":3,"21":3,"22":2,"23":2,"24":2,"25":0,"26":1,"27":1},"f":{"0":3,"1":3,"2":3,"3":3,"4":2},"b":{"0":[3,0],"1":[0,2]}}
,"/Users/sarujanrajaratnam/Desktop/Ynov/YNOV_PROJET_BIBLIOTHEQUE_CLEMENCE_SARUJAN/Ynov_TEST_Projet/src/main/webapp/app/admin/audits/audit.model.ts": {"path":"/Users/sarujanrajaratnam/Desktop/Ynov/YNOV_PROJET_BIBLIOTHEQUE_CLEMENCE_SARUJAN/Ynov_TEST_Projet/src/main/webapp/app/admin/audits/audit.model.ts","statementMap":{"0":{"start":{"line":4,"column":21},"end":{"line":4,"column":36}},"1":{"start":{"line":4,"column":45},"end":{"line":4,"column":62}},"2":{"start":{"line":4,"column":71},"end":{"line":4,"column":88}},"3":{"start":{"line":4,"column":97},"end":{"line":4,"column":109}},"4":{"start":{"line":3,"column":0},"end":{"line":3,"column":13}}},"fnMap":{"0":{"name":"(anonymous_0)","decl":{"start":{"line":4,"column":2},"end":{"line":4,"column":21}},"loc":{"start":{"line":4,"column":109},"end":{"line":4,"column":113}}}},"branchMap":{},"s":{"0":2,"1":2,"2":2,"3":2,"4":2},"f":{"0":2},"b":{}}
,"/Users/sarujanrajaratnam/Desktop/Ynov/YNOV_PROJET_BIBLIOTHEQUE_CLEMENCE_SARUJAN/Ynov_TEST_Projet/src/main/webapp/app/admin/audits/audits.component.html": {"path":"/Users/sarujanrajaratnam/Desktop/Ynov/YNOV_PROJET_BIBLIOTHEQUE_CLEMENCE_SARUJAN/Ynov_TEST_Projet/src/main/webapp/app/admin/audits/audits.component.html","statementMap":{"0":{"start":{"line":1,"column":0},"end":{"line":1,"column":3937}}},"fnMap":{},"branchMap":{},"s":{"0":1},"f":{},"b":{},"inputSourceMap":null,"_coverageSchema":"1a1c01bbd47fc00a2c39e90264f33305004495a9","hash":"d409d723d7ee9f92c458305d1e1a751c5e36522c"}
,"/Users/sarujanrajaratnam/Desktop/Ynov/YNOV_PROJET_BIBLIOTHEQUE_CLEMENCE_SARUJAN/Ynov_TEST_Projet/src/main/webapp/app/admin/audits/audits.component.ts": {"path":"/Users/sarujanrajaratnam/Desktop/Ynov/YNOV_PROJET_BIBLIOTHEQUE_CLEMENCE_SARUJAN/Ynov_TEST_Projet/src/main/webapp/app/admin/audits/audits.component.ts","statementMap":{"0":{"start":{"line":1,"column":0},"end":{"line":1,"column":50}},"1":{"start":{"line":3,"column":0},"end":{"line":3,"column":43}},"2":{"start":{"line":4,"column":0},"end":{"line":4,"column":73}},"3":{"start":{"line":5,"column":0},"end":{"line":5,"column":37}},"4":{"start":{"line":7,"column":0},"end":{"line":7,"column":75}},"5":{"start":{"line":9,"column":0},"end":{"line":9,"column":49}},"6":{"start":{"line":15,"column":0},"end":{"line":115,"column":null}},"7":{"start":{"line":28,"column":12},"end":{"line":28,"column":27}},"8":{"start":{"line":29,"column":12},"end":{"line":29,"column":28}},"9":{"start":{"line":30,"column":12},"end":{"line":30,"column":22}},"10":{"start":{"line":31,"column":12},"end":{"line":31,"column":20}},"11":{"start":{"line":17,"column":2},"end":{"line":17,"column":16}},"12":{"start":{"line":18,"column":2},"end":{"line":18,"column":32}},"13":{"start":{"line":22,"column":2},"end":{"line":22,"column":14}},"14":{"start":{"line":23,"column":2},"end":{"line":23,"column":17}},"15":{"start":{"line":25,"column":10},"end":{"line":25,"column":36}},"16":{"start":{"line":35,"column":4},"end":{"line":35,"column":31}},"17":{"start":{"line":36,"column":4},"end":{"line":36,"column":41}},"18":{"start":{"line":37,"column":4},"end":{"line":37,"column":28}},"19":{"start":{"line":41,"column":4},"end":{"line":41,"column":54}},"20":{"start":{"line":45,"column":4},"end":{"line":54,"column":null}},"21":{"start":{"line":46,"column":6},"end":{"line":53,"column":9}},"22":{"start":{"line":58,"column":15},"end":{"line":58,"column":25}},"23":{"start":{"line":59,"column":4},"end":{"line":63,"column":null}},"24":{"start":{"line":60,"column":6},"end":{"line":60,"column":66}},"25":{"start":{"line":62,"column":6},"end":{"line":62,"column":79}},"26":{"start":{"line":64,"column":4},"end":{"line":64,"column":59}},"27":{"start":{"line":69,"column":17},"end":{"line":69,"column":27}},"28":{"start":{"line":70,"column":4},"end":{"line":70,"column":37}},"29":{"start":{"line":71,"column":4},"end":{"line":71,"column":59}},"30":{"start":{"line":75,"column":4},"end":{"line":88,"column":19}},"31":{"start":{"line":76,"column":19},"end":{"line":76,"column":37}},"32":{"start":{"line":77,"column":6},"end":{"line":77,"column":44}},"33":{"start":{"line":78,"column":19},"end":{"line":78,"column":73}},"34":{"start":{"line":79,"column":6},"end":{"line":79,"column":31}},"35":{"start":{"line":80,"column":6},"end":{"line":80,"column":41}},"36":{"start":{"line":81,"column":6},"end":{"line":83,"column":null}},"37":{"start":{"line":82,"column":8},"end":{"line":82,"column":86}},"38":{"start":{"line":84,"column":6},"end":{"line":86,"column":null}},"39":{"start":{"line":85,"column":8},"end":{"line":85,"column":82}},"40":{"start":{"line":87,"column":6},"end":{"line":87,"column":22}},"41":{"start":{"line":92,"column":4},"end":{"line":100,"column":88}},"42":{"start":{"line":100,"column":49},"end":{"line":100,"column":86}},"43":{"start":{"line":104,"column":19},"end":{"line":104,"column":77}},"44":{"start":{"line":105,"column":4},"end":{"line":107,"column":null}},"45":{"start":{"line":106,"column":6},"end":{"line":106,"column":24}},"46":{"start":{"line":108,"column":4},"end":{"line":108,"column":18}},"47":{"start":{"line":112,"column":4},"end":{"line":112,"column":59}},"48":{"start":{"line":113,"column":4},"end":{"line":113,"column":31}},"49":{"start":{"line":15,"column":13},"end":{"line":115,"column":null}},"50":{"start":{"line":15,"column":13},"end":{"line":15,"column":28}}},"fnMap":{"0":{"name":"(anonymous_0)","decl":{"start":{"line":27,"column":2},"end":{"line":27,"column":null}},"loc":{"start":{"line":31,"column":26},"end":{"line":32,"column":6}}},"1":{"name":"(anonymous_1)","decl":{"start":{"line":34,"column":2},"end":{"line":34,"column":10}},"loc":{"start":{"line":34,"column":10},"end":{"line":38,"column":3}}},"2":{"name":"(anonymous_2)","decl":{"start":{"line":40,"column":2},"end":{"line":40,"column":9}},"loc":{"start":{"line":40,"column":9},"end":{"line":42,"column":3}}},"3":{"name":"(anonymous_3)","decl":{"start":{"line":44,"column":2},"end":{"line":44,"column":12}},"loc":{"start":{"line":44,"column":12},"end":{"line":55,"column":3}}},"4":{"name":"(anonymous_4)","decl":{"start":{"line":57,"column":10},"end":{"line":57,"column":23}},"loc":{"start":{"line":57,"column":23},"end":{"line":65,"column":3}}},"5":{"name":"(anonymous_5)","decl":{"start":{"line":67,"column":10},"end":{"line":67,"column":15}},"loc":{"start":{"line":67,"column":15},"end":{"line":72,"column":3}}},"6":{"name":"(anonymous_6)","decl":{"start":{"line":74,"column":10},"end":{"line":74,"column":26}},"loc":{"start":{"line":74,"column":26},"end":{"line":89,"column":3}}},"7":{"name":"(anonymous_7)","decl":{"start":{"line":75,"column":79},"end":{"line":75,"column":80}},"loc":{"start":{"line":75,"column":112},"end":{"line":88,"column":5}}},"8":{"name":"(anonymous_8)","decl":{"start":{"line":91,"column":10},"end":{"line":91,"column":18}},"loc":{"start":{"line":91,"column":18},"end":{"line":101,"column":3}}},"9":{"name":"(anonymous_9)","decl":{"start":{"line":100,"column":17},"end":{"line":100,"column":18}},"loc":{"start":{"line":100,"column":49},"end":{"line":100,"column":86}}},"10":{"name":"(anonymous_10)","decl":{"start":{"line":103,"column":10},"end":{"line":103,"column":14}},"loc":{"start":{"line":103,"column":14},"end":{"line":109,"column":3}}},"11":{"name":"(anonymous_11)","decl":{"start":{"line":111,"column":10},"end":{"line":111,"column":19}},"loc":{"start":{"line":111,"column":64},"end":{"line":114,"column":3}}}},"branchMap":{"0":{"loc":{"start":{"line":41,"column":11},"end":{"line":41,"column":31}},"type":"binary-expr","locations":[{"start":{"line":41,"column":11},"end":{"line":41,"column":31}},{"start":{"line":41,"column":35},"end":{"line":41,"column":53}}]},"1":{"loc":{"start":{"line":45,"column":4},"end":{"line":54,"column":null}},"type":"if","locations":[{"start":{"line":45,"column":4},"end":{"line":54,"column":null}},{"start":{"line":45,"column":4},"end":{"line":54,"column":null}}]},"2":{"loc":{"start":{"line":49,"column":57},"end":{"line":49,"column":62}},"type":"cond-expr","locations":[{"start":{"line":49,"column":57},"end":{"line":49,"column":62}},{"start":{"line":49,"column":65},"end":{"line":49,"column":71}}]},"3":{"loc":{"start":{"line":59,"column":4},"end":{"line":63,"column":null}},"type":"if","locations":[{"start":{"line":59,"column":4},"end":{"line":63,"column":null}},{"start":{"line":59,"column":4},"end":{"line":63,"column":null}}]},"4":{"loc":{"start":{"line":77,"column":34},"end":{"line":77,"column":39}},"type":"cond-expr","locations":[{"start":{"line":77,"column":34},"end":{"line":77,"column":39}},{"start":{"line":77,"column":42},"end":{"line":77,"column":43}}]},"5":{"loc":{"start":{"line":78,"column":38},"end":{"line":78,"column":42}},"type":"cond-expr","locations":[{"start":{"line":78,"column":38},"end":{"line":78,"column":42}},{"start":{"line":78,"column":42},"end":{"line":78,"column":61}}]},"6":{"loc":{"start":{"line":78,"column":19},"end":{"line":78,"column":42}},"type":"binary-expr","locations":[{"start":{"line":78,"column":19},"end":{"line":78,"column":42}},{"start":{"line":78,"column":38},"end":{"line":78,"column":42}}]},"7":{"loc":{"start":{"line":81,"column":6},"end":{"line":83,"column":null}},"type":"if","locations":[{"start":{"line":81,"column":6},"end":{"line":83,"column":null}},{"start":{"line":81,"column":6},"end":{"line":83,"column":null}}]},"8":{"loc":{"start":{"line":84,"column":6},"end":{"line":86,"column":null}},"type":"if","locations":[{"start":{"line":84,"column":6},"end":{"line":86,"column":null}},{"start":{"line":84,"column":6},"end":{"line":86,"column":null}}]},"9":{"loc":{"start":{"line":104,"column":61},"end":{"line":104,"column":66}},"type":"cond-expr","locations":[{"start":{"line":104,"column":61},"end":{"line":104,"column":66}},{"start":{"line":104,"column":69},"end":{"line":104,"column":75}}]},"10":{"loc":{"start":{"line":105,"column":4},"end":{"line":107,"column":null}},"type":"if","locations":[{"start":{"line":105,"column":4},"end":{"line":107,"column":null}},{"start":{"line":105,"column":4},"end":{"line":107,"column":null}}]},"11":{"loc":{"start":{"line":113,"column":18},"end":{"line":113,"column":24}},"type":"binary-expr","locations":[{"start":{"line":113,"column":18},"end":{"line":113,"column":24}},{"start":{"line":113,"column":28},"end":{"line":113,"column":30}}]}},"s":{"0":1,"1":1,"2":1,"3":1,"4":1,"5":1,"6":1,"7":12,"8":12,"9":12,"10":12,"11":12,"12":12,"13":12,"14":12,"15":12,"16":10,"17":10,"18":10,"19":4,"20":2,"21":1,"22":10,"23":10,"24":4,"25":6,"26":10,"27":10,"28":10,"29":10,"30":10,"31":47,"32":47,"33":47,"34":47,"35":47,"36":47,"37":0,"38":47,"39":0,"40":47,"41":47,"42":6,"43":47,"44":47,"45":19,"46":47,"47":6,"48":6,"49":1,"50":1},"f":{"0":12,"1":10,"2":4,"3":2,"4":10,"5":10,"6":10,"7":47,"8":47,"9":6,"10":47,"11":6},"b":{"0":[4,2],"1":[1,1],"2":[0,1],"3":[4,6],"4":[0,47],"5":[37,10],"6":[47,37],"7":[0,47],"8":[0,47],"9":[19,28],"10":[19,28],"11":[6,5]}}
,"/Users/sarujanrajaratnam/Desktop/Ynov/YNOV_PROJET_BIBLIOTHEQUE_CLEMENCE_SARUJAN/Ynov_TEST_Projet/src/main/webapp/app/admin/audits/audits.service.ts": {"path":"/Users/sarujanrajaratnam/Desktop/Ynov/YNOV_PROJET_BIBLIOTHEQUE_CLEMENCE_SARUJAN/Ynov_TEST_Projet/src/main/webapp/app/admin/audits/audits.service.ts","statementMap":{"0":{"start":{"line":1,"column":0},"end":{"line":1,"column":43}},"1":{"start":{"line":2,"column":0},"end":{"line":2,"column":76}},"2":{"start":{"line":5,"column":0},"end":{"line":5,"column":79}},"3":{"start":{"line":6,"column":0},"end":{"line":6,"column":51}},"4":{"start":{"line":15,"column":0},"end":{"line":28,"column":null}},"5":{"start":{"line":16,"column":22},"end":{"line":16,"column":28}},"6":{"start":{"line":19,"column":31},"end":{"line":19,"column":55}},"7":{"start":{"line":21,"column":23},"end":{"line":21,"column":59}},"8":{"start":{"line":23,"column":4},"end":{"line":26,"column":7}},"9":{"start":{"line":15,"column":13},"end":{"line":28,"column":null}},"10":{"start":{"line":15,"column":13},"end":{"line":15,"column":26}}},"fnMap":{"0":{"name":"(anonymous_0)","decl":{"start":{"line":16,"column":2},"end":{"line":16,"column":22}},"loc":{"start":{"line":16,"column":38},"end":{"line":16,"column":42}}},"1":{"name":"(anonymous_1)","decl":{"start":{"line":18,"column":2},"end":{"line":18,"column":7}},"loc":{"start":{"line":18,"column":24},"end":{"line":27,"column":3}}}},"branchMap":{},"s":{"0":2,"1":2,"2":2,"3":2,"4":2,"5":15,"6":44,"7":44,"8":44,"9":2,"10":2},"f":{"0":15,"1":44},"b":{}}
,"/Users/sarujanrajaratnam/Desktop/Ynov/YNOV_PROJET_BIBLIOTHEQUE_CLEMENCE_SARUJAN/Ynov_TEST_Projet/src/main/webapp/app/admin/configuration/configuration.component.html": {"path":"/Users/sarujanrajaratnam/Desktop/Ynov/YNOV_PROJET_BIBLIOTHEQUE_CLEMENCE_SARUJAN/Ynov_TEST_Projet/src/main/webapp/app/admin/configuration/configuration.component.html","statementMap":{"0":{"start":{"line":1,"column":0},"end":{"line":1,"column":2594}}},"fnMap":{},"branchMap":{},"s":{"0":1},"f":{},"b":{},"inputSourceMap":null,"_coverageSchema":"1a1c01bbd47fc00a2c39e90264f33305004495a9","hash":"a3f6d75a5481164b2936b5d1d286933a673bd719"}
,"/Users/sarujanrajaratnam/Desktop/Ynov/YNOV_PROJET_BIBLIOTHEQUE_CLEMENCE_SARUJAN/Ynov_TEST_Projet/src/main/webapp/app/admin/configuration/configuration.component.ts": {"path":"/Users/sarujanrajaratnam/Desktop/Ynov/YNOV_PROJET_BIBLIOTHEQUE_CLEMENCE_SARUJAN/Ynov_TEST_Projet/src/main/webapp/app/admin/configuration/configuration.component.ts","statementMap":{"0":{"start":{"line":1,"column":0},"end":{"line":1,"column":50}},"1":{"start":{"line":3,"column":0},"end":{"line":3,"column":85}},"2":{"start":{"line":9,"column":0},"end":{"line":32,"column":null}},"3":{"start":{"line":16,"column":22},"end":{"line":16,"column":44}},"4":{"start":{"line":11,"column":2},"end":{"line":11,"column":21}},"5":{"start":{"line":12,"column":2},"end":{"line":12,"column":19}},"6":{"start":{"line":13,"column":2},"end":{"line":13,"column":24}},"7":{"start":{"line":14,"column":2},"end":{"line":14,"column":41}},"8":{"start":{"line":19,"column":4},"end":{"line":22,"column":7}},"9":{"start":{"line":20,"column":6},"end":{"line":20,"column":28}},"10":{"start":{"line":21,"column":6},"end":{"line":21,"column":32}},"11":{"start":{"line":24,"column":4},"end":{"line":24,"column":122}},"12":{"start":{"line":24,"column":81},"end":{"line":24,"column":119}},"13":{"start":{"line":28,"column":4},"end":{"line":30,"column":109}},"14":{"start":{"line":29,"column":22},"end":{"line":29,"column":109}},"15":{"start":{"line":30,"column":23},"end":{"line":30,"column":106}},"16":{"start":{"line":9,"column":13},"end":{"line":32,"column":null}},"17":{"start":{"line":9,"column":13},"end":{"line":9,"column":35}}},"fnMap":{"0":{"name":"(anonymous_0)","decl":{"start":{"line":16,"column":2},"end":{"line":16,"column":22}},"loc":{"start":{"line":16,"column":64},"end":{"line":16,"column":68}}},"1":{"name":"(anonymous_1)","decl":{"start":{"line":18,"column":2},"end":{"line":18,"column":10}},"loc":{"start":{"line":18,"column":10},"end":{"line":25,"column":3}}},"2":{"name":"(anonymous_2)","decl":{"start":{"line":19,"column":51},"end":{"line":19,"column":56}},"loc":{"start":{"line":19,"column":59},"end":{"line":22,"column":5}}},"3":{"name":"(anonymous_3)","decl":{"start":{"line":24,"column":61},"end":{"line":24,"column":76}},"loc":{"start":{"line":24,"column":81},"end":{"line":24,"column":119}}},"4":{"name":"(anonymous_4)","decl":{"start":{"line":27,"column":2},"end":{"line":27,"column":20}},"loc":{"start":{"line":27,"column":20},"end":{"line":31,"column":3}}},"5":{"name":"(anonymous_5)","decl":{"start":{"line":29,"column":14},"end":{"line":29,"column":18}},"loc":{"start":{"line":29,"column":22},"end":{"line":29,"column":109}}},"6":{"name":"(anonymous_6)","decl":{"start":{"line":30,"column":12},"end":{"line":30,"column":13}},"loc":{"start":{"line":30,"column":23},"end":{"line":30,"column":106}}}},"branchMap":{"0":{"loc":{"start":{"line":29,"column":22},"end":{"line":29,"column":39}},"type":"binary-expr","locations":[{"start":{"line":29,"column":22},"end":{"line":29,"column":39}},{"start":{"line":29,"column":43},"end":{"line":29,"column":109}}]},"1":{"loc":{"start":{"line":30,"column":46},"end":{"line":30,"column":74}},"type":"cond-expr","locations":[{"start":{"line":30,"column":46},"end":{"line":30,"column":74}},{"start":{"line":30,"column":78},"end":{"line":30,"column":106}}]},"2":{"loc":{"start":{"line":30,"column":68},"end":{"line":30,"column":70}},"type":"cond-expr","locations":[{"start":{"line":30,"column":68},"end":{"line":30,"column":70}},{"start":{"line":30,"column":73},"end":{"line":30,"column":74}}]},"3":{"loc":{"start":{"line":30,"column":100},"end":{"line":30,"column":101}},"type":"cond-expr","locations":[{"start":{"line":30,"column":100},"end":{"line":30,"column":101}},{"start":{"line":30,"column":104},"end":{"line":30,"column":106}}]}},"s":{"0":1,"1":1,"2":1,"3":1,"4":1,"5":1,"6":1,"7":1,"8":1,"9":1,"10":1,"11":1,"12":1,"13":1,"14":1,"15":0,"16":1,"17":1},"f":{"0":1,"1":1,"2":1,"3":1,"4":1,"5":1,"6":0},"b":{"0":[1,0],"1":[0,0],"2":[0,0],"3":[0,0]}}
,"/Users/sarujanrajaratnam/Desktop/Ynov/YNOV_PROJET_BIBLIOTHEQUE_CLEMENCE_SARUJAN/Ynov_TEST_Projet/src/main/webapp/app/admin/configuration/configuration.service.ts": {"path":"/Users/sarujanrajaratnam/Desktop/Ynov/YNOV_PROJET_BIBLIOTHEQUE_CLEMENCE_SARUJAN/Ynov_TEST_Projet/src/main/webapp/app/admin/configuration/configuration.service.ts","statementMap":{"0":{"start":{"line":1,"column":0},"end":{"line":1,"column":43}},"1":{"start":{"line":2,"column":0},"end":{"line":2,"column":50}},"2":{"start":{"line":4,"column":0},"end":{"line":4,"column":37}},"3":{"start":{"line":6,"column":0},"end":{"line":6,"column":51}},"4":{"start":{"line":50,"column":0},"end":{"line":68,"column":null}},"5":{"start":{"line":51,"column":22},"end":{"line":51,"column":28}},"6":{"start":{"line":54,"column":4},"end":{"line":62,"column":6}},"7":{"start":{"line":56,"column":8},"end":{"line":59,"column":null}},"8":{"start":{"line":58,"column":28},"end":{"line":58,"column":41}},"9":{"start":{"line":59,"column":62},"end":{"line":59,"column":96}},"10":{"start":{"line":66,"column":4},"end":{"line":66,"column":103}},"11":{"start":{"line":66,"column":81},"end":{"line":66,"column":100}},"12":{"start":{"line":50,"column":13},"end":{"line":68,"column":null}},"13":{"start":{"line":50,"column":13},"end":{"line":50,"column":33}}},"fnMap":{"0":{"name":"(anonymous_0)","decl":{"start":{"line":51,"column":2},"end":{"line":51,"column":22}},"loc":{"start":{"line":51,"column":38},"end":{"line":51,"column":42}}},"1":{"name":"(anonymous_1)","decl":{"start":{"line":53,"column":2},"end":{"line":53,"column":10}},"loc":{"start":{"line":53,"column":10},"end":{"line":63,"column":3}}},"2":{"name":"(anonymous_2)","decl":{"start":{"line":55,"column":10},"end":{"line":55,"column":21}},"loc":{"start":{"line":56,"column":8},"end":{"line":59,"column":null}}},"3":{"name":"(anonymous_3)","decl":{"start":{"line":58,"column":17},"end":{"line":58,"column":24}},"loc":{"start":{"line":58,"column":28},"end":{"line":58,"column":41}}},"4":{"name":"(anonymous_4)","decl":{"start":{"line":59,"column":20},"end":{"line":59,"column":21}},"loc":{"start":{"line":59,"column":62},"end":{"line":59,"column":96}}},"5":{"name":"(anonymous_5)","decl":{"start":{"line":65,"column":2},"end":{"line":65,"column":20}},"loc":{"start":{"line":65,"column":20},"end":{"line":67,"column":3}}},"6":{"name":"(anonymous_6)","decl":{"start":{"line":66,"column":74},"end":{"line":66,"column":77}},"loc":{"start":{"line":66,"column":81},"end":{"line":66,"column":100}}}},"branchMap":{},"s":{"0":2,"1":2,"2":2,"3":2,"4":2,"5":4,"6":2,"7":1,"8":1,"9":0,"10":1,"11":1,"12":2,"13":2},"f":{"0":4,"1":2,"2":1,"3":1,"4":0,"5":1,"6":1},"b":{}}
,"/Users/sarujanrajaratnam/Desktop/Ynov/YNOV_PROJET_BIBLIOTHEQUE_CLEMENCE_SARUJAN/Ynov_TEST_Projet/src/main/webapp/app/admin/health/health-modal.component.html": {"path":"/Users/sarujanrajaratnam/Desktop/Ynov/YNOV_PROJET_BIBLIOTHEQUE_CLEMENCE_SARUJAN/Ynov_TEST_Projet/src/main/webapp/app/admin/health/health-modal.component.html","statementMap":{"0":{"start":{"line":1,"column":0},"end":{"line":1,"column":1529}}},"fnMap":{},"branchMap":{},"s":{"0":1},"f":{},"b":{},"inputSourceMap":null,"_coverageSchema":"1a1c01bbd47fc00a2c39e90264f33305004495a9","hash":"39e890a2674cb4014c7e722d79e2701bdcea991c"}
,"/Users/sarujanrajaratnam/Desktop/Ynov/YNOV_PROJET_BIBLIOTHEQUE_CLEMENCE_SARUJAN/Ynov_TEST_Projet/src/main/webapp/app/admin/health/health-modal.component.ts": {"path":"/Users/sarujanrajaratnam/Desktop/Ynov/YNOV_PROJET_BIBLIOTHEQUE_CLEMENCE_SARUJAN/Ynov_TEST_Projet/src/main/webapp/app/admin/health/health-modal.component.ts","statementMap":{"0":{"start":{"line":1,"column":0},"end":{"line":1,"column":42}},"1":{"start":{"line":2,"column":0},"end":{"line":2,"column":60}},"2":{"start":{"line":10,"column":0},"end":{"line":37,"column":null}},"3":{"start":{"line":13,"column":21},"end":{"line":13,"column":34}},"4":{"start":{"line":16,"column":4},"end":{"line":25,"column":null}},"5":{"start":{"line":18,"column":18},"end":{"line":18,"column":36}},"6":{"start":{"line":19,"column":6},"end":{"line":24,"column":null}},"7":{"start":{"line":21,"column":8},"end":{"line":21,"column":38}},"8":{"start":{"line":23,"column":8},"end":{"line":23,"column":52}},"9":{"start":{"line":27,"column":4},"end":{"line":31,"column":null}},"10":{"start":{"line":28,"column":6},"end":{"line":28,"column":35}},"11":{"start":{"line":30,"column":6},"end":{"line":30,"column":30}},"12":{"start":{"line":35,"column":4},"end":{"line":35,"column":31}},"13":{"start":{"line":10,"column":13},"end":{"line":37,"column":null}},"14":{"start":{"line":10,"column":13},"end":{"line":10,"column":33}}},"fnMap":{"0":{"name":"(anonymous_0)","decl":{"start":{"line":13,"column":2},"end":{"line":13,"column":21}},"loc":{"start":{"line":13,"column":48},"end":{"line":13,"column":52}}},"1":{"name":"(anonymous_1)","decl":{"start":{"line":15,"column":2},"end":{"line":15,"column":15}},"loc":{"start":{"line":15,"column":26},"end":{"line":32,"column":3}}},"2":{"name":"(anonymous_2)","decl":{"start":{"line":34,"column":2},"end":{"line":34,"column":9}},"loc":{"start":{"line":34,"column":9},"end":{"line":36,"column":3}}}},"branchMap":{"0":{"loc":{"start":{"line":16,"column":4},"end":{"line":25,"column":null}},"type":"if","locations":[{"start":{"line":16,"column":4},"end":{"line":25,"column":null}},{"start":{"line":16,"column":4},"end":{"line":25,"column":null}}]},"1":{"loc":{"start":{"line":16,"column":8},"end":{"line":16,"column":19}},"type":"binary-expr","locations":[{"start":{"line":16,"column":8},"end":{"line":16,"column":19}},{"start":{"line":16,"column":23},"end":{"line":16,"column":54}}]},"2":{"loc":{"start":{"line":19,"column":6},"end":{"line":24,"column":null}},"type":"if","locations":[{"start":{"line":19,"column":6},"end":{"line":24,"column":null}},{"start":{"line":19,"column":6},"end":{"line":24,"column":null}}]},"3":{"loc":{"start":{"line":27,"column":4},"end":{"line":31,"column":null}},"type":"if","locations":[{"start":{"line":27,"column":4},"end":{"line":31,"column":null}},{"start":{"line":27,"column":4},"end":{"line":31,"column":null}}]}},"s":{"0":1,"1":1,"2":1,"3":0,"4":0,"5":0,"6":0,"7":0,"8":0,"9":0,"10":0,"11":0,"12":0,"13":1,"14":1},"f":{"0":0,"1":0,"2":0},"b":{"0":[0,0],"1":[0,0],"2":[0,0],"3":[0,0]}}
,"/Users/sarujanrajaratnam/Desktop/Ynov/YNOV_PROJET_BIBLIOTHEQUE_CLEMENCE_SARUJAN/Ynov_TEST_Projet/src/main/webapp/app/admin/health/health.component.html": {"path":"/Users/sarujanrajaratnam/Desktop/Ynov/YNOV_PROJET_BIBLIOTHEQUE_CLEMENCE_SARUJAN/Ynov_TEST_Projet/src/main/webapp/app/admin/health/health.component.html","statementMap":{"0":{"start":{"line":1,"column":0},"end":{"line":1,"column":1878}}},"fnMap":{},"branchMap":{},"s":{"0":1},"f":{},"b":{},"inputSourceMap":null,"_coverageSchema":"1a1c01bbd47fc00a2c39e90264f33305004495a9","hash":"2ebed5c4b9db000674e64c9a7562680d95d875bb"}
,"/Users/sarujanrajaratnam/Desktop/Ynov/YNOV_PROJET_BIBLIOTHEQUE_CLEMENCE_SARUJAN/Ynov_TEST_Projet/src/main/webapp/app/admin/health/health.component.ts": {"path":"/Users/sarujanrajaratnam/Desktop/Ynov/YNOV_PROJET_BIBLIOTHEQUE_CLEMENCE_SARUJAN/Ynov_TEST_Projet/src/main/webapp/app/admin/health/health.component.ts","statementMap":{"0":{"start":{"line":1,"column":0},"end":{"line":1,"column":50}},"1":{"start":{"line":3,"column":0},"end":{"line":3,"column":54}},"2":{"start":{"line":5,"column":0},"end":{"line":5,"column":97}},"3":{"start":{"line":6,"column":0},"end":{"line":6,"column":64}},"4":{"start":{"line":12,"column":0},"end":{"line":44,"column":null}},"5":{"start":{"line":15,"column":22},"end":{"line":15,"column":36}},"6":{"start":{"line":15,"column":54},"end":{"line":15,"column":69}},"7":{"start":{"line":18,"column":4},"end":{"line":18,"column":19}},"8":{"start":{"line":22,"column":4},"end":{"line":26,"column":null}},"9":{"start":{"line":23,"column":6},"end":{"line":23,"column":29}},"10":{"start":{"line":25,"column":6},"end":{"line":25,"column":28}},"11":{"start":{"line":30,"column":4},"end":{"line":37,"column":6}},"12":{"start":{"line":31,"column":17},"end":{"line":31,"column":37}},"13":{"start":{"line":33,"column":8},"end":{"line":35,"column":null}},"14":{"start":{"line":34,"column":10},"end":{"line":34,"column":36}},"15":{"start":{"line":41,"column":21},"end":{"line":41,"column":65}},"16":{"start":{"line":42,"column":4},"end":{"line":42,"column":47}},"17":{"start":{"line":12,"column":13},"end":{"line":44,"column":null}},"18":{"start":{"line":12,"column":13},"end":{"line":12,"column":28}}},"fnMap":{"0":{"name":"(anonymous_0)","decl":{"start":{"line":15,"column":2},"end":{"line":15,"column":22}},"loc":{"start":{"line":15,"column":82},"end":{"line":15,"column":86}}},"1":{"name":"(anonymous_1)","decl":{"start":{"line":17,"column":2},"end":{"line":17,"column":10}},"loc":{"start":{"line":17,"column":10},"end":{"line":19,"column":3}}},"2":{"name":"(anonymous_2)","decl":{"start":{"line":21,"column":2},"end":{"line":21,"column":15}},"loc":{"start":{"line":21,"column":41},"end":{"line":27,"column":3}}},"3":{"name":"(anonymous_3)","decl":{"start":{"line":29,"column":2},"end":{"line":29,"column":9}},"loc":{"start":{"line":29,"column":9},"end":{"line":38,"column":3}}},"4":{"name":"(anonymous_4)","decl":{"start":{"line":31,"column":6},"end":{"line":31,"column":12}},"loc":{"start":{"line":31,"column":17},"end":{"line":31,"column":37}}},"5":{"name":"(anonymous_5)","decl":{"start":{"line":32,"column":6},"end":{"line":32,"column":7}},"loc":{"start":{"line":32,"column":35},"end":{"line":36,"column":7}}},"6":{"name":"(anonymous_6)","decl":{"start":{"line":40,"column":2},"end":{"line":40,"column":12}},"loc":{"start":{"line":40,"column":61},"end":{"line":43,"column":3}}}},"branchMap":{"0":{"loc":{"start":{"line":22,"column":4},"end":{"line":26,"column":null}},"type":"if","locations":[{"start":{"line":22,"column":4},"end":{"line":26,"column":null}},{"start":{"line":22,"column":4},"end":{"line":26,"column":null}}]},"1":{"loc":{"start":{"line":33,"column":8},"end":{"line":35,"column":null}},"type":"if","locations":[{"start":{"line":33,"column":8},"end":{"line":35,"column":null}},{"start":{"line":33,"column":8},"end":{"line":35,"column":null}}]}},"s":{"0":1,"1":1,"2":1,"3":1,"4":1,"5":3,"6":3,"7":1,"8":2,"9":1,"10":1,"11":2,"12":1,"13":1,"14":1,"15":0,"16":0,"17":1,"18":1},"f":{"0":3,"1":1,"2":2,"3":2,"4":1,"5":1,"6":0},"b":{"0":[1,1],"1":[1,0]}}
,"/Users/sarujanrajaratnam/Desktop/Ynov/YNOV_PROJET_BIBLIOTHEQUE_CLEMENCE_SARUJAN/Ynov_TEST_Projet/src/main/webapp/app/admin/health/health.service.ts": {"path":"/Users/sarujanrajaratnam/Desktop/Ynov/YNOV_PROJET_BIBLIOTHEQUE_CLEMENCE_SARUJAN/Ynov_TEST_Projet/src/main/webapp/app/admin/health/health.service.ts","statementMap":{"0":{"start":{"line":1,"column":0},"end":{"line":1,"column":43}},"1":{"start":{"line":2,"column":0},"end":{"line":2,"column":50}},"2":{"start":{"line":5,"column":0},"end":{"line":5,"column":51}},"3":{"start":{"line":24,"column":0},"end":{"line":30,"column":null}},"4":{"start":{"line":25,"column":22},"end":{"line":25,"column":28}},"5":{"start":{"line":28,"column":4},"end":{"line":28,"column":71}},"6":{"start":{"line":24,"column":13},"end":{"line":30,"column":null}},"7":{"start":{"line":24,"column":13},"end":{"line":24,"column":26}}},"fnMap":{"0":{"name":"(anonymous_0)","decl":{"start":{"line":25,"column":2},"end":{"line":25,"column":22}},"loc":{"start":{"line":25,"column":38},"end":{"line":25,"column":42}}},"1":{"name":"(anonymous_1)","decl":{"start":{"line":27,"column":2},"end":{"line":27,"column":13}},"loc":{"start":{"line":27,"column":13},"end":{"line":29,"column":3}}}},"branchMap":{},"s":{"0":1,"1":1,"2":1,"3":1,"4":3,"5":0,"6":1,"7":1},"f":{"0":3,"1":0},"b":{}}
,"/Users/sarujanrajaratnam/Desktop/Ynov/YNOV_PROJET_BIBLIOTHEQUE_CLEMENCE_SARUJAN/Ynov_TEST_Projet/src/main/webapp/app/admin/logs/log.model.ts": {"path":"/Users/sarujanrajaratnam/Desktop/Ynov/YNOV_PROJET_BIBLIOTHEQUE_CLEMENCE_SARUJAN/Ynov_TEST_Projet/src/main/webapp/app/admin/logs/log.model.ts","statementMap":{"0":{"start":{"line":14,"column":21},"end":{"line":14,"column":33}},"1":{"start":{"line":14,"column":42},"end":{"line":14,"column":54}},"2":{"start":{"line":13,"column":0},"end":{"line":13,"column":13}}},"fnMap":{"0":{"name":"(anonymous_0)","decl":{"start":{"line":14,"column":2},"end":{"line":14,"column":21}},"loc":{"start":{"line":14,"column":54},"end":{"line":14,"column":58}}}},"branchMap":{},"s":{"0":4,"1":4,"2":1},"f":{"0":4},"b":{}}
,"/Users/sarujanrajaratnam/Desktop/Ynov/YNOV_PROJET_BIBLIOTHEQUE_CLEMENCE_SARUJAN/Ynov_TEST_Projet/src/main/webapp/app/admin/logs/logs.component.html": {"path":"/Users/sarujanrajaratnam/Desktop/Ynov/YNOV_PROJET_BIBLIOTHEQUE_CLEMENCE_SARUJAN/Ynov_TEST_Projet/src/main/webapp/app/admin/logs/logs.component.html","statementMap":{"0":{"start":{"line":1,"column":0},"end":{"line":1,"column":2172}}},"fnMap":{},"branchMap":{},"s":{"0":1},"f":{},"b":{},"inputSourceMap":null,"_coverageSchema":"1a1c01bbd47fc00a2c39e90264f33305004495a9","hash":"43d137f8e9bbfbc3e05e1a17dc250f6c03c4e671"}
,"/Users/sarujanrajaratnam/Desktop/Ynov/YNOV_PROJET_BIBLIOTHEQUE_CLEMENCE_SARUJAN/Ynov_TEST_Projet/src/main/webapp/app/admin/logs/logs.component.ts": {"path":"/Users/sarujanrajaratnam/Desktop/Ynov/YNOV_PROJET_BIBLIOTHEQUE_CLEMENCE_SARUJAN/Ynov_TEST_Projet/src/main/webapp/app/admin/logs/logs.component.ts","statementMap":{"0":{"start":{"line":1,"column":0},"end":{"line":1,"column":50}},"1":{"start":{"line":3,"column":0},"end":{"line":3,"column":66}},"2":{"start":{"line":4,"column":0},"end":{"line":4,"column":45}},"3":{"start":{"line":10,"column":0},"end":{"line":34,"column":null}},"4":{"start":{"line":16,"column":22},"end":{"line":16,"column":35}},"5":{"start":{"line":12,"column":2},"end":{"line":12,"column":14}},"6":{"start":{"line":13,"column":2},"end":{"line":13,"column":21}},"7":{"start":{"line":14,"column":2},"end":{"line":14,"column":18}},"8":{"start":{"line":19,"column":4},"end":{"line":19,"column":33}},"9":{"start":{"line":23,"column":4},"end":{"line":23,"column":92}},"10":{"start":{"line":23,"column":62},"end":{"line":23,"column":90}},"11":{"start":{"line":27,"column":4},"end":{"line":32,"column":8}},"12":{"start":{"line":31,"column":11},"end":{"line":31,"column":138}},"13":{"start":{"line":31,"column":93},"end":{"line":31,"column":137}},"14":{"start":{"line":10,"column":13},"end":{"line":34,"column":null}},"15":{"start":{"line":10,"column":13},"end":{"line":10,"column":26}}},"fnMap":{"0":{"name":"(anonymous_0)","decl":{"start":{"line":16,"column":2},"end":{"line":16,"column":22}},"loc":{"start":{"line":16,"column":46},"end":{"line":16,"column":50}}},"1":{"name":"(anonymous_1)","decl":{"start":{"line":18,"column":2},"end":{"line":18,"column":10}},"loc":{"start":{"line":18,"column":10},"end":{"line":20,"column":3}}},"2":{"name":"(anonymous_2)","decl":{"start":{"line":22,"column":2},"end":{"line":22,"column":13}},"loc":{"start":{"line":22,"column":40},"end":{"line":24,"column":3}}},"3":{"name":"(anonymous_3)","decl":{"start":{"line":23,"column":56},"end":{"line":23,"column":59}},"loc":{"start":{"line":23,"column":62},"end":{"line":23,"column":90}}},"4":{"name":"(anonymous_4)","decl":{"start":{"line":26,"column":10},"end":{"line":26,"column":31}},"loc":{"start":{"line":26,"column":31},"end":{"line":33,"column":3}}},"5":{"name":"(anonymous_5)","decl":{"start":{"line":30,"column":8},"end":{"line":30,"column":9}},"loc":{"start":{"line":31,"column":11},"end":{"line":31,"column":138}}},"6":{"name":"(anonymous_6)","decl":{"start":{"line":31,"column":63},"end":{"line":31,"column":64}},"loc":{"start":{"line":31,"column":93},"end":{"line":31,"column":137}}}},"branchMap":{},"s":{"0":1,"1":1,"2":1,"3":1,"4":3,"5":3,"6":3,"7":3,"8":1,"9":1,"10":1,"11":2,"12":2,"13":2,"14":1,"15":1},"f":{"0":3,"1":1,"2":1,"3":1,"4":2,"5":2,"6":2},"b":{}}
,"/Users/sarujanrajaratnam/Desktop/Ynov/YNOV_PROJET_BIBLIOTHEQUE_CLEMENCE_SARUJAN/Ynov_TEST_Projet/src/main/webapp/app/admin/logs/logs.service.ts": {"path":"/Users/sarujanrajaratnam/Desktop/Ynov/YNOV_PROJET_BIBLIOTHEQUE_CLEMENCE_SARUJAN/Ynov_TEST_Projet/src/main/webapp/app/admin/logs/logs.service.ts","statementMap":{"0":{"start":{"line":1,"column":0},"end":{"line":1,"column":43}},"1":{"start":{"line":2,"column":0},"end":{"line":2,"column":50}},"2":{"start":{"line":5,"column":0},"end":{"line":5,"column":51}},"3":{"start":{"line":9,"column":0},"end":{"line":19,"column":null}},"4":{"start":{"line":10,"column":22},"end":{"line":10,"column":28}},"5":{"start":{"line":13,"column":4},"end":{"line":13,"column":94}},"6":{"start":{"line":17,"column":4},"end":{"line":17,"column":81}},"7":{"start":{"line":9,"column":13},"end":{"line":19,"column":null}},"8":{"start":{"line":9,"column":13},"end":{"line":9,"column":24}}},"fnMap":{"0":{"name":"(anonymous_0)","decl":{"start":{"line":10,"column":2},"end":{"line":10,"column":22}},"loc":{"start":{"line":10,"column":38},"end":{"line":10,"column":42}}},"1":{"name":"(anonymous_1)","decl":{"start":{"line":12,"column":2},"end":{"line":12,"column":13}},"loc":{"start":{"line":12,"column":50},"end":{"line":14,"column":3}}},"2":{"name":"(anonymous_2)","decl":{"start":{"line":16,"column":2},"end":{"line":16,"column":9}},"loc":{"start":{"line":16,"column":9},"end":{"line":18,"column":3}}}},"branchMap":{},"s":{"0":2,"1":2,"2":2,"3":2,"4":5,"5":1,"6":1,"7":2,"8":2},"f":{"0":5,"1":1,"2":1},"b":{}}
,"/Users/sarujanrajaratnam/Desktop/Ynov/YNOV_PROJET_BIBLIOTHEQUE_CLEMENCE_SARUJAN/Ynov_TEST_Projet/src/main/webapp/app/admin/metrics/metrics.component.html": {"path":"/Users/sarujanrajaratnam/Desktop/Ynov/YNOV_PROJET_BIBLIOTHEQUE_CLEMENCE_SARUJAN/Ynov_TEST_Projet/src/main/webapp/app/admin/metrics/metrics.component.html","statementMap":{"0":{"start":{"line":1,"column":0},"end":{"line":1,"column":2363}}},"fnMap":{},"branchMap":{},"s":{"0":1},"f":{},"b":{},"inputSourceMap":null,"_coverageSchema":"1a1c01bbd47fc00a2c39e90264f33305004495a9","hash":"b0f4661eb7ea102624cc476d5b375151109baed2"}
,"/Users/sarujanrajaratnam/Desktop/Ynov/YNOV_PROJET_BIBLIOTHEQUE_CLEMENCE_SARUJAN/Ynov_TEST_Projet/src/main/webapp/app/admin/metrics/metrics.component.ts": {"path":"/Users/sarujanrajaratnam/Desktop/Ynov/YNOV_PROJET_BIBLIOTHEQUE_CLEMENCE_SARUJAN/Ynov_TEST_Projet/src/main/webapp/app/admin/metrics/metrics.component.ts","statementMap":{"0":{"start":{"line":1,"column":0},"end":{"line":1,"column":94}},"1":{"start":{"line":2,"column":0},"end":{"line":2,"column":41}},"2":{"start":{"line":4,"column":0},"end":{"line":4,"column":92}},"3":{"start":{"line":11,"column":0},"end":{"line":47,"column":null}},"4":{"start":{"line":16,"column":22},"end":{"line":16,"column":38}},"5":{"start":{"line":16,"column":62},"end":{"line":16,"column":78}},"6":{"start":{"line":14,"column":2},"end":{"line":14,"column":25}},"7":{"start":{"line":19,"column":4},"end":{"line":19,"column":19}},"8":{"start":{"line":23,"column":4},"end":{"line":23,"column":32}},"9":{"start":{"line":24,"column":4},"end":{"line":37,"column":19}},"10":{"start":{"line":28,"column":16},"end":{"line":28,"column":48}},"11":{"start":{"line":30,"column":12},"end":{"line":30,"column":35}},"12":{"start":{"line":31,"column":12},"end":{"line":31,"column":46}},"13":{"start":{"line":32,"column":12},"end":{"line":32,"column":41}},"14":{"start":{"line":33,"column":12},"end":{"line":33,"column":48}},"15":{"start":{"line":41,"column":4},"end":{"line":41,"column":45}},"16":{"start":{"line":45,"column":4},"end":{"line":45,"column":91}},"17":{"start":{"line":11,"column":13},"end":{"line":47,"column":null}},"18":{"start":{"line":11,"column":13},"end":{"line":11,"column":29}}},"fnMap":{"0":{"name":"(anonymous_0)","decl":{"start":{"line":16,"column":2},"end":{"line":16,"column":22}},"loc":{"start":{"line":16,"column":95},"end":{"line":16,"column":99}}},"1":{"name":"(anonymous_1)","decl":{"start":{"line":18,"column":2},"end":{"line":18,"column":10}},"loc":{"start":{"line":18,"column":10},"end":{"line":20,"column":3}}},"2":{"name":"(anonymous_2)","decl":{"start":{"line":22,"column":2},"end":{"line":22,"column":9}},"loc":{"start":{"line":22,"column":9},"end":{"line":38,"column":3}}},"3":{"name":"(anonymous_3)","decl":{"start":{"line":28,"column":10},"end":{"line":28,"column":13}},"loc":{"start":{"line":28,"column":16},"end":{"line":28,"column":48}}},"4":{"name":"(anonymous_4)","decl":{"start":{"line":29,"column":10},"end":{"line":29,"column":11}},"loc":{"start":{"line":29,"column":55},"end":{"line":34,"column":11}}},"5":{"name":"(anonymous_5)","decl":{"start":{"line":40,"column":2},"end":{"line":40,"column":18}},"loc":{"start":{"line":40,"column":34},"end":{"line":42,"column":3}}},"6":{"name":"(anonymous_6)","decl":{"start":{"line":44,"column":2},"end":{"line":44,"column":35}},"loc":{"start":{"line":44,"column":51},"end":{"line":46,"column":3}}}},"branchMap":{"0":{"loc"
[...]
,"/Users/sarujanrajaratnam/Desktop/Ynov/YNOV_PROJET_BIBLIOTHEQUE_CLEMENCE_SARUJAN/Ynov_TEST_Projet/src/main/webapp/app/shared/alert/alert.component.ts": {"path":"/Users/sarujanrajaratnam/Desktop/Ynov/YNOV_PROJET_BIBLIOTHEQUE_CLEMENCE_SARUJAN/Ynov_TEST_Projet/src/main/webapp/app/shared/alert/alert.component.ts","statementMap":{"0":{"start":{"line":1,"column":0},"end":{"line":1,"column":61}},"1":{"start":{"line":2,"column":0},"end":{"line":2,"column":56}},"2":{"start":{"line":14,"column":0},"end":{"line":39,"column":null}},"3":{"start":{"line":17,"column":22},"end":{"line":17,"column":36}},"4":{"start":{"line":15,"column":2},"end":{"line":15,"column":26}},"5":{"start":{"line":20,"column":4},"end":{"line":20,"column":42}},"6":{"start":{"line":24,"column":20},"end":{"line":24,"column":57}},"7":{"start":{"line":25,"column":4},"end":{"line":27,"column":null}},"8":{"start":{"line":26,"column":6},"end":{"line":26,"column":52}},"9":{"start":{"line":28,"column":4},"end":{"line":28,"column":19}},"10":{"start":{"line":32,"column":4},"end":{"line":32,"column":30}},"11":{"start":{"line":37,"column":4},"end":{"line":37,"column":31}},"12":{"start":{"line":14,"column":13},"end":{"line":39,"column":null}},"13":{"start":{"line":14,"column":13},"end":{"line":14,"column":27}}},"fnMap":{"0":{"name":"(anonymous_0)","decl":{"start":{"line":17,"column":2},"end":{"line":17,"column":22}},"loc":{"start":{"line":17,"column":51},"end":{"line":17,"column":55}}},"1":{"name":"(anonymous_1)","decl":{"start":{"line":19,"column":2},"end":{"line":19,"column":10}},"loc":{"start":{"line":19,"column":10},"end":{"line":21,"column":3}}},"2":{"name":"(anonymous_2)","decl":{"start":{"line":23,"column":2},"end":{"line":23,"column":12}},"loc":{"start":{"line":23,"column":28},"end":{"line":29,"column":3}}},"3":{"name":"(anonymous_3)","decl":{"start":{"line":31,"column":2},"end":{"line":31,"column":13}},"loc":{"start":{"line":31,"column":13},"end":{"line":33,"column":3}}},"4":{"name":"(anonymous_4)","decl":{"start":{"line":35,"column":2},"end":{"line":35,"column":7}},"loc":{"start":{"line":35,"column":23},"end":{"line":38,"column":3}}}},"branchMap":{"0":{"loc":{"start":{"line":25,"column":4},"end":{"line":27,"column":null}},"type":"if","locations":[{"start":{"line":25,"column":4},"end":{"line":27,"column":null}},{"start":{"line":25,"column":4},"end":{"line":27,"column":null}}]},"1":{"loc":{"start":{"line":37,"column":15},"end":{"line":37,"column":18}},"type":"cond-expr","locations":[{"start":{"line":37,"column":15},"end":{"line":37,"column":18}},{"start":{"line":37,"column":15},"end":{"line":37,"column":31}}]},"2":{"loc":{"start":{"line":37,"column":4},"end":{"line":37,"column":18}},"type":"binary-expr","locations":[{"start":{"line":37,"column":4},"end":{"line":37,"column":18}},{"start":{"line":37,"column":15},"end":{"line":37,"column":18}}]}},"s":{"0":1,"1":1,"2":1,"3":2,"4":2,"5":1,"6":0,"7":0,"8":0,"9":0,"10":2,"11":0,"12":1,"13":1},"f":{"0":2,"1":1,"2":0,"3":2,"4":0},"b":{"0":[0,0],"1":[0,0],"2":[0,0]}}
,"/Users/sarujanrajaratnam/Desktop/Ynov/YNOV_PROJET_BIBLIOTHEQUE_CLEMENCE_SARUJAN/Ynov_TEST_Projet/src/main/webapp/app/shared/constants/authority.constants.ts": {"path":"/Users/sarujanrajaratnam/Desktop/Ynov/YNOV_PROJET_BIBLIOTHEQUE_CLEMENCE_SARUJAN/Ynov_TEST_Projet/src/main/webapp/app/shared/constants/authority.constants.ts","statementMap":{"0":{"start":{"line":1,"column":0},"end":{"line":1,"column":null}},"1":{"start":{"line":2,"column":2},"end":{"line":2,"column":null}},"2":{"start":{"line":3,"column":2},"end":{"line":3,"column":null}}},"fnMap":{"0":{"name":"(anonymous_0)","decl":{"start":{"line":1,"column":0},"end":{"line":1,"column":12}},"loc":{"start":{"line":1,"column":21},"end":{"line":4,"column":1}}}},"branchMap":{"0":{"loc":{"start":{"line":1,"column":12},"end":{"line":1,"column":21}},"type":"binary-expr","locations":[{"start":{"line":1,"column":12},"end":{"line":1,"column":21}},{"start":{"line":1,"column":12},"end":{"line":1,"column":null}}]}},"s":{"0":4,"1":4,"2":4},"f":{"0":4},"b":{"0":[4,4]}}
,"/Users/sarujanrajaratnam/Desktop/Ynov/YNOV_PROJET_BIBLIOTHEQUE_CLEMENCE_SARUJAN/Ynov_TEST_Projet/src/main/webapp/app/shared/constants/error.constants.ts": {"path":"/Users/sarujanrajaratnam/Desktop/Ynov/YNOV_PROJET_BIBLIOTHEQUE_CLEMENCE_SARUJAN/Ynov_TEST_Projet/src/main/webapp/app/shared/constants/error.constants.ts","statementMap":{"0":{"start":{"line":1,"column":13},"end":{"line":1,"column":68}},"1":{"start":{"line":2,"column":13},"end":{"line":2,"column":80}},"2":{"start":{"line":3,"column":13},"end":{"line":3,"column":80}}},"fnMap":{},"branchMap":{},"s":{"0":1,"1":1,"2":1},"f":{},"b":{}}
,"/Users/sarujanrajaratnam/Desktop/Ynov/YNOV_PROJET_BIBLIOTHEQUE_CLEMENCE_SARUJAN/Ynov_TEST_Projet/src/main/webapp/app/shared/constants/input.constants.ts": {"path":"/Users/sarujanrajaratnam/Desktop/Ynov/YNOV_PROJET_BIBLIOTHEQUE_CLEMENCE_SARUJAN/Ynov_TEST_Projet/src/main/webapp/app/shared/constants/input.constants.ts","statementMap":{"0":{"start":{"line":1,"column":13},"end":{"line":1,"column":40}},"1":{"start":{"line":2,"column":13},"end":{"line":2,"column":51}}},"fnMap":{},"branchMap":{},"s":{"0":4,"1":4},"f":{},"b":{}}
,"/Users/sarujanrajaratnam/Desktop/Ynov/YNOV_PROJET_BIBLIOTHEQUE_CLEMENCE_SARUJAN/Ynov_TEST_Projet/src/main/webapp/app/shared/constants/pagination.constants.ts": {"path":"/Users/sarujanrajaratnam/Desktop/Ynov/YNOV_PROJET_BIBLIOTHEQUE_CLEMENCE_SARUJAN/Ynov_TEST_Projet/src/main/webapp/app/shared/constants/pagination.constants.ts","statementMap":{"0":{"start":{"line":1,"column":13},"end":{"line":1,"column":33}}},"fnMap":{},"branchMap":{},"s":{"0":2},"f":{},"b":{}}
,"/Users/sarujanrajaratnam/Desktop/Ynov/YNOV_PROJET_BIBLIOTHEQUE_CLEMENCE_SARUJAN/Ynov_TEST_Projet/src/main/webapp/app/shared/login/login.component.html": {"path":"/Users/sarujanrajaratnam/Desktop/Ynov/YNOV_PROJET_BIBLIOTHEQUE_CLEMENCE_SARUJAN/Ynov_TEST_Projet/src/main/webapp/app/shared/login/login.component.html","statementMap":{"0":{"start":{"line":1,"column":0},"end":{"line":1,"column":2809}}},"fnMap":{},"branchMap":{},"s":{"0":46},"f":{},"b":{},"inputSourceMap":null,"_coverageSchema":"1a1c01bbd47fc00a2c39e90264f33305004495a9","hash":"31cf1872821f7e65b56386cdab9a30810829094d"}
,"/Users/sarujanrajaratnam/Desktop/Ynov/YNOV_PROJET_BIBLIOTHEQUE_CLEMENCE_SARUJAN/Ynov_TEST_Projet/src/main/webapp/app/shared/login/login.component.ts": {"path":"/Users/sarujanrajaratnam/Desktop/Ynov/YNOV_PROJET_BIBLIOTHEQUE_CLEMENCE_SARUJAN/Ynov_TEST_Projet/src/main/webapp/app/shared/login/login.component.ts","statementMap":{"0":{"start":{"line":1,"column":0},"end":{"line":1,"column":80}},"1":{"start":{"line":2,"column":0},"end":{"line":2,"column":45}},"2":{"start":{"line":3,"column":0},"end":{"line":3,"column":60}},"3":{"start":{"line":4,"column":0},"end":{"line":4,"column":41}},"4":{"start":{"line":6,"column":0},"end":{"line":6,"column":60}},"5":{"start":{"line":12,"column":0},"end":{"line":73,"column":null}},"6":{"start":{"line":24,"column":22},"end":{"line":24,"column":36}},"7":{"start":{"line":24,"column":58},"end":{"line":24,"column":66}},"8":{"start":{"line":24,"column":81},"end":{"line":24,"column":94}},"9":{"start":{"line":24,"column":118},"end":{"line":24,"column":122}},"10":{"start":{"line":16,"column":2},"end":{"line":16,"column":30}},"11":{"start":{"line":18,"column":2},"end":{"line":22,"column":5}},"12":{"start":{"line":27,"column":4},"end":{"line":29,"column":null}},"13":{"start":{"line":28,"column":6},"end":{"line":28,"column":42}},"14":{"start":{"line":33,"column":4},"end":{"line":33,"column":37}},"15":{"start":{"line":34,"column":4},"end":{"line":37,"column":7}},"16":{"start":{"line":38,"column":4},"end":{"line":38,"column":39}},"17":{"start":{"line":42,"column":4},"end":{"line":61,"column":8}},"18":{"start":{"line":50,"column":10},"end":{"line":50,"column":43}},"19":{"start":{"line":51,"column":10},"end":{"line":51,"column":35}},"20":{"start":{"line":52,"column":10},"end":{"line":58,"column":null}},"21":{"start":{"line":57,"column":12},"end":{"line":57,"column":39}},"22":{"start":{"line":60,"column":15},"end":{"line":60,"column":46}},"23":{"start":{"line":65,"column":4},"end":{"line":65,"column":50}},"24":{"start":{"line":66,"column":4},"end":{"line":66,"column":48}},"25":{"start":{"line":70,"column":4},"end":{"line":70,"column":54}},"26":{"start":{"line":71,"column":4},"end":{"line":71,"column":56}},"27":{"start":{"line":14,"column":2},"end":{"line":14,"column":null}},"28":{"start":{"line":12,"column":13},"end":{"line":73,"column":null}},"29":{"start":{"line":12,"column":13},"end":{"line":12,"column":32}}},"fnMap":{"0":{"name":"(anonymous_0)","decl":{"start":{"line":24,"column":2},"end":{"line":24,"column":22}},"loc":{"start":{"line":24,"column":133},"end":{"line":24,"column":137}}},"1":{"name":"(anonymous_1)","decl":{"start":{"line":26,"column":2},"end":{"line":26,"column":17}},"loc":{"start":{"line":26,"column":17},"end":{"line":30,"column":3}}},"2":{"name":"(anonymous_2)","decl":{"start":{"line":32,"column":2},"end":{"line":32,"column":8}},"loc":{"start":{"line":32,"column":8},"end":{"line":39,"column":3}}},"3":{"name":"(anonymous_3)","decl":{"start":{"line":41,"column":2},"end":{"line":41,"column":7}},"loc":{"start":{"line":41,"column":7},"end":{"line":62,"column":3}}},"4":{"name":"(anonymous_4)","decl":{"start":{"line":49,"column":8},"end":{"line":49,"column":11}},"loc":{"start":{"line":49,"column":13},"end":{"line":59,"column":9}}},"5":{"name":"(anonymous_5)","decl":{"start":{"line":60,"column":8},"end":{"line":60,"column":11}},"loc":{"start":{"line":60,"column":15},"end":{"line":60,"column":46}}},"6":{"name":"(anonymous_6)","decl":{"start":{"line":64,"column":2},"end":{"line":64,"column":10}},"loc":{"start":{"line":64,"column":10},"end":{"line":67,"column":3}}},"7":{"name":"(anonymous_7)","decl":{"start":{"line":69,"column":2},"end":{"line":69,"column":22}},"loc":{"start":{"line":69,"column":22},"end":{"line":72,"column":3}}}},"branchMap":{"0":{"loc":{"start":{"line":27,"column":4},"end":{"line":29,"column":null}},"type":"if","locations":[{"start":{"line":27,"column":4},"end":{"line":29,"column":null}},{"start":{"line":27,"column":4},"end":{"line":29,"column":null}}]},"1":{"loc":{"start":{"line":52,"column":10},"end":{"line":58,"column":null}},"type":"if","locations":[{"start":{"line":52,"column":10},"end":{"line":58,"column":null}},{"start":{"line":52,"column":10},"end":{"line":58,"column":null}}]},"2":{"loc":{"start":{"line":53,"column":12},"end":{"line":53,"column":51}},"type":"binary-expr","locations":[{"start":{"line":53,"column":12},"end":{"line":53,"column":51}},{"start":{"line":54,"column":12},"end":{"line":54,"column":59}},{"start":{"line":55,"column":12},"end":{"line":55,"column":57}}]}},"s":{"0":46,"1":46,"2":46,"3":46,"4":46,"5":46,"6":4,"7":4,"8":4,"9":4,"10":4,"11":4,"12":0,"13":0,"14":1,"15":1,"16":1,"17":1,"18":1,"19":1,"20":1,"21":0,"22":0,"23":1,"24":1,"25":1,"26":1,"27":46,"28":46,"29":46},"f":{"0":4,"1":0,"2":1,"3":1,"4":1,"5":0,"6":1,"7":1},"b":{"0":[0,0],"1":[0,1],"2":[1,1,1]}}
,"/Users/sarujanrajaratnam/Desktop/Ynov/YNOV_PROJET_BIBLIOTHEQUE_CLEMENCE_SARUJAN/Ynov_TEST_Projet/src/main/webapp/app/shared/model/auteur.model.ts": {"path":"/Users/sarujanrajaratnam/Desktop/Ynov/YNOV_PROJET_BIBLIOTHEQUE_CLEMENCE_SARUJAN/Ynov_TEST_Projet/src/main/webapp/app/shared/model/auteur.model.ts","statementMap":{"0":{"start":{"line":10,"column":21},"end":{"line":10,"column":32}},"1":{"start":{"line":10,"column":41},"end":{"line":10,"column":56}},"2":{"start":{"line":10,"column":65},"end":{"line":10,"column":82}},"3":{"start":{"line":9,"column":0},"end":{"line":9,"column":13}}},"fnMap":{"0":{"name":"(anonymous_0)","decl":{"start":{"line":10,"column":2},"end":{"line":10,"column":21}},"loc":{"start":{"line":10,"column":82},"end":{"line":10,"column":86}}}},"branchMap":{},"s":{"0":12,"1":12,"2":12,"3":4},"f":{"0":12},"b":{}}
,"/Users/sarujanrajaratnam/Desktop/Ynov/YNOV_PROJET_BIBLIOTHEQUE_CLEMENCE_SARUJAN/Ynov_TEST_Projet/src/main/webapp/app/shared/model/emplacement.model.ts": {"path":"/Users/sarujanrajaratnam/Desktop/Ynov/YNOV_PROJET_BIBLIOTHEQUE_CLEMENCE_SARUJAN/Ynov_TEST_Projet/src/main/webapp/app/shared/model/emplacement.model.ts","statementMap":{"0":{"start":{"line":7,"column":21},"end":{"line":7,"column":32}},"1":{"start":{"line":7,"column":41},"end":{"line":7,"column":64}},"2":{"start":{"line":6,"column":0},"end":{"line":6,"column":13}}},"fnMap":{"0":{"name":"(anonymous_0)","decl":{"start":{"line":7,"column":2},"end":{"line":7,"column":21}},"loc":{"start":{"line":7,"column":64},"end":{"line":7,"column":68}}}},"branchMap":{},"s":{"0":12,"1":12,"2":4},"f":{"0":12},"b":{}}
,"/Users/sarujanrajaratnam/Desktop/Ynov/YNOV_PROJET_BIBLIOTHEQUE_CLEMENCE_SARUJAN/Ynov_TEST_Projet/src/main/webapp/app/shared/model/emprunt.model.ts": {"path":"/Users/sarujanrajaratnam/Desktop/Ynov/YNOV_PROJET_BIBLIOTHEQUE_CLEMENCE_SARUJAN/Ynov_TEST_Projet/src/main/webapp/app/shared/model/emprunt.model.ts","statementMap":{"0":{"start":{"line":13,"column":21},"end":{"line":13,"column":32}},"1":{"start":{"line":13,"column":41},"end":{"line":13,"column":61}},"2":{"start":{"line":13,"column":70},"end":{"line":13,"column":94}},"3":{"start":{"line":13,"column":103},"end":{"line":13,"column":115}},"4":{"start":{"line":12,"column":0},"end":{"line":12,"column":13}}},"fnMap":{"0":{"name":"(anonymous_0)","decl":{"start":{"line":13,"column":2},"end":{"line":13,"column":21}},"loc":{"start":{"line":13,"column":115},"end":{"line":13,"column":119}}}},"branchMap":{},"s":{"0":12,"1":12,"2":12,"3":12,"4":4},"f":{"0":12},"b":{}}
,"/Users/sarujanrajaratnam/Desktop/Ynov/YNOV_PROJET_BIBLIOTHEQUE_CLEMENCE_SARUJAN/Ynov_TEST_Projet/src/main/webapp/app/shared/model/exemplaire.model.ts": {"path":"/Users/sarujanrajaratnam/Desktop/Ynov/YNOV_PROJET_BIBLIOTHEQUE_CLEMENCE_SARUJAN/Ynov_TEST_Projet/src/main/webapp/app/shared/model/exemplaire.model.ts","statementMap":{"0":{"start":{"line":10,"column":21},"end":{"line":10,"column":32}},"1":{"start":{"line":10,"column":41},"end":{"line":10,"column":64}},"2":{"start":{"line":10,"column":73},"end":{"line":10,"column":87}},"3":{"start":{"line":11,"column":4},"end":{"line":11,"column":53}},"4":{"start":{"line":9,"column":0},"end":{"line":9,"column":13}}},"fnMap":{"0":{"name":"(anonymous_0)","decl":{"start":{"line":10,"column":2},"end":{"line":10,"column":21}},"loc":{"start":{"line":10,"column":87},"end":{"line":12,"column":3}}}},"branchMap":{"0":{"loc":{"start":{"line":11,"column":25},"end":{"line":11,"column":43}},"type":"binary-expr","locations":[{"start":{"line":11,"column":25},"end":{"line":11,"column":43}},{"start":{"line":11,"column":47},"end":{"line":11,"column":52}}]}},"s":{"0":12,"1":12,"2":12,"3":12,"4":4},"f":{"0":12},"b":{"0":[12,12]}}
,"/Users/sarujanrajaratnam/Desktop/Ynov/YNOV_PROJET_BIBLIOTHEQUE_CLEMENCE_SARUJAN/Ynov_TEST_Projet/src/main/webapp/app/shared/model/livre.model.ts": {"path":"/Users/sarujanrajaratnam/Desktop/Ynov/YNOV_PROJET_BIBLIOTHEQUE_CLEMENCE_SARUJAN/Ynov_TEST_Projet/src/main/webapp/app/shared/model/livre.model.ts","statementMap":{"0":{"start":{"line":20,"column":11},"end":{"line":20,"column":22}},"1":{"start":{"line":21,"column":11},"end":{"line":21,"column":25}},"2":{"start":{"line":22,"column":11},"end":{"line":22,"column":31}},"3":{"start":{"line":23,"column":11},"end":{"line":23,"column":24}},"4":{"start":{"line":24,"column":11},"end":{"line":24,"column":24}},"5":{"start":{"line":25,"column":11},"end":{"line":25,"column":37}},"6":{"start":{"line":26,"column":11},"end":{"line":26,"column":38}},"7":{"start":{"line":27,"column":11},"end":{"line":27,"column":28}},"8":{"start":{"line":28,"column":11},"end":{"line":28,"column":30}},"9":{"start":{"line":18,"column":0},"end":{"line":18,"column":13}}},"fnMap":{"0":{"name":"(anonymous_0)","decl":{"start":{"line":19,"column":2},"end":{"line":19,"column":null}},"loc":{"start":{"line":28,"column":30},"end":{"line":29,"column":6}}}},"branchMap":{},"s":{"0":12,"1":12,"2":12,"3":12,"4":12,"5":12,"6":12,"7":12,"8":12,"9":4},"f":{"0":12},"b":{}}
,"/Users/sarujanrajaratnam/Desktop/Ynov/YNOV_PROJET_BIBLIOTHEQUE_CLEMENCE_SARUJAN/Ynov_TEST_Projet/src/main/webapp/app/shared/model/theme.model.ts": {"path":"/Users/sarujanrajaratnam/Desktop/Ynov/YNOV_PROJET_BIBLIOTHEQUE_CLEMENCE_SARUJAN/Ynov_TEST_Projet/src/main/webapp/app/shared/model/theme.model.ts","statementMap":{"0":{"start":{"line":10,"column":21},"end":{"line":10,"column":32}},"1":{"start":{"line":10,"column":41},"end":{"line":10,"column":55}},"2":{"start":{"line":10,"column":64},"end":{"line":10,"column":81}},"3":{"start":{"line":9,"column":0},"end":{"line":9,"column":13}}},"fnMap":{"0":{"name":"(anonymous_0)","decl":{"start":{"line":10,"column":2},"end":{"line":10,"column":21}},"loc":{"start":{"line":10,"column":81},"end":{"line":10,"column":85}}}},"branchMap":{},"s":{"0":12,"1":12,"2":12,"3":4},"f":{"0":12},"b":{}}
,"/Users/sarujanrajaratnam/Desktop/Ynov/YNOV_PROJET_BIBLIOTHEQUE_CLEMENCE_SARUJAN/Ynov_TEST_Projet/src/main/webapp/app/shared/util/request-util.ts": {"path":"/Users/sarujanrajaratnam/Desktop/Ynov/YNOV_PROJET_BIBLIOTHEQUE_CLEMENCE_SARUJAN/Ynov_TEST_Projet/src/main/webapp/app/shared/util/request-util.ts","statementMap":{"0":{"start":{"line":1,"column":0},"end":{"line":1,"column":50}},"1":{"start":{"line":15,"column":13},"end":{"line":33,"column":2}},"2":{"start":{"line":16,"column":28},"end":{"line":16,"column":44}},"3":{"start":{"line":18,"column":2},"end":{"line":30,"column":null}},"4":{"start":{"line":19,"column":4},"end":{"line":23,"column":7}},"5":{"start":{"line":20,"column":6},"end":{"line":22,"column":null}},"6":{"start":{"line":21,"column":8},"end":{"line":21,"column":45}},"7":{"start":{"line":25,"column":4},"end":{"line":29,"column":null}},"8":{"start":{"line":26,"column":6},"end":{"line":28,"column":9}},"9":{"start":{"line":27,"column":8},"end":{"line":27,"column":46}},"10":{"start":{"line":32,"column":2},"end":{"line":32,"column":17}}},"fnMap":{"0":{"name":"(anonymous_0)","decl":{"start":{"line":15,"column":35},"end":{"line":15,"column":36}},"loc":{"start":{"line":15,"column":61},"end":{"line":33,"column":1}}},"1":{"name":"(anonymous_1)","decl":{"start":{"line":19,"column":29},"end":{"line":19,"column":32}},"loc":{"start":{"line":19,"column":35},"end":{"line":23,"column":5}}},"2":{"name":"(anonymous_2)","decl":{"start":{"line":26,"column":23},"end":{"line":26,"column":24}},"loc":{"start":{"line":26,"column":39},"end":{"line":28,"column":7}}}},"branchMap":{"0":{"loc":{"start":{"line":18,"column":2},"end":{"line":30,"column":null}},"type":"if","locations":[{"start":{"line":18,"column":2},"end":{"line":30,"column":null}},{"start":{"line":18,"column":2},"end":{"line":30,"column":null}}]},"1":{"loc":{"start":{"line":20,"column":6},"end":{"line":22,"column":null}},"type":"if","locations":[{"start":{"line":20,"column":6},"end":{"line":22,"column":null}},{"start":{"line":20,"column":6},"end":{"line":22,"column":null}}]},"2":{"loc":{"start":{"line":25,"column":4},"end":{"line":29,"column":null}},"type":"if","locations":[{"start":{"line":25,"column":4},"end":{"line":29,"column":null}},{"start":{"line":25,"column":4},"end":{"line":29,"column":null}}]}},"s":{"0":30,"1":30,"2":50,"3":50,"4":44,"5":220,"6":176,"7":44,"8":44,"9":59,"10":50},"f":{"0":50,"1":220,"2":59},"b":{"0":[44,6],"1":[176,44],"2":[44,0]}}
}
