TN:
SF:src/main/webapp/app/app.constants.ts
FNF:0
FNH:0
DA:5,58
DA:6,58
DA:7,58
DA:8,58
LF:4
LH:4
BRF:0
BRH:0
end_of_record
TN:
SF:src/main/webapp/app/account/activate/activate.component.html
FNF:0
FNH:0
DA:1,1
LF:1
LH:1
BRF:0
BRH:0
end_of_record
TN:
SF:src/main/webapp/app/account/activate/activate.component.ts
FN:16,(anonymous_0)
FN:18,(anonymous_1)
FN:19,(anonymous_2)
FN:20,(anonymous_3)
FN:21,(anonymous_4)
FN:25,(anonymous_5)
FNF:6
FNH:5
FNDA:3,(anonymous_0)
FNDA:3,(anonymous_1)
FNDA:3,(anonymous_2)
FNDA:1,(anonymous_3)
FNDA:1,(anonymous_4)
FNDA:0,(anonymous_5)
DA:1,1
DA:2,1
DA:3,1
DA:5,1
DA:6,1
DA:12,1
DA:13,3
DA:14,3
DA:16,3
DA:19,3
DA:20,1
DA:21,1
DA:26,0
LF:13
LH:12
BRF:0
BRH:0
end_of_record
TN:
SF:src/main/webapp/app/account/activate/activate.service.ts
FN:9,(anonymous_0)
FN:11,(anonymous_1)
FNF:2
FNH:1
FNDA:3,(anonymous_0)
FNDA:0,(anonymous_1)
DA:1,1
DA:2,1
DA:5,1
DA:8,1
DA:9,3
DA:12,0
LF:6
LH:5
BRF:0
BRH:0
end_of_record
TN:
SF:src/main/webapp/app/account/password/password-strength-bar.component.ts
FN:20,(anonymous_0)
FN:22,(anonymous_1)
FN:31,(anonymous_2)
FN:49,(anonymous_3)
FN:66,(anonymous_4)
FNF:5
FNH:4
FNDA:3,(anonymous_0)
FNDA:10,(anonymous_1)
FNDA:40,(anonymous_2)
FNDA:7,(anonymous_3)
FNDA:0,(anonymous_4)
DA:1,1
DA:17,1
DA:18,3
DA:20,3
DA:23,10
DA:24,10
DA:25,10
DA:26,10
DA:27,10
DA:28,10
DA:30,10
DA:31,10
DA:32,40
DA:35,10
DA:36,10
DA:39,10
DA:42,10
DA:43,10
DA:44,10
DA:46,10
DA:50,7
DA:51,7
DA:52,3
DA:53,4
DA:54,1
DA:55,3
DA:56,1
DA:57,2
DA:58,1
DA:60,1
DA:62,7
DA:66,1
DA:67,0
DA:68,0
DA:69,0
DA:70,0
DA:71,0
DA:73,0
DA:74,0
DA:75,0
DA:76,0
DA:78,0
LF:42
LH:32
BRDA:35,0,0,1
BRDA:35,0,1,9
BRDA:39,1,0,7
BRDA:39,1,1,3
BRDA:42,2,0,2
BRDA:42,2,1,8
BRDA:43,3,0,0
BRDA:43,3,1,10
BRDA:44,4,0,2
BRDA:44,4,1,8
BRDA:51,5,0,3
BRDA:51,5,1,4
BRDA:53,6,0,1
BRDA:53,6,1,3
BRDA:55,7,0,1
BRDA:55,7,1,2
BRDA:57,8,0,1
BRDA:57,8,1,1
BRDA:67,9,0,0
BRDA:67,9,1,0
BRDA:70,10,0,0
BRDA:70,10,1,0
BRDA:75,11,0,0
BRDA:75,11,1,0
BRF:24
BRH:17
end_of_record
TN:
SF:src/main/webapp/app/account/password/password.component.html
FNF:0
FNH:0
DA:1,1
LF:1
LH:1
BRF:0
BRH:0
end_of_record
TN:
SF:src/main/webapp/app/account/password/password.component.ts
FN:24,(anonymous_0)
FN:26,(anonymous_1)
FN:30,(anonymous_2)
FN:40,(anonymous_3)
FN:41,(anonymous_4)
FNF:5
FNH:4
FNDA:4,(anonymous_0)
FNDA:0,(anonymous_1)
FNDA:4,(anonymous_2)
FNDA:2,(anonymous_3)
FNDA:1,(anonymous_4)
DA:1,1
DA:2,1
DA:5,1
DA:7,1
DA:13,1
DA:14,4
DA:15,4
DA:16,4
DA:18,4
DA:24,4
DA:27,0
DA:31,4
DA:32,4
DA:33,4
DA:35,4
DA:36,4
DA:37,1
DA:39,3
DA:40,2
DA:41,1
LF:20
LH:19
BRDA:36,0,0,1
BRDA:36,0,1,3
BRF:2
BRH:2
end_of_record
TN:
SF:src/main/webapp/app/account/password/password.service.ts
FN:9,(anonymous_0)
FN:11,(anonymous_1)
FNF:2
FNH:1
FNDA:4,(anonymous_0)
FNDA:0,(anonymous_1)
DA:1,1
DA:2,1
DA:5,1
DA:8,1
DA:9,4
DA:12,0
LF:6
LH:5
BRF:0
BRH:0
end_of_record
TN:
SF:src/main/webapp/app/account/password-reset/finish/password-reset-finish.component.html
FNF:0
FNH:0
DA:1,1
LF:1
LH:1
BRF:0
BRH:0
end_of_record
TN:
SF:src/main/webapp/app/account/password-reset/finish/password-reset-finish.component.ts
FN:27,(anonymous_0)
FN:34,(anonymous_1)
FN:35,(anonymous_2)
FN:43,(anonymous_3)
FN:49,(anonymous_4)
FN:60,(anonymous_5)
FN:61,(anonymous_6)
FN:66,(anonymous_7)
FNF:8
FNH:7
FNDA:10,(anonymous_0)
FNDA:5,(anonymous_1)
FNDA:5,(anonymous_2)
FNDA:1,(anonymous_3)
FNDA:3,(anonymous_4)
FNDA:1,(anonymous_5)
FNDA:1,(anonymous_6)
FNDA:0,(anonymous_7)
DA:1,1
DA:2,1
DA:3,1
DA:5,1
DA:6,1
DA:12,1
DA:14,1
DA:16,10
DA:17,10
DA:18,10
DA:19,10
DA:20,10
DA:22,10
DA:28,10
DA:29,10
DA:30,10
DA:31,10
DA:35,5
DA:36,5
DA:37,5
DA:39,5
DA:44,1
DA:45,1
DA:50,3
DA:51,3
DA:53,3
DA:54,3
DA:56,3
DA:57,1
DA:59,2
DA:60,1
DA:61,1
DA:67,0
LF:33
LH:32
BRDA:36,0,0,5
BRDA:36,0,1,0
BRDA:44,1,0,1
BRDA:44,1,1,0
BRDA:56,2,0,1
BRDA:56,2,1,2
BRF:6
BRH:4
end_of_record
TN:
SF:src/main/webapp/app/account/password-reset/finish/password-reset-finish.service.ts
FN:9,(anonymous_0)
FN:11,(anonymous_1)
FNF:2
FNH:1
FNDA:5,(anonymous_0)
FNDA:0,(anonymous_1)
DA:1,1
DA:2,1
DA:5,1
DA:8,1
DA:9,5
DA:12,0
LF:6
LH:5
BRF:0
BRH:0
end_of_record
TN:
SF:src/main/webapp/app/account/password-reset/init/password-reset-init.component.html
FNF:0
FNH:0
DA:1,1
LF:1
LH:1
BRF:0
BRH:0
end_of_record
TN:
SF:src/main/webapp/app/account/password-reset/init/password-reset-init.component.ts
FN:19,(anonymous_0)
FN:21,(anonymous_1)
FN:27,(anonymous_2)
FN:28,(anonymous_3)
FNF:4
FNH:4
FNDA:3,(anonymous_0)
FNDA:1,(anonymous_1)
FNDA:2,(anonymous_2)
FNDA:1,(anonymous_3)
DA:1,1
DA:2,1
DA:4,1
DA:10,1
DA:12,1
DA:14,3
DA:15,3
DA:19,3
DA:22,1
DA:23,1
DA:28,2
LF:11
LH:11
BRDA:22,0,0,1
BRDA:22,0,1,0
BRF:2
BRH:1
end_of_record
TN:
SF:src/main/webapp/app/account/password-reset/init/password-reset-init.service.ts
FN:9,(anonymous_0)
FN:11,(anonymous_1)
FNF:2
FNH:1
FNDA:3,(anonymous_0)
FNDA:0,(anonymous_1)
DA:1,1
DA:2,1
DA:5,1
DA:8,1
DA:9,3
DA:12,0
LF:6
LH:5
BRF:0
BRH:0
end_of_record
TN:
SF:src/main/webapp/app/account/register/register.component.html
FNF:0
FNH:0
DA:1,1
LF:1
LH:1
BRF:0
BRH:0
end_of_record
TN:
SF:src/main/webapp/app/account/register/register.component.ts
FN:39,(anonymous_0)
FN:46,(anonymous_1)
FN:52,(anonymous_2)
FN:65,(anonymous_3)
FN:66,(anonymous_4)
FN:71,(anonymous_5)
FN:75,(anonymous_6)
FNF:7
FNH:5
FNDA:5,(anonymous_0)
FNDA:0,(anonymous_1)
FNDA:5,(anonymous_2)
FNDA:1,(anonymous_3)
FNDA:3,(anonymous_4)
FNDA:0,(anonymous_5)
FNDA:3,(anonymous_6)
DA:1,1
DA:3,1
DA:4,1
DA:6,1
DA:7,1
DA:8,1
DA:14,1
DA:16,1
DA:18,5
DA:19,5
DA:20,5
DA:21,5
DA:22,5
DA:24,5
DA:40,5
DA:41,5
DA:42,5
DA:43,5
DA:47,0
DA:48,0
DA:53,5
DA:54,5
DA:55,5
DA:56,5
DA:58,5
DA:59,5
DA:60,1
DA:62,4
DA:63,4
DA:64,4
DA:65,1
DA:66,3
DA:72,0
DA:76,3
DA:77,1
DA:78,2
DA:79,1
DA:81,1
LF:38
LH:35
BRDA:47,0,0,0
BRDA:47,0,1,0
BRDA:59,1,0,1
BRDA:59,1,1,4
BRDA:76,2,0,1
BRDA:76,2,1,2
BRDA:76,3,0,3
BRDA:76,3,1,2
BRDA:78,4,0,1
BRDA:78,4,1,1
BRDA:78,5,0,2
BRDA:78,5,1,1
BRF:12
BRH:10
end_of_record
TN:
SF:src/main/webapp/app/account/register/register.service.ts
FN:10,(anonymous_0)
FN:12,(anonymous_1)
FNF:2
FNH:1
FNDA:5,(anonymous_0)
FNDA:0,(anonymous_1)
DA:1,1
DA:2,1
DA:5,1
DA:9,1
DA:10,5
DA:13,0
LF:6
LH:5
BRF:0
BRH:0
end_of_record
TN:
SF:src/main/webapp/app/account/settings/settings.component.html
FNF:0
FNH:0
DA:1,1
LF:1
LH:1
BRF:0
BRH:0
end_of_record
TN:
SF:src/main/webapp/app/account/settings/settings.component.ts
FN:24,(anonymous_0)
FN:26,(anonymous_1)
FN:27,(anonymous_2)
FN:41,(anonymous_3)
FN:49,(anonymous_4)
FNF:5
FNH:5
FNDA:3,(anonymous_0)
FNDA:3,(anonymous_1)
FNDA:3,(anonymous_2)
FNDA:3,(anonymous_3)
FNDA:2,(anonymous_4)
DA:1,1
DA:2,1
DA:3,1
DA:5,1
DA:7,1
DA:13,1
DA:15,3
DA:16,3
DA:17,3
DA:24,3
DA:27,3
DA:28,3
DA:29,3
DA:36,3
DA:42,3
DA:44,3
DA:45,3
DA:46,3
DA:47,3
DA:49,3
DA:50,2
DA:52,2
DA:54,2
DA:55,0
LF:24
LH:23
BRDA:28,0,0,3
BRDA:28,0,1,0
BRDA:54,1,0,0
BRDA:54,1,1,2
BRF:4
BRH:2
end_of_record
TN:
SF:src/main/webapp/app/admin/audits/audit.model.ts
FN:4,(anonymous_0)
FNF:1
FNH:1
FNDA:2,(anonymous_0)
DA:3,2
DA:4,2
LF:2
LH:2
BRF:0
BRH:0
end_of_record
TN:
SF:src/main/webapp/app/admin/audits/audits.component.html
FNF:0
FNH:0
DA:1,1
LF:1
LH:1
BRF:0
BRH:0
end_of_record
TN:
SF:src/main/webapp/app/admin/audits/audits.component.ts
FN:27,(anonymous_0)
FN:34,(anonymous_1)
FN:40,(anonymous_2)
FN:44,(anonymous_3)
FN:57,(anonymous_4)
FN:67,(anonymous_5)
FN:74,(anonymous_6)
FN:75,(anonymous_7)
FN:91,(anonymous_8)
FN:100,(anonymous_9)
FN:103,(anonymous_10)
FN:111,(anonymous_11)
FNF:12
FNH:12
FNDA:12,(anonymous_0)
FNDA:10,(anonymous_1)
FNDA:4,(anonymous_2)
FNDA:2,(anonymous_3)
FNDA:10,(anonymous_4)
FNDA:10,(anonymous_5)
FNDA:10,(anonymous_6)
FNDA:47,(anonymous_7)
FNDA:47,(anonymous_8)
FNDA:6,(anonymous_9)
FNDA:47,(anonymous_10)
FNDA:6,(anonymous_11)
DA:1,1
DA:3,1
DA:4,1
DA:5,1
DA:7,1
DA:9,1
DA:15,1
DA:17,12
DA:18,12
DA:22,12
DA:23,12
DA:25,12
DA:28,12
DA:29,12
DA:30,12
DA:31,12
DA:35,10
DA:36,10
DA:37,10
DA:41,4
DA:45,2
DA:46,1
DA:58,10
DA:59,10
DA:60,4
DA:62,6
DA:64,10
DA:69,10
DA:70,10
DA:71,10
DA:75,10
DA:76,47
DA:77,47
DA:78,47
DA:79,47
DA:80,47
DA:81,47
DA:82,0
DA:84,47
DA:85,0
DA:87,47
DA:92,47
DA:100,6
DA:104,47
DA:105,47
DA:106,19
DA:108,47
DA:112,6
DA:113,6
LF:49
LH:47
BRDA:41,0,0,4
BRDA:41,0,1,2
BRDA:45,1,0,1
BRDA:45,1,1,1
BRDA:49,2,0,0
BRDA:49,2,1,1
BRDA:59,3,0,4
BRDA:59,3,1,6
BRDA:77,4,0,0
BRDA:77,4,1,47
BRDA:78,5,0,37
BRDA:78,5,1,10
BRDA:78,6,0,47
BRDA:78,6,1,37
BRDA:81,7,0,0
BRDA:81,7,1,47
BRDA:84,8,0,0
BRDA:84,8,1,47
BRDA:104,9,0,19
BRDA:104,9,1,28
BRDA:105,10,0,19
BRDA:105,10,1,28
BRDA:113,11,0,6
BRDA:113,11,1,5
BRF:24
BRH:20
end_of_record
TN:
SF:src/main/webapp/app/admin/audits/audits.service.ts
FN:16,(anonymous_0)
FN:18,(anonymous_1)
FNF:2
FNH:2
FNDA:15,(anonymous_0)
FNDA:44,(anonymous_1)
DA:1,2
DA:2,2
DA:5,2
DA:6,2
DA:15,2
DA:16,15
DA:19,44
DA:21,44
DA:23,44
LF:9
LH:9
BRF:0
BRH:0
end_of_record
TN:
SF:src/main/webapp/app/admin/configuration/configuration.component.html
FNF:0
FNH:0
DA:1,1
LF:1
LH:1
BRF:0
BRH:0
end_of_record
TN:
SF:src/main/webapp/app/admin/configuration/configuration.component.ts
FN:16,(anonymous_0)
FN:18,(anonymous_1)
FN:19,(anonymous_2)
FN:24,(anonymous_3)
FN:27,(anonymous_4)
FN:29,(anonymous_5)
FN:30,(anonymous_6)
FNF:7
FNH:6
FNDA:1,(anonymous_0)
FNDA:1,(anonymous_1)
FNDA:1,(anonymous_2)
FNDA:1,(anonymous_3)
FNDA:1,(anonymous_4)
FNDA:1,(anonymous_5)
FNDA:0,(anonymous_6)
DA:1,1
DA:3,1
DA:9,1
DA:11,1
DA:12,1
DA:13,1
DA:14,1
DA:16,1
DA:19,1
DA:20,1
DA:21,1
DA:24,1
DA:28,1
DA:29,1
DA:30,0
LF:15
LH:14
BRDA:29,0,0,1
BRDA:29,0,1,0
BRDA:30,1,0,0
BRDA:30,1,1,0
BRDA:30,2,0,0
BRDA:30,2,1,0
BRDA:30,3,0,0
BRDA:30,3,1,0
BRF:8
BRH:1
end_of_record
TN:
SF:src/main/webapp/app/admin/configuration/configuration.service.ts
FN:51,(anonymous_0)
FN:53,(anonymous_1)
FN:55,(anonymous_2)
FN:58,(anonymous_3)
FN:59,(anonymous_4)
FN:65,(anonymous_5)
FN:66,(anonymous_6)
FNF:7
FNH:6
FNDA:4,(anonymous_0)
FNDA:2,(anonymous_1)
FNDA:1,(anonymous_2)
FNDA:1,(anonymous_3)
FNDA:0,(anonymous_4)
FNDA:1,(anonymous_5)
FNDA:1,(anonymous_6)
DA:1,2
DA:2,2
DA:4,2
DA:6,2
DA:50,2
DA:51,4
DA:54,2
DA:56,1
DA:58,1
DA:59,0
DA:66,1
LF:11
LH:10
BRF:0
BRH:0
end_of_record
TN:
SF:src/main/webapp/app/admin/health/health-modal.component.html
FNF:0
FNH:0
DA:1,1
LF:1
LH:1
BRF:0
BRH:0
end_of_record
TN:
SF:src/main/webapp/app/admin/health/health-modal.component.ts
FN:13,(anonymous_0)
FN:15,(anonymous_1)
FN:34,(anonymous_2)
FNF:3
FNH:0
FNDA:0,(anonymous_0)
FNDA:0,(anonymous_1)
FNDA:0,(anonymous_2)
DA:1,1
DA:2,1
DA:10,1
DA:13,0
DA:16,0
DA:18,0
DA:19,0
DA:21,0
DA:23,0
DA:27,0
DA:28,0
DA:30,0
DA:35,0
LF:13
LH:3
BRDA:16,0,0,0
BRDA:16,0,1,0
BRDA:16,1,0,0
BRDA:16,1,1,0
BRDA:19,2,0,0
BRDA:19,2,1,0
BRDA:27,3,0,0
BRDA:27,3,1,0
BRF:8
BRH:0
end_of_record
TN:
SF:src/main/webapp/app/admin/health/health.component.html
FNF:0
FNH:0
DA:1,1
LF:1
LH:1
BRF:0
BRH:0
end_of_record
TN:
SF:src/main/webapp/app/admin/health/health.component.ts
FN:15,(anonymous_0)
FN:17,(anonymous_1)
FN:21,(anonymous_2)
FN:29,(anonymous_3)
FN:31,(anonymous_4)
FN:32,(anonymous_5)
FN:40,(anonymous_6)
FNF:7
FNH:6
FNDA:3,(anonymous_0)
FNDA:1,(anonymous_1)
FNDA:2,(anonymous_2)
FNDA:2,(anonymous_3)
FNDA:1,(anonymous_4)
FNDA:1,(anonymous_5)
FNDA:0,(anonymous_6)
DA:1,1
DA:3,1
DA:5,1
DA:6,1
DA:12,1
DA:15,3
DA:18,1
DA:22,2
DA:23,1
DA:25,1
DA:30,2
DA:31,1
DA:33,1
DA:34,1
DA:41,0
DA:42,0
LF:16
LH:14
BRDA:22,0,0,1
BRDA:22,0,1,1
BRDA:33,1,0,1
BRDA:33,1,1,0
BRF:4
BRH:3
end_of_record
TN:
SF:src/main/webapp/app/admin/health/health.service.ts
FN:25,(anonymous_0)
FN:27,(anonymous_1)
FNF:2
FNH:1
FNDA:3,(anonymous_0)
FNDA:0,(anonymous_1)
DA:1,1
DA:2,1
DA:5,1
DA:24,1
DA:25,3
DA:28,0
LF:6
LH:5
BRF:0
BRH:0
end_of_record
TN:
SF:src/main/webapp/app/admin/logs/log.model.ts
FN:14,(anonymous_0)
FNF:1
FNH:1
FNDA:4,(anonymous_0)
DA:13,1
DA:14,4
LF:2
LH:2
BRF:0
BRH:0
end_of_record
TN:
SF:src/main/webapp/app/admin/logs/logs.component.html
FNF:0
FNH:0
DA:1,1
LF:1
LH:1
BRF:0
BRH:0
end_of_record
TN:
SF:src/main/webapp/app/admin/logs/logs.component.ts
FN:16,(anonymous_0)
FN:18,(anonymous_1)
FN:22,(anonymous_2)
FN:23,(anonymous_3)
FN:26,(anonymous_4)
FN:30,(anonymous_5)
FN:31,(anonymous_6)
FNF:7
FNH:7
FNDA:3,(anonymous_0)
FNDA:1,(anonymous_1)
FNDA:1,(anonymous_2)
FNDA:1,(anonymous_3)
FNDA:2,(anonymous_4)
FNDA:2,(anonymous_5)
FNDA:2,(anonymous_6)
DA:1,1
DA:3,1
DA:4,1
DA:10,1
DA:12,3
DA:13,3
DA:14,3
DA:16,3
DA:19,1
DA:23,1
DA:27,2
DA:31,2
LF:12
LH:12
BRF:0
BRH:0
end_of_record
TN:
SF:src/main/webapp/app/admin/logs/logs.service.ts
FN:10,(anonymous_0)
FN:12,(anonymous_1)
FN:16,(anonymous_2)
FNF:3
FNH:3
FNDA:5,(anonymous_0)
FNDA:1,(anonymous_1)
FNDA:1,(anonymous_2)
DA:1,2
DA:2,2
DA:5,2
DA:9,2
DA:10,5
DA:13,1
DA:17,1
LF:7
LH:7
BRF:0
BRH:0
end_of_record
TN:
SF:src/main/webapp/app/admin/metrics/metrics.component.html
FNF:0
FNH:0
DA:1,1
LF:1
LH:1
BRF:0
BRH:0
end_of_record
TN:
SF:src/main/webapp/app/admin/metrics/metrics.component.ts
FN:16,(anonymous_0)
FN:18,(anonymous_1)
FN:22,(anonymous_2)
FN:28,(anonymous_3)
FN:29,(anonymous_4)
FN:40,(anonymous_5)
FN:44,(anonymous_6)
FNF:7
FNH:4
FNDA:1,(anonymous_0)
FNDA:1,(anonymous_1)
FNDA:1,(anonymous_2)
FNDA:1,(anonymous_3)
FNDA:0,(anonymous_4)
FNDA:0,(anonymous_5)
FNDA:0,(anonymous_6)
DA:1,1
DA:2,1
DA:4,1
DA:11,1
DA:14,1
DA:16,1
DA:19,1
DA:23,1
DA:24,1
DA:28,1
DA:30,0
DA:31,0
DA:32,0
DA:33,0
DA:41,0
DA:45,0
LF:16
LH:10
BRDA:41,0,0,0
BRDA:41,0,1,0
BRDA:45,1,0,0
BRDA:45,1,1,0
BRDA:45,1,2,0
BRF:5
BRH:0
end_of_record
TN:
SF:src/main/webapp/app/admin/metrics/metrics.service.ts
FN:14,(anonymous_0)
FN:16,(anonymous_1)
FN:20,(anonymous_2)
FNF:3
FNH:3
FNDA:4,(anonymous_0)
FNDA:2,(anonymous_1)
FNDA:2,(anonymous_2)
DA:1,2
DA:2,2
DA:5,2
DA:13,2
DA:14,4
DA:17,2
DA:21,2
LF:7
LH:7
BRF:0
BRH:0
end_of_record
TN:
SF:src/main/webapp/app/admin/user-management/user-management-delete-dialog.component.html
FNF:0
FNH:0
DA:1,2
LF:1
LH:1
BRF:0
BRH:0
end_of_record
TN:
SF:src/main/webapp/app/admin/user-management/user-management-delete-dialog.component.ts
FN:15,(anonymous_0)
FN:17,(anonymous_1)
FN:21,(anonymous_2)
FN:22,(anonymous_3)
FNF:4
FNH:3
FNDA:1,(anonymous_0)
FNDA:0,(anonymous_1)
FNDA:1,(anonymous_2)
FNDA:1,(anonymous_3)
DA:1,2
DA:2,2
DA:3,2
DA:6,2
DA:12,2
DA:15,1
DA:18,0
DA:22,1
DA:23,1
DA:24,1
LF:10
LH:9
BRF:0
BRH:0
end_of_record
TN:
SF:src/main/webapp/app/admin/user-management/user-management-detail.component.html
FNF:0
FNH:0
DA:1,1
LF:1
LH:1
BRF:0
BRH:0
end_of_record
TN:
SF:src/main/webapp/app/admin/user-management/user-management-detail.component.ts
FN:13,(anonymous_0)
FN:15,(anonymous_1)
FN:16,(anonymous_2)
FNF:3
FNH:3
FNDA:1,(anonymous_0)
FNDA:1,(anonymous_1)
FNDA:1,(anonymous_2)
DA:1,1
DA:2,1
DA:10,1
DA:11,1
DA:13,1
DA:16,1
LF:6
LH:6
BRF:0
BRH:0
end_of_record
TN:
SF:src/main/webapp/app/admin/user-management/user-management-update.component.html
FNF:0
FNH:0
DA:1,1
LF:1
LH:1
BRF:0
BRH:0
end_of_record
TN:
SF:src/main/webapp/app/admin/user-management/user-management-update.component.ts
FN:38,(anonymous_0)
FN:40,(anonymous_1)
FN:41,(anonymous_2)
FN:50,(anonymous_3)
FN:55,(anonymous_4)
FN:59,(anonymous_5)
FN:64,(anonymous_6)
FN:65,(anonymous_7)
FN:69,(anonymous_8)
FN:70,(anonymous_9)
FN:75,(anonymous_10)
FN:88,(anonymous_11)
FN:98,(anonymous_12)
FN:103,(anonymous_13)
FNF:14
FNH:11
FNDA:3,(anonymous_0)
FNDA:1,(anonymous_1)
FNDA:1,(anonymous_2)
FNDA:1,(anonymous_3)
FNDA:2,(anonymous_4)
FNDA:2,(anonymous_5)
FNDA:1,(anonymous_6)
FNDA:0,(anonymous_7)
FNDA:1,(anonymous_8)
FNDA:0,(anonymous_9)
FNDA:1,(anonymous_10)
FNDA:2,(anonymous_11)
FNDA:2,(anonymous_12)
FNDA:0,(anonymous_13)
DA:1,1
DA:2,1
DA:3,1
DA:5,1
DA:7,1
DA:13,1
DA:15,3
DA:16,3
DA:17,3
DA:19,3
DA:38,3
DA:41,1
DA:42,1
DA:43,1
DA:44,1
DA:45,0
DA:47,1
DA:50,1
DA:51,1
DA:56,2
DA:60,2
DA:61,2
DA:62,2
DA:63,1
DA:64,1
DA:65,0
DA:68,1
DA:69,1
DA:70,0
DA:76,1
DA:89,2
DA:90,2
DA:91,2
DA:92,2
DA:93,2
DA:94,2
DA:95,2
DA:99,2
DA:100,2
DA:104,0
LF:40
LH:36
BRDA:42,0,0,1
BRDA:42,0,1,0
BRDA:44,1,0,0
BRDA:44,1,1,1
BRDA:62,2,0,1
BRDA:62,2,1,1
BRF:6
BRH:4
end_of_record
TN:
SF:src/main/webapp/app/admin/user-management/user-management.component.html
FNF:0
FNH:0
DA:1,1
LF:1
LH:1
BRF:0
BRH:0
end_of_record
TN:
SF:src/main/webapp/app/admin/user-management/user-management.component.ts
FN:29,(anonymous_0)
FN:38,(anonymous_1)
FN:39,(anonymous_2)
FN:40,(anonymous_3)
FN:44,(anonymous_4)
FN:50,(anonymous_5)
FN:51,(anonymous_6)
FN:54,(anonymous_7)
FN:58,(anonymous_8)
FN:63,(anonymous_9)
FN:73,(anonymous_10)
FN:74,(anonymous_11)
FN:84,(anonymous_12)
FN:91,(anonymous_13)
FN:94,(anonymous_14)
FN:102,(anonymous_15)
FNF:16
FNH:12
FNDA:2,(anonymous_0)
FNDA:1,(anonymous_1)
FNDA:1,(anonymous_2)
FNDA:0,(anonymous_3)
FNDA:1,(anonymous_4)
FNDA:1,(anonymous_5)
FNDA:1,(anonymous_6)
FNDA:0,(anonymous_7)
FNDA:0,(anonymous_8)
FNDA:0,(anonymous_9)
FNDA:1,(anonymous_10)
FNDA:1,(anonymous_11)
FNDA:2,(anonymous_12)
FNDA:2,(anonymous_13)
FNDA:2,(anonymous_14)
FNDA:2,(anonymous_15)
DA:1,1
DA:3,1
DA:4,1
DA:5,1
DA:6,1
DA:8,1
DA:9,1
DA:11,1
DA:13,1
DA:19,1
DA:20,2
DA:21,2
DA:23,2
DA:24,2
DA:30,2
DA:31,2
DA:32,2
DA:33,2
DA:34,2
DA:35,2
DA:39,1
DA:40,1
DA:41,1
DA:45,1
DA:46,0
DA:51,1
DA:55,0
DA:59,0
DA:60,0
DA:64,0
DA:74,1
DA:75,1
DA:76,1
DA:77,1
DA:78,1
DA:79,1
DA:80,1
DA:85,2
DA:91,2
DA:95,2
DA:96,2
DA:97,1
DA:99,2
DA:103,2
DA:104,2
LF:45
LH:40
BRDA:45,0,0,0
BRDA:45,0,1,1
BRDA:68,1,0,0
BRDA:68,1,1,0
BRDA:76,2,0,0
BRDA:76,2,1,1
BRDA:77,3,0,0
BRDA:77,3,1,1
BRDA:77,4,0,1
BRDA:77,4,1,0
BRDA:95,5,0,0
BRDA:95,5,1,2
BRDA:96,6,0,1
BRDA:96,6,1,1
BRF:14
BRH:7
end_of_record
TN:
SF:src/main/webapp/app/core/auth/account.service.ts
FN:19,(anonymous_0)
FN:27,(anonymous_1)
FN:31,(anonymous_2)
FN:36,(anonymous_3)
FN:43,(anonymous_4)
FN:46,(anonymous_5)
FN:49,(anonymous_6)
FN:52,(anonymous_7)
FN:72,(anonymous_8)
FN:76,(anonymous_9)
FN:80,(anonymous_10)
FN:84,(anonymous_11)
FN:88,(anonymous_12)
FNF:13
FNH:11
FNDA:13,(anonymous_0)
FNDA:0,(anonymous_1)
FNDA:11,(anonymous_2)
FNDA:6,(anonymous_3)
FNDA:4,(anonymous_4)
FNDA:7,(anonymous_5)
FNDA:1,(anonymous_6)
FNDA:4,(anonymous_7)
FNDA:4,(anonymous_8)
FNDA:2,(anonymous_9)
FNDA:0,(anonymous_10)
FNDA:6,(anonymous_11)
FNDA:3,(anonymous_12)
DA:1,47
DA:2,47
DA:3,47
DA:4,47
DA:5,47
DA:6,47
DA:7,47
DA:8,47
DA:10,47
DA:14,47
DA:15,13
DA:16,13
DA:20,13
DA:21,13
DA:22,13
DA:23,13
DA:24,13
DA:28,0
DA:32,11
DA:33,11
DA:37,6
DA:38,2
DA:40,4
DA:41,2
DA:43,4
DA:47,7
DA:48,6
DA:50,1
DA:53,4
DA:57,4
DA:58,0
DA:59,0
DA:62,4
DA:63,3
DA:69,7
DA:73,4
DA:77,2
DA:81,0
DA:85,6
DA:91,3
DA:92,3
DA:93,1
DA:94,1
LF:43
LH:39
BRDA:37,0,0,2
BRDA:37,0,1,4
BRDA:37,1,0,6
BRDA:37,1,1,4
BRDA:40,2,0,2
BRDA:40,2,1,2
BRDA:47,3,0,6
BRDA:47,3,1,1
BRDA:47,4,0,7
BRDA:47,4,1,2
BRDA:47,4,2,2
BRDA:57,5,0,0
BRDA:57,5,1,4
BRDA:57,6,0,4
BRDA:57,6,1,3
BRDA:58,7,0,0
BRDA:58,7,1,0
BRDA:62,8,0,3
BRDA:62,8,1,1
BRDA:81,9,0,0
BRDA:81,9,1,0
BRDA:92,10,0,1
BRDA:92,10,1,2
BRF:23
BRH:18
end_of_record
TN:
SF:src/main/webapp/app/core/auth/auth-jwt.service.ts
FN:16,(anonymous_0)
FN:18,(anonymous_1)
FN:22,(anonymous_2)
FN:25,(anonymous_3)
FN:28,(anonymous_4)
FN:29,(anonymous_5)
FN:36,(anonymous_6)
FNF:7
FNH:1
FNDA:2,(anonymous_0)
FNDA:0,(anonymous_1)
FNDA:0,(anonymous_2)
FNDA:0,(anonymous_3)
FNDA:0,(anonymous_4)
FNDA:0,(anonymous_5)
FNDA:0,(anonymous_6)
DA:1,46
DA:2,46
DA:3,46
DA:4,46
DA:5,46
DA:7,46
DA:15,46
DA:16,2
DA:19,0
DA:23,0
DA:25,0
DA:29,0
DA:30,0
DA:31,0
DA:32,0
DA:37,0
DA:38,0
DA:39,0
DA:41,0
LF:19
LH:8
BRDA:19,0,0,0
BRDA:19,0,1,0
BRDA:19,0,2,0
BRDA:38,1,0,0
BRDA:38,1,1,0
BRF:5
BRH:0
end_of_record
TN:
SF:src/main/webapp/app/core/auth/state-storage.service.ts
FN:8,(anonymous_0)
FN:10,(anonymous_1)
FN:14,(anonymous_2)
FN:18,(anonymous_3)
FNF:4
FNH:0
FNDA:0,(anonymous_0)
FNDA:0,(anonymous_1)
FNDA:0,(anonymous_2)
FNDA:0,(anonymous_3)
DA:1,47
DA:2,47
DA:5,47
DA:6,0
DA:8,0
DA:11,0
DA:15,0
DA:19,0
LF:8
LH:3
BRF:0
BRH:0
end_of_record
TN:
SF:src/main/webapp/app/core/language/language.constants.ts
FNF:0
FNH:0
DA:5,3
LF:1
LH:1
BRF:0
BRH:0
end_of_record
TN:
SF:src/main/webapp/app/core/login/login-modal.service.ts
FN:10,(anonymous_0)
FN:12,(anonymous_1)
FN:18,(anonymous_2)
FNF:3
FNH:3
FNDA:2,(anonymous_0)
FNDA:3,(anonymous_1)
FNDA:2,(anonymous_2)
DA:1,46
DA:2,46
DA:4,46
DA:7,46
DA:8,2
DA:10,2
DA:13,3
DA:14,1
DA:16,2
DA:17,2
DA:18,2
LF:11
LH:11
BRDA:13,0,0,1
BRDA:13,0,1,2
BRF:2
BRH:2
end_of_record
TN:
SF:src/main/webapp/app/core/login/login.service.ts
FN:12,(anonymous_0)
FN:14,(anonymous_1)
FN:15,(anonymous_2)
FN:18,(anonymous_3)
FN:19,(anonymous_4)
FNF:5
FNH:1
FNDA:2,(anonymous_0)
FNDA:0,(anonymous_1)
FNDA:0,(anonymous_2)
FNDA:0,(anonymous_3)
FNDA:0,(anonymous_4)
DA:1,46
DA:3,46
DA:6,46
DA:7,46
DA:11,46
DA:12,2
DA:15,0
DA:19,0
LF:8
LH:6
BRF:0
BRH:0
end_of_record
TN:
SF:src/main/webapp/app/core/user/user.model.ts
FN:18,(anonymous_0)
FNF:1
FNH:1
FNDA:7,(anonymous_0)
DA:17,4
DA:19,7
DA:20,7
DA:21,7
DA:22,7
DA:23,7
DA:24,7
DA:25,7
DA:26,7
DA:27,7
DA:28,7
DA:29,7
DA:30,7
DA:31,7
LF:14
LH:14
BRF:0
BRH:0
end_of_record
TN:
SF:src/main/webapp/app/core/user/user.service.ts
FN:13,(anonymous_0)
FN:15,(anonymous_1)
FN:19,(anonymous_2)
FN:23,(anonymous_3)
FN:27,(anonymous_4)
FN:32,(anonymous_5)
FN:36,(anonymous_6)
FNF:7
FNH:3
FNDA:12,(anonymous_0)
FNDA:0,(anonymous_1)
FNDA:0,(anonymous_2)
FNDA:3,(anonymous_3)
FNDA:0,(anonymous_4)
FNDA:0,(anonymous_5)
FNDA:1,(anonymous_6)
DA:1,5
DA:2,5
DA:5,5
DA:6,5
DA:10,5
DA:11,12
DA:13,12
DA:16,0
DA:20,0
DA:24,3
DA:28,0
DA:29,0
DA:33,0
DA:37,1
LF:14
LH:9
BRF:0
BRH:0
end_of_record
TN:
SF:src/main/webapp/app/entities/auteur/auteur-delete-dialog.component.html
FNF:0
FNH:0
DA:1,2
LF:1
LH:1
BRF:0
BRH:0
end_of_record
TN:
SF:src/main/webapp/app/entities/auteur/auteur-delete-dialog.component.ts
FN:14,(anonymous_0)
FN:16,(anonymous_1)
FN:20,(anonymous_2)
FN:21,(anonymous_3)
FNF:4
FNH:4
FNDA:2,(anonymous_0)
FNDA:1,(anonymous_1)
FNDA:1,(anonymous_2)
FNDA:1,(anonymous_3)
DA:1,2
DA:2,2
DA:3,2
DA:6,2
DA:11,2
DA:14,2
DA:17,1
DA:21,1
DA:22,1
DA:23,1
LF:10
LH:10
BRF:0
BRH:0
end_of_record
TN:
SF:src/main/webapp/app/entities/auteur/auteur-detail.component.html
FNF:0
FNH:0
DA:1,1
LF:1
LH:1
BRF:0
BRH:0
end_of_record
TN:
SF:src/main/webapp/app/entities/auteur/auteur-detail.component.ts
FN:13,(anonymous_0)
FN:15,(anonymous_1)
FN:16,(anonymous_2)
FN:19,(anonymous_3)
FNF:4
FNH:3
FNDA:1,(anonymous_0)
FNDA:1,(anonymous_1)
FNDA:1,(anonymous_2)
FNDA:0,(anonymous_3)
DA:1,1
DA:2,1
DA:10,1
DA:11,1
DA:13,1
DA:16,1
DA:20,0
LF:7
LH:6
BRF:0
BRH:0
end_of_record
TN:
SF:src/main/webapp/app/entities/auteur/auteur-update.component.html
FNF:0
FNH:0
DA:1,1
LF:1
LH:1
BRF:0
BRH:0
end_of_record
TN:
SF:src/main/webapp/app/entities/auteur/auteur-update.component.ts
FN:27,(anonymous_0)
FN:34,(anonymous_1)
FN:35,(anonymous_2)
FN:38,(anonymous_3)
FN:42,(anonymous_4)
FN:50,(anonymous_5)
FN:54,(anonymous_6)
FN:64,(anonymous_7)
FN:73,(anonymous_8)
FN:75,(anonymous_9)
FN:76,(anonymous_10)
FN:80,(anonymous_11)
FN:85,(anonymous_12)
FN:89,(anonymous_13)
FN:93,(anonymous_14)
FNF:15
FNH:8
FNDA:2,(anonymous_0)
FNDA:0,(anonymous_1)
FNDA:0,(anonymous_2)
FNDA:0,(anonymous_3)
FNDA:2,(anonymous_4)
FNDA:2,(anonymous_5)
FNDA:2,(anonymous_6)
FNDA:2,(anonymous_7)
FNDA:2,(anonymous_8)
FNDA:2,(anonymous_9)
FNDA:0,(anonymous_10)
FNDA:2,(anonymous_11)
FNDA:0,(anonymous_12)
FNDA:0,(anonymous_13)
FNDA:0,(anonymous_14)
DA:1,1
DA:4,1
DA:5,1
DA:8,1
DA:9,1
DA:11,1
DA:17,1
DA:18,2
DA:19,2
DA:21,2
DA:28,2
DA:29,2
DA:30,2
DA:31,2
DA:35,0
DA:36,0
DA:38,0
DA:43,2
DA:51,2
DA:55,2
DA:56,2
DA:57,2
DA:58,1
DA:60,1
DA:65,2
DA:74,2
DA:75,2
DA:76,0
DA:81,2
DA:82,2
DA:86,0
DA:90,0
DA:94,0
DA:95,0
DA:96,0
DA:97,0
DA:101,0
LF:37
LH:26
BRDA:38,0,0,0
BRDA:38,0,1,0
BRDA:57,1,0,1
BRDA:57,1,1,1
BRDA:94,2,0,0
BRDA:94,2,1,0
BRDA:96,3,0,0
BRDA:96,3,1,0
BRF:8
BRH:2
end_of_record
TN:
SF:src/main/webapp/app/entities/auteur/auteur.component.html
FNF:0
FNH:0
DA:1,1
LF:1
LH:1
BRF:0
BRH:0
end_of_record
TN:
SF:src/main/webapp/app/entities/auteur/auteur.component.ts
FN:19,(anonymous_0)
FN:21,(anonymous_1)
FN:22,(anonymous_2)
FN:25,(anonymous_3)
FN:30,(anonymous_4)
FN:36,(anonymous_5)
FN:41,(anonymous_6)
FN:42,(anonymous_7)
FN:45,(anonymous_8)
FNF:9
FNH:5
FNDA:1,(anonymous_0)
FNDA:1,(anonymous_1)
FNDA:1,(anonymous_2)
FNDA:1,(anonymous_3)
FNDA:0,(anonymous_4)
FNDA:0,(anonymous_5)
FNDA:1,(anonymous_6)
FNDA:0,(anonymous_7)
FNDA:0,(anonymous_8)
DA:1,1
DA:4,1
DA:5,1
DA:8,1
DA:9,1
DA:15,1
DA:19,1
DA:22,1
DA:26,1
DA:27,1
DA:31,0
DA:32,0
DA:38,0
DA:42,1
DA:46,0
DA:47,0
LF:16
LH:11
BRDA:22,0,0,1
BRDA:22,0,1,0
BRDA:31,1,0,0
BRDA:31,1,1,0
BRF:4
BRH:1
end_of_record
TN:
SF:src/main/webapp/app/entities/auteur/auteur.service.ts
FN:16,(anonymous_0)
FN:18,(anonymous_1)
FN:22,(anonymous_2)
FN:26,(anonymous_3)
FN:30,(anonymous_4)
FN:35,(anonymous_5)
FNF:6
FNH:6
FNDA:10,(anonymous_0)
FNDA:1,(anonymous_1)
FNDA:1,(anonymous_2)
FNDA:1,(anonymous_3)
FNDA:1,(anonymous_4)
FNDA:1,(anonymous_5)
DA:1,4
DA:2,4
DA:5,4
DA:6,4
DA:13,4
DA:14,10
DA:16,10
DA:19,1
DA:23,1
DA:27,1
DA:31,1
DA:32,1
DA:36,1
LF:13
LH:13
BRF:0
BRH:0
end_of_record
TN:
SF:src/main/webapp/app/entities/emplacement/emplacement-delete-dialog.component.html
FNF:0
FNH:0
DA:1,2
LF:1
LH:1
BRF:0
BRH:0
end_of_record
TN:
SF:src/main/webapp/app/entities/emplacement/emplacement-delete-dialog.component.ts
FN:14,(anonymous_0)
FN:20,(anonymous_1)
FN:24,(anonymous_2)
FN:25,(anonymous_3)
FNF:4
FNH:4
FNDA:2,(anonymous_0)
FNDA:1,(anonymous_1)
FNDA:1,(anonymous_2)
FNDA:1,(anonymous_3)
DA:1,2
DA:2,2
DA:3,2
DA:6,2
DA:11,2
DA:15,2
DA:16,2
DA:17,2
DA:21,1
DA:25,1
DA:26,1
DA:27,1
LF:12
LH:12
BRF:0
BRH:0
end_of_record
TN:
SF:src/main/webapp/app/entities/emplacement/emplacement-detail.component.html
FNF:0
FNH:0
DA:1,1
LF:1
LH:1
BRF:0
BRH:0
end_of_record
TN:
SF:src/main/webapp/app/entities/emplacement/emplacement-detail.component.ts
FN:13,(anonymous_0)
FN:15,(anonymous_1)
FN:16,(anonymous_2)
FN:19,(anonymous_3)
FNF:4
FNH:3
FNDA:1,(anonymous_0)
FNDA:1,(anonymous_1)
FNDA:1,(anonymous_2)
FNDA:0,(anonymous_3)
DA:1,1
DA:2,1
DA:10,1
DA:11,1
DA:13,1
DA:16,1
DA:20,0
LF:7
LH:6
BRF:0
BRH:0
end_of_record
TN:
SF:src/main/webapp/app/entities/emplacement/emplacement-update.component.html
FNF:0
FNH:0
DA:1,1
LF:1
LH:1
BRF:0
BRH:0
end_of_record
TN:
SF:src/main/webapp/app/entities/emplacement/emplacement-update.component.ts
FN:23,(anonymous_0)
FN:25,(anonymous_1)
FN:26,(anonymous_2)
FN:31,(anonymous_3)
FN:38,(anonymous_4)
FN:42,(anonymous_5)
FN:52,(anonymous_6)
FN:60,(anonymous_7)
FN:62,(anonymous_8)
FN:63,(anonymous_9)
FN:67,(anonymous_10)
FN:72,(anonymous_11)
FNF:12
FNH:8
FNDA:2,(anonymous_0)
FNDA:0,(anonymous_1)
FNDA:0,(anonymous_2)
FNDA:2,(anonymous_3)
FNDA:2,(anonymous_4)
FNDA:2,(anonymous_5)
FNDA:2,(anonymous_6)
FNDA:2,(anonymous_7)
FNDA:2,(anonymous_8)
FNDA:0,(anonymous_9)
FNDA:2,(anonymous_10)
FNDA:0,(anonymous_11)
DA:1,1
DA:4,1
DA:5,1
DA:8,1
DA:9,1
DA:15,1
DA:16,2
DA:18,2
DA:23,2
DA:26,0
DA:27,0
DA:32,2
DA:39,2
DA:43,2
DA:44,2
DA:45,2
DA:46,1
DA:48,1
DA:53,2
DA:61,2
DA:62,2
DA:63,0
DA:68,2
DA:69,2
DA:73,0
LF:25
LH:21
BRDA:45,0,0,1
BRDA:45,0,1,1
BRF:2
BRH:2
end_of_record
TN:
SF:src/main/webapp/app/entities/emplacement/emplacement.component.html
FNF:0
FNH:0
DA:1,1
LF:1
LH:1
BRF:0
BRH:0
end_of_record
TN:
SF:src/main/webapp/app/entities/emplacement/emplacement.component.ts
FN:19,(anonymous_0)
FN:25,(anonymous_1)
FN:26,(anonymous_2)
FN:29,(anonymous_3)
FN:34,(anonymous_4)
FN:40,(anonymous_5)
FN:45,(anonymous_6)
FN:46,(anonymous_7)
FN:49,(anonymous_8)
FNF:9
FNH:5
FNDA:1,(anonymous_0)
FNDA:1,(anonymous_1)
FNDA:1,(anonymous_2)
FNDA:1,(anonymous_3)
FNDA:0,(anonymous_4)
FNDA:0,(anonymous_5)
FNDA:1,(anonymous_6)
FNDA:0,(anonymous_7)
FNDA:0,(anonymous_8)
DA:1,1
DA:4,1
DA:5,1
DA:8,1
DA:9,1
DA:15,1
DA:20,1
DA:21,1
DA:22,1
DA:26,1
DA:30,1
DA:31,1
DA:35,0
DA:36,0
DA:42,0
DA:46,1
DA:50,0
DA:51,0
LF:18
LH:13
BRDA:26,0,0,1
BRDA:26,0,1,0
BRDA:35,1,0,0
BRDA:35,1,1,0
BRF:4
BRH:1
end_of_record
TN:
SF:src/main/webapp/app/entities/emplacement/emplacement.service.ts
FN:16,(anonymous_0)
FN:18,(anonymous_1)
FN:22,(anonymous_2)
FN:26,(anonymous_3)
FN:30,(anonymous_4)
FN:35,(anonymous_5)
FNF:6
FNH:6
FNDA:12,(anonymous_0)
FNDA:1,(anonymous_1)
FNDA:1,(anonymous_2)
FNDA:1,(anonymous_3)
FNDA:1,(anonymous_4)
FNDA:1,(anonymous_5)
DA:1,5
DA:2,5
DA:5,5
DA:6,5
DA:13,5
DA:14,12
DA:16,12
DA:19,1
DA:23,1
DA:27,1
DA:31,1
DA:32,1
DA:36,1
LF:13
LH:13
BRF:0
BRH:0
end_of_record
TN:
SF:src/main/webapp/app/entities/emprunt/emprunt-delete-dialog.component.html
FNF:0
FNH:0
DA:1,2
LF:1
LH:1
BRF:0
BRH:0
end_of_record
TN:
SF:src/main/webapp/app/entities/emprunt/emprunt-delete-dialog.component.ts
FN:14,(anonymous_0)
FN:16,(anonymous_1)
FN:20,(anonymous_2)
FN:21,(anonymous_3)
FNF:4
FNH:4
FNDA:2,(anonymous_0)
FNDA:1,(anonymous_1)
FNDA:1,(anonymous_2)
FNDA:1,(anonymous_3)
DA:1,2
DA:2,2
DA:3,2
DA:6,2
DA:11,2
DA:14,2
DA:17,1
DA:21,1
DA:22,1
DA:23,1
LF:10
LH:10
BRF:0
BRH:0
end_of_record
TN:
SF:src/main/webapp/app/entities/emprunt/emprunt-detail.component.html
FNF:0
FNH:0
DA:1,1
LF:1
LH:1
BRF:0
BRH:0
end_of_record
TN:
SF:src/main/webapp/app/entities/emprunt/emprunt-detail.component.ts
FN:13,(anonymous_0)
FN:15,(anonymous_1)
FN:16,(anonymous_2)
FN:19,(anonymous_3)
FNF:4
FNH:3
FNDA:1,(anonymous_0)
FNDA:1,(anonymous_1)
FNDA:1,(anonymous_2)
FNDA:0,(anonymous_3)
DA:1,1
DA:2,1
DA:10,1
DA:11,1
DA:13,1
DA:16,1
DA:20,0
LF:7
LH:6
BRF:0
BRH:0
end_of_record
TN:
SF:src/main/webapp/app/entities/emprunt/emprunt-update.component.html
FNF:0
FNH:0
DA:1,1
LF:1
LH:1
BRF:0
BRH:0
end_of_record
TN:
SF:src/main/webapp/app/entities/emprunt/emprunt-update.component.ts
FN:35,(anonymous_0)
FN:43,(anonymous_1)
FN:44,(anonymous_2)
FN:50,(anonymous_3)
FN:54,(anonymous_4)
FN:61,(anonymous_5)
FN:65,(anonymous_6)
FN:69,(anonymous_7)
FN:73,(anonymous_8)
FN:82,(anonymous_9)
FN:86,(anonymous_10)
FN:96,(anonymous_11)
FN:106,(anonymous_12)
FN:108,(anonymous_13)
FN:109,(anonymous_14)
FN:113,(anonymous_15)
FN:118,(anonymous_16)
FN:122,(anonymous_17)
FNF:18
FNH:8
FNDA:2,(anonymous_0)
FNDA:0,(anonymous_1)
FNDA:0,(anonymous_2)
FNDA:0,(anonymous_3)
FNDA:0,(anonymous_4)
FNDA:0,(anonymous_5)
FNDA:0,(anonymous_6)
FNDA:0,(anonymous_7)
FNDA:2,(anonymous_8)
FNDA:2,(anonymous_9)
FNDA:2,(anonymous_10)
FNDA:2,(anonymous_11)
FNDA:2,(anonymous_12)
FNDA:2,(anonymous_13)
FNDA:0,(anonymous_14)
FNDA:2,(anonymous_15)
FNDA:0,(anonymous_16)
FNDA:0,(anonymous_17)
DA:1,1
DA:4,1
DA:5,1
DA:7,1
DA:9,1
DA:10,1
DA:12,1
DA:14,1
DA:22,1
DA:23,2
DA:24,2
DA:25,2
DA:28,2
DA:36,2
DA:37,2
DA:38,2
DA:39,2
DA:40,2
DA:44,0
DA:45,0
DA:47,0
DA:51,0
DA:55,0
DA:56,0
DA:58,0
DA:62,0
DA:65,0
DA:69,0
DA:74,2
DA:83,2
DA:87,2
DA:88,2
DA:89,2
DA:90,1
DA:92,1
DA:97,2
DA:107,2
DA:108,2
DA:109,0
DA:114,2
DA:115,2
DA:119,0
DA:123,0
LF:43
LH:30
BRDA:51,0,0,0
BRDA:51,0,1,0
BRDA:55,1,0,0
BRDA:55,1,1,0
BRDA:55,2,0,0
BRDA:55,2,1,0
BRDA:62,3,0,0
BRDA:62,3,1,0
BRDA:69,4,0,0
BRDA:69,4,1,0
BRDA:89,5,0,1
BRDA:89,5,1,1
BRF:12
BRH:2
end_of_record
TN:
SF:src/main/webapp/app/entities/emprunt/emprunt.component.html
FNF:0
FNH:0
DA:1,1
LF:1
LH:1
BRF:0
BRH:0
end_of_record
TN:
SF:src/main/webapp/app/entities/emprunt/emprunt.component.ts
FN:19,(anonymous_0)
FN:21,(anonymous_1)
FN:22,(anonymous_2)
FN:25,(anonymous_3)
FN:30,(anonymous_4)
FN:36,(anonymous_5)
FN:41,(anonymous_6)
FN:42,(anonymous_7)
FN:45,(anonymous_8)
FNF:9
FNH:5
FNDA:1,(anonymous_0)
FNDA:1,(anonymous_1)
FNDA:1,(anonymous_2)
FNDA:1,(anonymous_3)
FNDA:0,(anonymous_4)
FNDA:0,(anonymous_5)
FNDA:1,(anonymous_6)
FNDA:0,(anonymous_7)
FNDA:0,(anonymous_8)
DA:1,1
DA:4,1
DA:5,1
DA:8,1
DA:9,1
DA:15,1
DA:19,1
DA:22,1
DA:26,1
DA:27,1
DA:31,0
DA:32,0
DA:38,0
DA:42,1
DA:46,0
DA:47,0
LF:16
LH:11
BRDA:22,0,0,1
BRDA:22,0,1,0
BRDA:31,1,0,0
BRDA:31,1,1,0
BRF:4
BRH:1
end_of_record
TN:
SF:src/main/webapp/app/entities/emprunt/emprunt.service.ts
FN:19,(anonymous_0)
FN:21,(anonymous_1)
FN:25,(anonymous_2)
FN:28,(anonymous_3)
FN:32,(anonymous_4)
FN:35,(anonymous_5)
FN:38,(anonymous_6)
FN:41,(anonymous_7)
FN:45,(anonymous_8)
FN:48,(anonymous_9)
FN:52,(anonymous_10)
FN:59,(anonymous_11)
FN:66,(anonymous_12)
FN:68,(anonymous_13)
FNF:14
FNH:14
FNDA:10,(anonymous_0)
FNDA:1,(anonymous_1)
FNDA:1,(anonymous_2)
FNDA:1,(anonymous_3)
FNDA:1,(anonymous_4)
FNDA:1,(anonymous_5)
FNDA:1,(anonymous_6)
FNDA:1,(anonymous_7)
FNDA:1,(anonymous_8)
FNDA:1,(anonymous_9)
FNDA:2,(anonymous_10)
FNDA:3,(anonymous_11)
FNDA:1,(anonymous_12)
FNDA:1,(anonymous_13)
DA:1,4
DA:2,4
DA:4,4
DA:5,4
DA:7,4
DA:8,4
DA:9,4
DA:16,4
DA:17,10
DA:19,10
DA:22,1
DA:23,1
DA:25,1
DA:29,1
DA:30,1
DA:32,1
DA:36,1
DA:38,1
DA:42,1
DA:43,1
DA:45,1
DA:49,1
DA:53,2
DA:56,2
DA:60,3
DA:61,3
DA:63,3
DA:67,1
DA:68,1
DA:69,1
DA:72,1
LF:31
LH:31
BRDA:54,0,0,1
BRDA:54,0,1,1
BRDA:54,1,0,2
BRDA:54,1,1,1
BRDA:60,2,0,3
BRDA:60,2,1,0
BRDA:61,3,0,3
BRDA:61,3,1,0
BRDA:67,4,0,1
BRDA:67,4,1,0
BRDA:69,5,0,1
BRDA:69,5,1,0
BRF:12
BRH:8
end_of_record
TN:
SF:src/main/webapp/app/entities/exemplaire/exemplaire-delete-dialog.component.html
FNF:0
FNH:0
DA:1,2
LF:1
LH:1
BRF:0
BRH:0
end_of_record
TN:
SF:src/main/webapp/app/entities/exemplaire/exemplaire-delete-dialog.component.ts
FN:14,(anonymous_0)
FN:20,(anonymous_1)
FN:24,(anonymous_2)
FN:25,(anonymous_3)
FNF:4
FNH:4
FNDA:2,(anonymous_0)
FNDA:1,(anonymous_1)
FNDA:1,(anonymous_2)
FNDA:1,(anonymous_3)
DA:1,2
DA:2,2
DA:3,2
DA:6,2
DA:11,2
DA:15,2
DA:16,2
DA:17,2
DA:21,1
DA:25,1
DA:26,1
DA:27,1
LF:12
LH:12
BRF:0
BRH:0
end_of_record
TN:
SF:src/main/webapp/app/entities/exemplaire/exemplaire-detail.component.html
FNF:0
FNH:0
DA:1,1
LF:1
LH:1
BRF:0
BRH:0
end_of_record
TN:
SF:src/main/webapp/app/entities/exemplaire/exemplaire-detail.component.ts
FN:13,(anonymous_0)
FN:15,(anonymous_1)
FN:16,(anonymous_2)
FN:19,(anonymous_3)
FNF:4
FNH:3
FNDA:1,(anonymous_0)
FNDA:1,(anonymous_1)
FNDA:1,(anonymous_2)
FNDA:0,(anonymous_3)
DA:1,1
DA:2,1
DA:10,1
DA:11,1
DA:13,1
DA:16,1
DA:20,0
LF:7
LH:6
BRF:0
BRH:0
end_of_record
TN:
SF:src/main/webapp/app/entities/exemplaire/exemplaire-update.component.html
FNF:0
FNH:0
DA:1,1
LF:1
LH:1
BRF:0
BRH:0
end_of_record
TN:
SF:src/main/webapp/app/entities/exemplaire/exemplaire-update.component.ts
FN:27,(anonymous_0)
FN:34,(anonymous_1)
FN:35,(anonymous_2)
FN:38,(anonymous_3)
FN:42,(anonymous_4)
FN:50,(anonymous_5)
FN:54,(anonymous_6)
FN:64,(anonymous_7)
FN:73,(anonymous_8)
FN:75,(anonymous_9)
FN:76,(anonymous_10)
FN:80,(anonymous_11)
FN:85,(anonymous_12)
FN:89,(anonymous_13)
FNF:14
FNH:8
FNDA:2,(anonymous_0)
FNDA:0,(anonymous_1)
FNDA:0,(anonymous_2)
FNDA:0,(anonymous_3)
FNDA:2,(anonymous_4)
FNDA:2,(anonymous_5)
FNDA:2,(anonymous_6)
FNDA:2,(anonymous_7)
FNDA:2,(anonymous_8)
FNDA:2,(anonymous_9)
FNDA:0,(anonymous_10)
FNDA:2,(anonymous_11)
FNDA:0,(anonymous_12)
FNDA:0,(anonymous_13)
DA:1,1
DA:4,1
DA:5,1
DA:8,1
DA:9,1
DA:11,1
DA:17,1
DA:18,2
DA:19,2
DA:21,2
DA:28,2
DA:29,2
DA:30,2
DA:31,2
DA:35,0
DA:36,0
DA:38,0
DA:43,2
DA:51,2
DA:55,2
DA:56,2
DA:57,2
DA:58,1
DA:60,1
DA:65,2
DA:74,2
DA:75,2
DA:76,0
DA:81,2
DA:82,2
DA:86,0
DA:90,0
LF:32
LH:26
BRDA:38,0,0,0
BRDA:38,0,1,0
BRDA:57,1,0,1
BRDA:57,1,1,1
BRF:4
BRH:2
end_of_record
TN:
SF:src/main/webapp/app/entities/exemplaire/exemplaire.component.html
FNF:0
FNH:0
DA:1,1
LF:1
LH:1
BRF:0
BRH:0
end_of_record
TN:
SF:src/main/webapp/app/entities/exemplaire/exemplaire.component.ts
FN:19,(anonymous_0)
FN:21,(anonymous_1)
FN:22,(anonymous_2)
FN:25,(anonymous_3)
FN:30,(anonymous_4)
FN:36,(anonymous_5)
FN:41,(anonymous_6)
FN:42,(anonymous_7)
FN:45,(anonymous_8)
FNF:9
FNH:5
FNDA:1,(anonymous_0)
FNDA:1,(anonymous_1)
FNDA:1,(anonymous_2)
FNDA:1,(anonymous_3)
FNDA:0,(anonymous_4)
FNDA:0,(anonymous_5)
FNDA:1,(anonymous_6)
FNDA:0,(anonymous_7)
FNDA:0,(anonymous_8)
DA:1,1
DA:4,1
DA:5,1
DA:8,1
DA:9,1
DA:15,1
DA:19,1
DA:22,1
DA:26,1
DA:27,1
DA:31,0
DA:32,0
DA:38,0
DA:42,1
DA:46,0
DA:47,0
LF:16
LH:11
BRDA:22,0,0,1
BRDA:22,0,1,0
BRDA:31,1,0,0
BRDA:31,1,1,0
BRF:4
BRH:1
end_of_record
TN:
SF:src/main/webapp/app/entities/exemplaire/exemplaire.service.ts
FN:16,(anonymous_0)
FN:18,(anonymous_1)
FN:22,(anonymous_2)
FN:26,(anonymous_3)
FN:30,(anonymous_4)
FN:35,(anonymous_5)
FNF:6
FNH:6
FNDA:12,(anonymous_0)
FNDA:1,(anonymous_1)
FNDA:1,(anonymous_2)
FNDA:1,(anonymous_3)
FNDA:1,(anonymous_4)
FNDA:1,(anonymous_5)
DA:1,5
DA:2,5
DA:5,5
DA:6,5
DA:13,5
DA:14,12
DA:16,12
DA:19,1
DA:23,1
DA:27,1
DA:31,1
DA:32,1
DA:36,1
LF:13
LH:13
BRF:0
BRH:0
end_of_record
TN:
SF:src/main/webapp/app/entities/livre/livre-delete-dialog.component.html
FNF:0
FNH:0
DA:1,2
LF:1
LH:1
BRF:0
BRH:0
end_of_record
TN:
SF:src/main/webapp/app/entities/livre/livre-delete-dialog.component.ts
FN:14,(anonymous_0)
FN:16,(anonymous_1)
FN:20,(anonymous_2)
FN:21,(anonymous_3)
FNF:4
FNH:4
FNDA:2,(anonymous_0)
FNDA:1,(anonymous_1)
FNDA:1,(anonymous_2)
FNDA:1,(anonymous_3)
DA:1,2
DA:2,2
DA:3,2
DA:6,2
DA:11,2
DA:14,2
DA:17,1
DA:21,1
DA:22,1
DA:23,1
LF:10
LH:10
BRF:0
BRH:0
end_of_record
TN:
SF:src/main/webapp/app/entities/livre/livre-detail.component.html
FNF:0
FNH:0
DA:1,1
LF:1
LH:1
BRF:0
BRH:0
end_of_record
TN:
SF:src/main/webapp/app/entities/livre/livre-detail.component.ts
FN:13,(anonymous_0)
FN:15,(anonymous_1)
FN:16,(anonymous_2)
FN:19,(anonymous_3)
FNF:4
FNH:3
FNDA:1,(anonymous_0)
FNDA:1,(anonymous_1)
FNDA:1,(anonymous_2)
FNDA:0,(anonymous_3)
DA:1,1
DA:2,1
DA:10,1
DA:11,1
DA:13,1
DA:16,1
DA:20,0
LF:7
LH:6
BRF:0
BRH:0
end_of_record
TN:
SF:src/main/webapp/app/entities/livre/livre-update.component.html
FNF:0
FNH:0
DA:1,1
LF:1
LH:1
BRF:0
BRH:0
end_of_record
TN:
SF:src/main/webapp/app/entities/livre/livre-update.component.ts
FN:31,(anonymous_0)
FN:38,(anonymous_1)
FN:39,(anonymous_2)
FN:45,(anonymous_3)
FN:49,(anonymous_4)
FN:56,(anonymous_5)
FN:60,(anonymous_6)
FN:66,(anonymous_7)
FN:77,(anonymous_8)
FN:81,(anonymous_9)
FN:91,(anonymous_10)
FN:103,(anonymous_11)
FN:105,(anonymous_12)
FN:106,(anonymous_13)
FN:110,(anonymous_14)
FN:115,(anonymous_15)
FN:119,(anonymous_16)
FNF:17
FNH:8
FNDA:2,(anonymous_0)
FNDA:0,(anonymous_1)
FNDA:0,(anonymous_2)
FNDA:0,(anonymous_3)
FNDA:0,(anonymous_4)
FNDA:0,(anonymous_5)
FNDA:0,(anonymous_6)
FNDA:2,(anonymous_7)
FNDA:2,(anonymous_8)
FNDA:2,(anonymous_9)
FNDA:2,(anonymous_10)
FNDA:2,(anonymous_11)
FNDA:2,(anonymous_12)
FNDA:0,(anonymous_13)
FNDA:2,(anonymous_14)
FNDA:0,(anonymous_15)
FNDA:0,(anonymous_16)
DA:1,1
DA:4,1
DA:5,1
DA:7,1
DA:9,1
DA:10,1
DA:12,1
DA:18,1
DA:19,2
DA:20,2
DA:22,2
DA:32,2
DA:33,2
DA:34,2
DA:35,2
DA:39,0
DA:40,0
DA:42,0
DA:46,0
DA:50,0
DA:51,0
DA:53,0
DA:57,0
DA:60,0
DA:67,2
DA:78,2
DA:82,2
DA:83,2
DA:84,2
DA:85,1
DA:87,1
DA:92,2
DA:104,2
DA:105,2
DA:106,0
DA:111,2
DA:112,2
DA:116,0
DA:120,0
LF:39
LH:27
BRDA:46,0,0,0
BRDA:46,0,1,0
BRDA:50,1,0,0
BRDA:50,1,1,0
BRDA:50,2,0,0
BRDA:50,2,1,0
BRDA:57,3,0,0
BRDA:57,3,1,0
BRDA:84,4,0,1
BRDA:84,4,1,1
BRF:10
BRH:2
end_of_record
TN:
SF:src/main/webapp/app/entities/livre/livre.component.html
FNF:0
FNH:0
DA:1,1
LF:1
LH:1
BRF:0
BRH:0
end_of_record
TN:
SF:src/main/webapp/app/entities/livre/livre.component.ts
FN:19,(anonymous_0)
FN:21,(anonymous_1)
FN:22,(anonymous_2)
FN:25,(anonymous_3)
FN:30,(anonymous_4)
FN:36,(anonymous_5)
FN:41,(anonymous_6)
FN:42,(anonymous_7)
FN:45,(anonymous_8)
FNF:9
FNH:5
FNDA:1,(anonymous_0)
FNDA:1,(anonymous_1)
FNDA:1,(anonymous_2)
FNDA:1,(anonymous_3)
FNDA:0,(anonymous_4)
FNDA:0,(anonymous_5)
FNDA:1,(anonymous_6)
FNDA:0,(anonymous_7)
FNDA:0,(anonymous_8)
DA:1,1
DA:4,1
DA:5,1
DA:8,1
DA:9,1
DA:15,1
DA:19,1
DA:22,1
DA:26,1
DA:27,1
DA:31,0
DA:32,0
DA:38,0
DA:42,1
DA:46,0
DA:47,0
LF:16
LH:11
BRDA:22,0,0,1
BRDA:22,0,1,0
BRDA:31,1,0,0
BRDA:31,1,1,0
BRF:4
BRH:1
end_of_record
TN:
SF:src/main/webapp/app/entities/livre/livre.service.ts
FN:16,(anonymous_0)
FN:18,(anonymous_1)
FN:22,(anonymous_2)
FN:26,(anonymous_3)
FN:30,(anonymous_4)
FN:35,(anonymous_5)
FNF:6
FNH:6
FNDA:16,(anonymous_0)
FNDA:1,(anonymous_1)
FNDA:1,(anonymous_2)
FNDA:1,(anonymous_3)
FNDA:1,(anonymous_4)
FNDA:1,(anonymous_5)
DA:1,7
DA:2,7
DA:5,7
DA:6,7
DA:13,7
DA:14,16
DA:16,16
DA:19,1
DA:23,1
DA:27,1
DA:31,1
DA:32,1
DA:36,1
LF:13
LH:13
BRF:0
BRH:0
end_of_record
TN:
SF:src/main/webapp/app/entities/theme/theme-delete-dialog.component.html
FNF:0
FNH:0
DA:1,2
LF:1
LH:1
BRF:0
BRH:0
end_of_record
TN:
SF:src/main/webapp/app/entities/theme/theme-delete-dialog.component.ts
FN:14,(anonymous_0)
FN:16,(anonymous_1)
FN:20,(anonymous_2)
FN:21,(anonymous_3)
FNF:4
FNH:4
FNDA:2,(anonymous_0)
FNDA:1,(anonymous_1)
FNDA:1,(anonymous_2)
FNDA:1,(anonymous_3)
DA:1,2
DA:2,2
DA:3,2
DA:6,2
DA:11,2
DA:14,2
DA:17,1
DA:21,1
DA:22,1
DA:23,1
LF:10
LH:10
BRF:0
BRH:0
end_of_record
TN:
SF:src/main/webapp/app/entities/theme/theme-detail.component.html
FNF:0
FNH:0
DA:1,1
LF:1
LH:1
BRF:0
BRH:0
end_of_record
TN:
SF:src/main/webapp/app/entities/theme/theme-detail.component.ts
FN:13,(anonymous_0)
FN:15,(anonymous_1)
FN:16,(anonymous_2)
FN:19,(anonymous_3)
FNF:4
FNH:3
FNDA:1,(anonymous_0)
FNDA:1,(anonymous_1)
FNDA:1,(anonymous_2)
FNDA:0,(anonymous_3)
DA:1,1
DA:2,1
DA:10,1
DA:11,1
DA:13,1
DA:16,1
DA:20,0
LF:7
LH:6
BRF:0
BRH:0
end_of_record
TN:
SF:src/main/webapp/app/entities/theme/theme-update.component.html
FNF:0
FNH:0
DA:1,1
LF:1
LH:1
BRF:0
BRH:0
end_of_record
TN:
SF:src/main/webapp/app/entities/theme/theme-update.component.ts
FN:27,(anonymous_0)
FN:34,(anonymous_1)
FN:35,(anonymous_2)
FN:38,(anonymous_3)
FN:42,(anonymous_4)
FN:50,(anonymous_5)
FN:54,(anonymous_6)
FN:64,(anonymous_7)
FN:73,(anonymous_8)
FN:75,(anonymous_9)
FN:76,(anonymous_10)
FN:80,(anonymous_11)
FN:85,(anonymous_12)
FN:89,(anonymous_13)
FN:93,(anonymous_14)
FNF:15
FNH:8
FNDA:2,(anonymous_0)
FNDA:0,(anonymous_1)
FNDA:0,(anonymous_2)
FNDA:0,(anonymous_3)
FNDA:2,(anonymous_4)
FNDA:2,(anonymous_5)
FNDA:2,(anonymous_6)
FNDA:2,(anonymous_7)
FNDA:2,(anonymous_8)
FNDA:2,(anonymous_9)
FNDA:0,(anonymous_10)
FNDA:2,(anonymous_11)
FNDA:0,(anonymous_12)
FNDA:0,(anonymous_13)
FNDA:0,(anonymous_14)
DA:1,1
DA:4,1
DA:5,1
DA:8,1
DA:9,1
DA:11,1
DA:17,1
DA:18,2
DA:19,2
DA:21,2
DA:28,2
DA:29,2
DA:30,2
DA:31,2
DA:35,0
DA:36,0
DA:38,0
DA:43,2
DA:51,2
DA:55,2
DA:56,2
DA:57,2
DA:58,1
DA:60,1
DA:65,2
DA:74,2
DA:75,2
DA:76,0
DA:81,2
DA:82,2
DA:86,0
DA:90,0
DA:94,0
DA:95,0
DA:96,0
DA:97,0
DA:101,0
LF:37
LH:26
BRDA:38,0,0,0
BRDA:38,0,1,0
BRDA:57,1,0,1
BRDA:57,1,1,1
BRDA:94,2,0,0
BRDA:94,2,1,0
BRDA:96,3,0,0
BRDA:96,3,1,0
BRF:8
BRH:2
end_of_record
TN:
SF:src/main/webapp/app/entities/theme/theme.component.html
FNF:0
FNH:0
DA:1,1
LF:1
LH:1
BRF:0
BRH:0
end_of_record
TN:
SF:src/main/webapp/app/entities/theme/theme.component.ts
FN:19,(anonymous_0)
FN:21,(anonymous_1)
FN:22,(anonymous_2)
FN:25,(anonymous_3)
FN:30,(anonymous_4)
FN:36,(anonymous_5)
FN:41,(anonymous_6)
FN:42,(anonymous_7)
FN:45,(anonymous_8)
FNF:9
FNH:5
FNDA:1,(anonymous_0)
FNDA:1,(anonymous_1)
FNDA:1,(anonymous_2)
FNDA:1,(anonymous_3)
FNDA:0,(anonymous_4)
FNDA:0,(anonymous_5)
FNDA:1,(anonymous_6)
FNDA:0,(anonymous_7)
FNDA:0,(anonymous_8)
DA:1,1
DA:4,1
DA:5,1
DA:8,1
DA:9,1
DA:15,1
DA:19,1
DA:22,1
DA:26,1
DA:27,1
DA:31,0
DA:32,0
DA:38,0
DA:42,1
DA:46,0
DA:47,0
LF:16
LH:11
BRDA:22,0,0,1
BRDA:22,0,1,0
BRDA:31,1,0,0
BRDA:31,1,1,0
BRF:4
BRH:1
end_of_record
TN:
SF:src/main/webapp/app/entities/theme/theme.service.ts
FN:16,(anonymous_0)
FN:18,(anonymous_1)
FN:22,(anonymous_2)
FN:26,(anonymous_3)
FN:30,(anonymous_4)
FN:35,(anonymous_5)
FNF:6
FNH:6
FNDA:10,(anonymous_0)
FNDA:1,(anonymous_1)
FNDA:1,(anonymous_2)
FNDA:1,(anonymous_3)
FNDA:1,(anonymous_4)
FNDA:1,(anonymous_5)
DA:1,4
DA:2,4
DA:5,4
DA:6,4
DA:13,4
DA:14,10
DA:16,10
DA:19,1
DA:23,1
DA:27,1
DA:31,1
DA:32,1
DA:36,1
LF:13
LH:13
BRF:0
BRH:0
end_of_record
TN:
SF:src/main/webapp/app/home/home.component.html
FNF:0
FNH:0
DA:1,1
LF:1
LH:1
BRF:0
BRH:0
end_of_record
TN:
SF:src/main/webapp/app/home/home.component.ts
FN:17,(anonymous_0)
FN:19,(anonymous_1)
FN:20,(anonymous_2)
FN:23,(anonymous_3)
FN:27,(anonymous_4)
FN:31,(anonymous_5)
FNF:6
FNH:6
FNDA:3,(anonymous_0)
FNDA:1,(anonymous_1)
FNDA:1,(anonymous_2)
FNDA:1,(anonymous_3)
FNDA:1,(anonymous_4)
FNDA:2,(anonymous_5)
DA:1,1
DA:4,1
DA:5,1
DA:13,1
DA:14,3
DA:17,3
DA:20,1
DA:24,1
DA:28,1
DA:32,2
DA:33,1
LF:11
LH:11
BRDA:32,0,0,1
BRDA:32,0,1,1
BRF:2
BRH:2
end_of_record
TN:
SF:src/main/webapp/app/layouts/main/main.component.html
FNF:0
FNH:0
DA:1,1
LF:1
LH:1
BRF:0
BRH:0
end_of_record
TN:
SF:src/main/webapp/app/layouts/main/main.component.ts
FN:15,(anonymous_0)
FN:25,(anonymous_1)
FN:29,(anonymous_2)
FN:38,(anonymous_3)
FN:45,(anonymous_4)
FN:53,(anonymous_5)
FN:58,(anonymous_6)
FNF:7
FNH:7
FNDA:10,(anonymous_0)
FNDA:10,(anonymous_1)
FNDA:15,(anonymous_2)
FNDA:5,(anonymous_3)
FNDA:29,(anonymous_4)
FNDA:20,(anonymous_5)
FNDA:20,(anonymous_6)
DA:1,1
DA:2,1
DA:3,1
DA:4,1
DA:6,1
DA:12,1
DA:16,10
DA:17,10
DA:18,10
DA:19,10
DA:22,10
DA:27,10
DA:29,10
DA:30,15
DA:31,15
DA:33,15
DA:34,0
DA:38,10
DA:39,5
DA:41,5
DA:46,29
DA:47,29
DA:48,9
DA:50,29
DA:54,20
DA:55,20
DA:56,6
DA:58,20
LF:28
LH:27
BRDA:30,0,0,15
BRDA:30,0,1,0
BRDA:33,1,0,0
BRDA:33,1,1,15
BRDA:33,2,0,15
BRDA:33,2,1,0
BRDA:46,3,0,18
BRDA:46,3,1,11
BRDA:46,4,0,29
BRDA:46,4,1,21
BRDA:47,5,0,9
BRDA:47,5,1,20
BRDA:48,6,0,9
BRDA:48,6,1,5
BRDA:55,7,0,6
BRDA:55,7,1,14
BRF:16
BRH:13
end_of_record
TN:
SF:src/main/webapp/app/layouts/navbar/navbar.component.html
FNF:0
FNH:0
DA:1,1
LF:1
LH:1
BRF:0
BRH:0
end_of_record
TN:
SF:src/main/webapp/app/layouts/navbar/navbar.component.ts
FN:25,(anonymous_0)
FN:37,(anonymous_1)
FN:38,(anonymous_2)
FN:44,(anonymous_3)
FN:49,(anonymous_4)
FN:53,(anonymous_5)
FN:57,(anonymous_6)
FN:61,(anonymous_7)
FN:67,(anonymous_8)
FN:71,(anonymous_9)
FNF:10
FNH:4
FNDA:2,(anonymous_0)
FNDA:1,(anonymous_1)
FNDA:1,(anonymous_2)
FNDA:0,(anonymous_3)
FNDA:0,(anonymous_4)
FNDA:1,(anonymous_5)
FNDA:0,(anonymous_6)
FNDA:0,(anonymous_7)
FNDA:0,(anonymous_8)
FNDA:0,(anonymous_9)
DA:1,1
DA:2,1
DA:3,1
DA:4,1
DA:6,1
DA:7,1
DA:8,1
DA:9,1
DA:10,1
DA:11,1
DA:18,1
DA:20,2
DA:21,2
DA:26,2
DA:27,2
DA:28,2
DA:29,2
DA:30,2
DA:31,2
DA:32,2
DA:34,2
DA:38,1
DA:39,1
DA:40,1
DA:45,0
DA:46,0
DA:50,0
DA:54,1
DA:58,0
DA:62,0
DA:63,0
DA:64,0
DA:68,0
DA:72,0
LF:34
LH:25
BRDA:34,0,0,0
BRDA:34,0,1,2
BRDA:34,1,0,0
BRDA:34,1,1,0
BRDA:72,2,0,0
BRDA:72,2,1,0
BRF:6
BRH:1
end_of_record
TN:
SF:src/main/webapp/app/layouts/profiles/profile-info.model.ts
FN:9,(anonymous_0)
FNF:1
FNH:1
FNDA:1,(anonymous_0)
DA:8,1
DA:10,1
DA:11,1
DA:12,1
DA:13,1
LF:5
LH:5
BRF:0
BRH:0
end_of_record
TN:
SF:src/main/webapp/app/layouts/profiles/profile.service.ts
FN:14,(anonymous_0)
FN:16,(anonymous_1)
FN:22,(anonymous_2)
FN:31,(anonymous_3)
FNF:4
FNH:1
FNDA:2,(anonymous_0)
FNDA:0,(anonymous_1)
FNDA:0,(anonymous_2)
FNDA:0,(anonymous_3)
DA:1,1
DA:2,1
DA:3,1
DA:6,1
DA:10,1
DA:11,2
DA:14,2
DA:17,0
DA:18,0
DA:21,0
DA:23,0
DA:28,0
DA:29,0
DA:30,0
DA:31,0
DA:33,0
DA:34,0
DA:37,0
DA:41,0
LF:19
LH:7
BRDA:17,0,0,0
BRDA:17,0,1,0
BRDA:25,1,0,0
BRDA:25,1,1,0
BRDA:26,2,0,0
BRDA:26,2,1,0
BRDA:28,3,0,0
BRDA:28,3,1,0
BRDA:28,4,0,0
BRDA:28,4,1,0
BRDA:31,5,0,0
BRDA:31,5,1,0
BRDA:33,6,0,0
BRDA:33,6,1,0
BRF:14
BRH:0
end_of_record
TN:
SF:src/main/webapp/app/shared/alert/alert-error.component.ts
FN:24,(anonymous_0)
FN:25,(anonymous_1)
FN:30,(anonymous_2)
FN:42,(anonymous_3)
FN:85,(anonymous_4)
FN:93,(anonymous_5)
FN:102,(anonymous_6)
FN:117,(anonymous_7)
FNF:8
FNH:5
FNDA:7,(anonymous_0)
FNDA:0,(anonymous_1)
FNDA:8,(anonymous_2)
FNDA:2,(anonymous_3)
FNDA:0,(anonymous_4)
FNDA:6,(anonymous_5)
FNDA:8,(anonymous_6)
FNDA:0,(anonymous_7)
DA:1,1
DA:3,1
DA:4,1
DA:19,1
DA:20,7
DA:24,7
DA:25,7
DA:26,0
DA:27,0
DA:30,7
DA:31,8
DA:32,8
DA:35,1
DA:36,1
DA:39,4
DA:40,4
DA:41,4
DA:42,4
DA:43,2
DA:44,1
DA:45,1
DA:46,1
DA:49,4
DA:50,1
DA:51,1
DA:52,3
DA:53,1
DA:54,1
DA:55,1
DA:56,1
DA:59,1
DA:60,1
DA:61,1
DA:63,2
DA:64,1
DA:66,1
DA:68,4
DA:72,1
DA:73,1
DA:76,2
DA:77,1
DA:79,1
DA:86,0
DA:87,0
DA:88,0
DA:90,0
DA:94,6
DA:95,6
DA:97,6
DA:98,6
DA:103,8
DA:105,8
DA:114,8
DA:119,0
LF:54
LH:47
BRDA:34,0,0,1
BRDA:34,0,1,4
BRDA:34,0,2,1
BRDA:34,0,3,2
BRDA:43,1,0,1
BRDA:43,1,1,1
BRDA:45,2,0,1
BRDA:45,2,1,0
BRDA:49,3,0,1
BRDA:49,3,1,3
BRDA:52,4,0,1
BRDA:52,4,1,2
BRDA:52,5,0,3
BRDA:52,5,1,3
BRDA:55,6,0,1
BRDA:55,6,1,0
BRDA:63,7,0,1
BRDA:63,7,1,1
BRDA:63,8,0,2
BRDA:63,8,1,2
BRDA:76,9,0,1
BRDA:76,9,1,1
BRDA:76,10,0,2
BRDA:76,10,1,2
BRDA:87,11,0,0
BRDA:87,11,1,0
BRDA:94,12,0,6
BRDA:94,12,1,0
BRDA:97,13,0,6
BRDA:97,13,1,0
BRDA:103,14,0,5
BRDA:103,14,1,3
BRDA:103,15,0,8
BRDA:103,15,1,5
BRDA:119,16,0,0
BRDA:119,16,1,0
BRDA:119,17,0,0
BRDA:119,17,1,0
BRF:38
BRH:28
end_of_record
TN:
SF:src/main/webapp/app/shared/alert/alert.component.ts
FN:17,(anonymous_0)
FN:19,(anonymous_1)
FN:23,(anonymous_2)
FN:31,(anonymous_3)
FN:35,(anonymous_4)
FNF:5
FNH:3
FNDA:2,(anonymous_0)
FNDA:1,(anonymous_1)
FNDA:0,(anonymous_2)
FNDA:2,(anonymous_3)
FNDA:0,(anonymous_4)
DA:1,1
DA:2,1
DA:14,1
DA:15,2
DA:17,2
DA:20,1
DA:24,0
DA:25,0
DA:26,0
DA:28,0
DA:32,2
DA:37,0
LF:12
LH:7
BRDA:25,0,0,0
BRDA:25,0,1,0
BRDA:37,1,0,0
BRDA:37,1,1,0
BRDA:37,2,0,0
BRDA:37,2,1,0
BRF:6
BRH:0
end_of_record
TN:
SF:src/main/webapp/app/shared/constants/authority.constants.ts
FN:1,(anonymous_0)
FNF:1
FNH:1
FNDA:4,(anonymous_0)
DA:1,4
DA:2,4
DA:3,4
LF:3
LH:3
BRDA:1,0,0,4
BRDA:1,0,1,4
BRF:2
BRH:2
end_of_record
TN:
SF:src/main/webapp/app/shared/constants/error.constants.ts
FNF:0
FNH:0
DA:1,1
DA:2,1
DA:3,1
LF:3
LH:3
BRF:0
BRH:0
end_of_record
TN:
SF:src/main/webapp/app/shared/constants/input.constants.ts
FNF:0
FNH:0
DA:1,4
DA:2,4
LF:2
LH:2
BRF:0
BRH:0
end_of_record
TN:
SF:src/main/webapp/app/shared/constants/pagination.constants.ts
FNF:0
FNH:0
DA:1,2
LF:1
LH:1
BRF:0
BRH:0
end_of_record
TN:
SF:src/main/webapp/app/shared/login/login.component.html
FNF:0
FNH:0
DA:1,46
LF:1
LH:1
BRF:0
BRH:0
end_of_record
TN:
SF:src/main/webapp/app/shared/login/login.component.ts
FN:24,(anonymous_0)
FN:26,(anonymous_1)
FN:32,(anonymous_2)
FN:41,(anonymous_3)
FN:49,(anonymous_4)
FN:60,(anonymous_5)
FN:64,(anonymous_6)
FN:69,(anonymous_7)
FNF:8
FNH:6
FNDA:4,(anonymous_0)
FNDA:0,(anonymous_1)
FNDA:1,(anonymous_2)
FNDA:1,(anonymous_3)
FNDA:1,(anonymous_4)
FNDA:0,(anonymous_5)
FNDA:1,(anonymous_6)
FNDA:1,(anonymous_7)
DA:1,46
DA:2,46
DA:3,46
DA:4,46
DA:6,46
DA:12,46
DA:14,46
DA:16,4
DA:18,4
DA:24,4
DA:27,0
DA:28,0
DA:33,1
DA:34,1
DA:38,1
DA:42,1
DA:50,1
DA:51,1
DA:52,1
DA:57,0
DA:60,0
DA:65,1
DA:66,1
DA:70,1
DA:71,1
LF:25
LH:21
BRDA:27,0,0,0
BRDA:27,0,1,0
BRDA:52,1,0,0
BRDA:52,1,1,1
BRDA:53,2,0,1
BRDA:53,2,1,1
BRDA:53,2,2,1
BRF:7
BRH:4
end_of_record
TN:
SF:src/main/webapp/app/shared/model/auteur.model.ts
FN:10,(anonymous_0)
FNF:1
FNH:1
FNDA:12,(anonymous_0)
DA:9,4
DA:10,12
LF:2
LH:2
BRF:0
BRH:0
end_of_record
TN:
SF:src/main/webapp/app/shared/model/emplacement.model.ts
FN:7,(anonymous_0)
FNF:1
FNH:1
FNDA:12,(anonymous_0)
DA:6,4
DA:7,12
LF:2
LH:2
BRF:0
BRH:0
end_of_record
TN:
SF:src/main/webapp/app/shared/model/emprunt.model.ts
FN:13,(anonymous_0)
FNF:1
FNH:1
FNDA:12,(anonymous_0)
DA:12,4
DA:13,12
LF:2
LH:2
BRF:0
BRH:0
end_of_record
TN:
SF:src/main/webapp/app/shared/model/exemplaire.model.ts
FN:10,(anonymous_0)
FNF:1
FNH:1
FNDA:12,(anonymous_0)
DA:9,4
DA:10,12
DA:11,12
LF:3
LH:3
BRDA:11,0,0,12
BRDA:11,0,1,12
BRF:2
BRH:2
end_of_record
TN:
SF:src/main/webapp/app/shared/model/livre.model.ts
FN:19,(anonymous_0)
FNF:1
FNH:1
FNDA:12,(anonymous_0)
DA:18,4
DA:20,12
DA:21,12
DA:22,12
DA:23,12
DA:24,12
DA:25,12
DA:26,12
DA:27,12
DA:28,12
LF:10
LH:10
BRF:0
BRH:0
end_of_record
TN:
SF:src/main/webapp/app/shared/model/theme.model.ts
FN:10,(anonymous_0)
FNF:1
FNH:1
FNDA:12,(anonymous_0)
DA:9,4
DA:10,12
LF:2
LH:2
BRF:0
BRH:0
end_of_record
TN:
SF:src/main/webapp/app/shared/util/request-util.ts
FN:15,(anonymous_0)
FN:19,(anonymous_1)
FN:26,(anonymous_2)
FNF:3
FNH:3
FNDA:50,(anonymous_0)
FNDA:220,(anonymous_1)
FNDA:59,(anonymous_2)
DA:1,30
DA:15,30
DA:16,50
DA:18,50
DA:19,44
DA:20,220
DA:21,176
DA:25,44
DA:26,44
DA:27,59
DA:32,50
LF:11
LH:11
BRDA:18,0,0,44
BRDA:18,0,1,6
BRDA:20,1,0,176
BRDA:20,1,1,44
BRDA:25,2,0,44
BRDA:25,2,1,0
BRF:6
BRH:5
end_of_record
